[INFO] Scanning for projects...
[WARNING] 
[WARNING] Some problems were encountered while building the effective model for commons-codec:commons-codec:jar:1.18.1
[WARNING] 'build.plugins.plugin.(groupId:artifactId)' must be unique but found duplicate declaration of plugin org.apache.maven.plugins:maven-surefire-plugin @ line 255, column 15
[WARNING] 
[WARNING] It is highly recommended to fix these problems because they threaten the stability of your build.
[WARNING] 
[WARNING] For this reason, future Maven versions might no longer support building such malformed projects.
[WARNING] 
[INFO] 
[INFO] --------------------< commons-codec:commons-codec >---------------------
[INFO] Building Apache Commons Codec 1.18.1
[INFO]   from pom.xml
[INFO] --------------------------------[ jar ]---------------------------------
Downloading from central: https://repo.maven.apache.org/maven2/org/apache/maven/plugins/maven-checkstyle-plugin/maven-metadata.xml
Progress (1): 1.4 kB                    Downloaded from central: https://repo.maven.apache.org/maven2/org/apache/maven/plugins/maven-checkstyle-plugin/maven-metadata.xml (1.4 kB at 5.4 kB/s)
[WARNING] Could not transfer metadata org.apache.maven.plugins:maven-checkstyle-plugin/maven-metadata.xml from/to maven-default-http-blocker (http://0.0.0.0/): Blocked mirror for repositories: [EvoSuite (http://www.evosuite.org/m2, default, releases+snapshots)]
[INFO] 
[INFO] --- clean:3.2.0:clean (default-clean) @ commons-codec ---
[INFO] Deleting /Users/dianshuliao/Documents/Research/Knowledge_Distillation_for_LLM_Test_Gen/UnitTestGeneration/saved_data/TenJavaProjects/commons-codec-master/target
[INFO] 
[INFO] --- jacoco:0.8.8:prepare-agent (prepare-agent) @ commons-codec ---
[INFO] argLine set to -javaagent:/Users/dianshuliao/.m2/repository/org/jacoco/org.jacoco.agent/0.8.8/org.jacoco.agent-0.8.8-runtime.jar=destfile=/Users/dianshuliao/Documents/Research/Knowledge_Distillation_for_LLM_Test_Gen/UnitTestGeneration/saved_data/TenJavaProjects/commons-codec-master/target/jacoco.exec
[INFO] 
[INFO] --- resources:3.3.1:resources (default-resources) @ commons-codec ---
[INFO] Copying 128 resources from src/main/resources to target/classes
[INFO] 
[INFO] --- compiler:3.13.0:compile (default-compile) @ commons-codec ---
[INFO] Recompiling the module because of changed source code.
[INFO] Compiling 80 source files with javac [debug target 1.8] to target/classes
[INFO] 
[INFO] --- resources:3.3.1:testResources (default-testResources) @ commons-codec ---
[INFO] Copying 4 resources from src/test/resources to target/test-classes
[INFO] 
[INFO] --- compiler:3.13.0:testCompile (default-testCompile) @ commons-codec ---
[INFO] Recompiling the module because of changed dependency.
[INFO] Compiling 103 source files with javac [debug target 1.8] to target/test-classes
[INFO] /Users/dianshuliao/Documents/Research/Knowledge_Distillation_for_LLM_Test_Gen/UnitTestGeneration/saved_data/TenJavaProjects/commons-codec-master/src/test/java/org/apache/commons/codec/language/language_Caverphone_encode_Object_Test.java: Some input files use or override a deprecated API.
[INFO] /Users/dianshuliao/Documents/Research/Knowledge_Distillation_for_LLM_Test_Gen/UnitTestGeneration/saved_data/TenJavaProjects/commons-codec-master/src/test/java/org/apache/commons/codec/language/language_Caverphone_encode_Object_Test.java: Recompile with -Xlint:deprecation for details.
[INFO] 
[INFO] --- surefire:3.2.5:test (default-test) @ commons-codec ---
[INFO] Using configured provider org.apache.maven.surefire.junitplatform.JUnitPlatformProvider
[INFO] 
[INFO] -------------------------------------------------------
[INFO]  T E S T S
[INFO] -------------------------------------------------------
[INFO] Running org.apache.commons.codec.net.net_QuotedPrintableCodec_encode_String_Charset_Test
[INFO] Tests run: 3, Failures: 0, Errors: 0, Skipped: 0, Time elapsed: 0.099 s -- in org.apache.commons.codec.net.net_QuotedPrintableCodec_encode_String_Charset_Test
[INFO] Running org.apache.commons.codec.net.net_BCodec_encode_String_String_Test
[ERROR] Tests run: 2, Failures: 1, Errors: 0, Skipped: 0, Time elapsed: 0.037 s <<< FAILURE! -- in org.apache.commons.codec.net.net_BCodec_encode_String_String_Test
[ERROR] org.apache.commons.codec.net.net_BCodec_encode_String_String_Test.testEncode_UnsupportedCharset -- Time elapsed: 0.018 s <<< FAILURE!
org.junit.ComparisonFailure: expected:<[Unsupported charset: ]INVALID_CHARSET> but was:<[]INVALID_CHARSET>
	at org.junit.Assert.assertEquals(Assert.java:115)
	at org.junit.Assert.assertEquals(Assert.java:144)
	at org.apache.commons.codec.net.net_BCodec_encode_String_String_Test.testEncode_UnsupportedCharset(net_BCodec_encode_String_String_Test.java:24)
	at sun.reflect.NativeMethodAccessorImpl.invoke0(Native Method)
	at sun.reflect.NativeMethodAccessorImpl.invoke(NativeMethodAccessorImpl.java:62)
	at sun.reflect.DelegatingMethodAccessorImpl.invoke(DelegatingMethodAccessorImpl.java:43)
	at java.lang.reflect.Method.invoke(Method.java:498)
	at org.junit.runners.model.FrameworkMethod$1.runReflectiveCall(FrameworkMethod.java:50)
	at org.junit.internal.runners.model.ReflectiveCallable.run(ReflectiveCallable.java:12)
	at org.junit.runners.model.FrameworkMethod.invokeExplosively(FrameworkMethod.java:47)
	at org.junit.internal.runners.statements.InvokeMethod.evaluate(InvokeMethod.java:17)
	at org.junit.internal.runners.statements.FailOnTimeout$CallableStatement.call(FailOnTimeout.java:298)
	at org.junit.internal.runners.statements.FailOnTimeout$CallableStatement.call(FailOnTimeout.java:292)
	at java.util.concurrent.FutureTask.run(FutureTask.java:266)
	at java.lang.Thread.run(Thread.java:748)

[INFO] Running org.apache.commons.codec.net.net_PercentCodec_doEncode_byte_____int_boolean_Test
[ERROR] Tests run: 4, Failures: 0, Errors: 2, Skipped: 0, Time elapsed: 0.011 s <<< FAILURE! -- in org.apache.commons.codec.net.net_PercentCodec_doEncode_byte_____int_boolean_Test
[ERROR] org.apache.commons.codec.net.net_PercentCodec_doEncode_byte_____int_boolean_Test.testDoEncodeWithInvalidExpectedLength -- Time elapsed: 0.002 s <<< ERROR!
java.lang.RuntimeException: java.lang.reflect.InvocationTargetException
	at org.apache.commons.codec.net.net_PercentCodec_doEncode_byte_____int_boolean_Test.invokeDoEncode(net_PercentCodec_doEncode_byte_____int_boolean_Test.java:68)
	at org.apache.commons.codec.net.net_PercentCodec_doEncode_byte_____int_boolean_Test.testDoEncodeWithInvalidExpectedLength(net_PercentCodec_doEncode_byte_____int_boolean_Test.java:53)
	at sun.reflect.NativeMethodAccessorImpl.invoke0(Native Method)
	at sun.reflect.NativeMethodAccessorImpl.invoke(NativeMethodAccessorImpl.java:62)
	at sun.reflect.DelegatingMethodAccessorImpl.invoke(DelegatingMethodAccessorImpl.java:43)
	at java.lang.reflect.Method.invoke(Method.java:498)
	at org.junit.runners.model.FrameworkMethod$1.runReflectiveCall(FrameworkMethod.java:50)
	at org.junit.internal.runners.model.ReflectiveCallable.run(ReflectiveCallable.java:12)
	at org.junit.runners.model.FrameworkMethod.invokeExplosively(FrameworkMethod.java:47)
	at org.junit.internal.runners.statements.InvokeMethod.evaluate(InvokeMethod.java:17)
	at org.junit.internal.runners.statements.FailOnTimeout$CallableStatement.call(FailOnTimeout.java:298)
	at org.junit.internal.runners.statements.FailOnTimeout$CallableStatement.call(FailOnTimeout.java:292)
	at java.util.concurrent.FutureTask.run(FutureTask.java:266)
	at java.lang.Thread.run(Thread.java:748)
Caused by: java.lang.reflect.InvocationTargetException
	at sun.reflect.NativeMethodAccessorImpl.invoke0(Native Method)
	at sun.reflect.NativeMethodAccessorImpl.invoke(NativeMethodAccessorImpl.java:62)
	at sun.reflect.DelegatingMethodAccessorImpl.invoke(DelegatingMethodAccessorImpl.java:43)
	at java.lang.reflect.Method.invoke(Method.java:498)
	at org.apache.commons.codec.net.net_PercentCodec_doEncode_byte_____int_boolean_Test.invokeDoEncode(net_PercentCodec_doEncode_byte_____int_boolean_Test.java:66)
	... 13 more
Caused by: java.lang.IllegalArgumentException
	at java.nio.ByteBuffer.allocate(ByteBuffer.java:334)
	at org.apache.commons.codec.net.PercentCodec.doEncode(PercentCodec.java:146)
	... 18 more

[ERROR] org.apache.commons.codec.net.net_PercentCodec_doEncode_byte_____int_boolean_Test.testDoEncodeWithNullInput -- Time elapsed: 0.001 s <<< ERROR!
java.lang.RuntimeException: java.lang.reflect.InvocationTargetException
	at org.apache.commons.codec.net.net_PercentCodec_doEncode_byte_____int_boolean_Test.invokeDoEncode(net_PercentCodec_doEncode_byte_____int_boolean_Test.java:68)
	at org.apache.commons.codec.net.net_PercentCodec_doEncode_byte_____int_boolean_Test.testDoEncodeWithNullInput(net_PercentCodec_doEncode_byte_____int_boolean_Test.java:39)
	at sun.reflect.NativeMethodAccessorImpl.invoke0(Native Method)
	at sun.reflect.NativeMethodAccessorImpl.invoke(NativeMethodAccessorImpl.java:62)
	at sun.reflect.DelegatingMethodAccessorImpl.invoke(DelegatingMethodAccessorImpl.java:43)
	at java.lang.reflect.Method.invoke(Method.java:498)
	at org.junit.runners.model.FrameworkMethod$1.runReflectiveCall(FrameworkMethod.java:50)
	at org.junit.internal.runners.model.ReflectiveCallable.run(ReflectiveCallable.java:12)
	at org.junit.runners.model.FrameworkMethod.invokeExplosively(FrameworkMethod.java:47)
	at org.junit.internal.runners.statements.InvokeMethod.evaluate(InvokeMethod.java:17)
	at org.junit.internal.runners.statements.FailOnTimeout$CallableStatement.call(FailOnTimeout.java:298)
	at org.junit.internal.runners.statements.FailOnTimeout$CallableStatement.call(FailOnTimeout.java:292)
	at java.util.concurrent.FutureTask.run(FutureTask.java:266)
	at java.lang.Thread.run(Thread.java:748)
Caused by: java.lang.reflect.InvocationTargetException
	at sun.reflect.NativeMethodAccessorImpl.invoke0(Native Method)
	at sun.reflect.NativeMethodAccessorImpl.invoke(NativeMethodAccessorImpl.java:62)
	at sun.reflect.DelegatingMethodAccessorImpl.invoke(DelegatingMethodAccessorImpl.java:43)
	at java.lang.reflect.Method.invoke(Method.java:498)
	at org.apache.commons.codec.net.net_PercentCodec_doEncode_byte_____int_boolean_Test.invokeDoEncode(net_PercentCodec_doEncode_byte_____int_boolean_Test.java:66)
	... 13 more
Caused by: java.lang.NullPointerException
	at org.apache.commons.codec.net.PercentCodec.doEncode(PercentCodec.java:147)
	... 18 more

[INFO] Running org.apache.commons.codec.net.net_QCodec_decode_String_Test
[ERROR] Tests run: 2, Failures: 0, Errors: 1, Skipped: 0, Time elapsed: 0.004 s <<< FAILURE! -- in org.apache.commons.codec.net.net_QCodec_decode_String_Test
[ERROR] org.apache.commons.codec.net.net_QCodec_decode_String_Test.testDecode_ValidInput -- Time elapsed: 0.002 s <<< ERROR!
org.apache.commons.codec.DecoderException: RFC 1522 violation: malformed encoded content
	at org.apache.commons.codec.net.RFC1522Codec.decodeText(RFC1522Codec.java:84)
	at org.apache.commons.codec.net.QCodec.decode(QCodec.java:178)
	at org.apache.commons.codec.net.net_QCodec_decode_String_Test.testDecode_ValidInput(net_QCodec_decode_String_Test.java:15)
	at sun.reflect.NativeMethodAccessorImpl.invoke0(Native Method)
	at sun.reflect.NativeMethodAccessorImpl.invoke(NativeMethodAccessorImpl.java:62)
	at sun.reflect.DelegatingMethodAccessorImpl.invoke(DelegatingMethodAccessorImpl.java:43)
	at java.lang.reflect.Method.invoke(Method.java:498)
	at org.junit.runners.model.FrameworkMethod$1.runReflectiveCall(FrameworkMethod.java:50)
	at org.junit.internal.runners.model.ReflectiveCallable.run(ReflectiveCallable.java:12)
	at org.junit.runners.model.FrameworkMethod.invokeExplosively(FrameworkMethod.java:47)
	at org.junit.internal.runners.statements.InvokeMethod.evaluate(InvokeMethod.java:17)
	at org.junit.internal.runners.statements.FailOnTimeout$CallableStatement.call(FailOnTimeout.java:298)
	at org.junit.internal.runners.statements.FailOnTimeout$CallableStatement.call(FailOnTimeout.java:292)
	at java.util.concurrent.FutureTask.run(FutureTask.java:266)
	at java.lang.Thread.run(Thread.java:748)

[INFO] Running org.apache.commons.codec.net.net_BCodec_isStrictDecoding__Test
[ERROR] Tests run: 2, Failures: 1, Errors: 0, Skipped: 0, Time elapsed: 0.010 s <<< FAILURE! -- in org.apache.commons.codec.net.net_BCodec_isStrictDecoding__Test
[ERROR] org.apache.commons.codec.net.net_BCodec_isStrictDecoding__Test.testIsStrictDecodingWhenStrict -- Time elapsed: 0.004 s <<< FAILURE!
java.lang.AssertionError
	at org.junit.Assert.fail(Assert.java:86)
	at org.junit.Assert.assertTrue(Assert.java:41)
	at org.junit.Assert.assertTrue(Assert.java:52)
	at org.apache.commons.codec.net.net_BCodec_isStrictDecoding__Test.testIsStrictDecodingWhenStrict(net_BCodec_isStrictDecoding__Test.java:13)
	at sun.reflect.NativeMethodAccessorImpl.invoke0(Native Method)
	at sun.reflect.NativeMethodAccessorImpl.invoke(NativeMethodAccessorImpl.java:62)
	at sun.reflect.DelegatingMethodAccessorImpl.invoke(DelegatingMethodAccessorImpl.java:43)
	at java.lang.reflect.Method.invoke(Method.java:498)
	at org.junit.runners.model.FrameworkMethod$1.runReflectiveCall(FrameworkMethod.java:50)
	at org.junit.internal.runners.model.ReflectiveCallable.run(ReflectiveCallable.java:12)
	at org.junit.runners.model.FrameworkMethod.invokeExplosively(FrameworkMethod.java:47)
	at org.junit.internal.runners.statements.InvokeMethod.evaluate(InvokeMethod.java:17)
	at org.junit.internal.runners.statements.FailOnTimeout$CallableStatement.call(FailOnTimeout.java:298)
	at org.junit.internal.runners.statements.FailOnTimeout$CallableStatement.call(FailOnTimeout.java:292)
	at java.util.concurrent.FutureTask.run(FutureTask.java:266)
	at java.lang.Thread.run(Thread.java:748)

[INFO] Running org.apache.commons.codec.net.net_URLCodec_encode_String_Test
[ERROR] Tests run: 3, Failures: 1, Errors: 0, Skipped: 0, Time elapsed: 0.011 s <<< FAILURE! -- in org.apache.commons.codec.net.net_URLCodec_encode_String_Test
[ERROR] org.apache.commons.codec.net.net_URLCodec_encode_String_Test.testEncode_ValidInput -- Time elapsed: 0.002 s <<< FAILURE!
org.junit.ComparisonFailure: expected:<test[%20]string> but was:<test[+]string>
	at org.junit.Assert.assertEquals(Assert.java:115)
	at org.junit.Assert.assertEquals(Assert.java:144)
	at org.apache.commons.codec.net.net_URLCodec_encode_String_Test.testEncode_ValidInput(net_URLCodec_encode_String_Test.java:22)
	at sun.reflect.NativeMethodAccessorImpl.invoke0(Native Method)
	at sun.reflect.NativeMethodAccessorImpl.invoke(NativeMethodAccessorImpl.java:62)
	at sun.reflect.DelegatingMethodAccessorImpl.invoke(DelegatingMethodAccessorImpl.java:43)
	at java.lang.reflect.Method.invoke(Method.java:498)
	at org.junit.runners.model.FrameworkMethod$1.runReflectiveCall(FrameworkMethod.java:50)
	at org.junit.internal.runners.model.ReflectiveCallable.run(ReflectiveCallable.java:12)
	at org.junit.runners.model.FrameworkMethod.invokeExplosively(FrameworkMethod.java:47)
	at org.junit.internal.runners.statements.InvokeMethod.evaluate(InvokeMethod.java:17)
	at org.junit.internal.runners.statements.FailOnTimeout$CallableStatement.call(FailOnTimeout.java:298)
	at org.junit.internal.runners.statements.FailOnTimeout$CallableStatement.call(FailOnTimeout.java:292)
	at java.util.concurrent.FutureTask.run(FutureTask.java:266)
	at java.lang.Thread.run(Thread.java:748)

[INFO] Running org.apache.commons.codec.net.net_BCodec_decode_String_Test
[ERROR] Tests run: 3, Failures: 2, Errors: 1, Skipped: 0, Time elapsed: 0.010 s <<< FAILURE! -- in org.apache.commons.codec.net.net_BCodec_decode_String_Test
[ERROR] org.apache.commons.codec.net.net_BCodec_decode_String_Test.testDecode_ValidInput -- Time elapsed: 0.003 s <<< ERROR!
org.apache.commons.codec.DecoderException: RFC 1522 violation: malformed encoded content
	at org.apache.commons.codec.net.RFC1522Codec.decodeText(RFC1522Codec.java:84)
	at org.apache.commons.codec.net.BCodec.decode(BCodec.java:146)
	at org.apache.commons.codec.net.net_BCodec_decode_String_Test.testDecode_ValidInput(net_BCodec_decode_String_Test.java:16)
	at sun.reflect.NativeMethodAccessorImpl.invoke0(Native Method)
	at sun.reflect.NativeMethodAccessorImpl.invoke(NativeMethodAccessorImpl.java:62)
	at sun.reflect.DelegatingMethodAccessorImpl.invoke(DelegatingMethodAccessorImpl.java:43)
	at java.lang.reflect.Method.invoke(Method.java:498)
	at org.junit.runners.model.FrameworkMethod$1.runReflectiveCall(FrameworkMethod.java:50)
	at org.junit.internal.runners.model.ReflectiveCallable.run(ReflectiveCallable.java:12)
	at org.junit.runners.model.FrameworkMethod.invokeExplosively(FrameworkMethod.java:47)
	at org.junit.internal.runners.statements.InvokeMethod.evaluate(InvokeMethod.java:17)
	at org.junit.internal.runners.statements.FailOnTimeout$CallableStatement.call(FailOnTimeout.java:298)
	at org.junit.internal.runners.statements.FailOnTimeout$CallableStatement.call(FailOnTimeout.java:292)
	at java.util.concurrent.FutureTask.run(FutureTask.java:266)
	at java.lang.Thread.run(Thread.java:748)

[ERROR] org.apache.commons.codec.net.net_BCodec_decode_String_Test.testDecode_IllegalArgumentException -- Time elapsed: 0.001 s <<< FAILURE!
java.lang.AssertionError
	at org.junit.Assert.fail(Assert.java:86)
	at org.junit.Assert.assertTrue(Assert.java:41)
	at org.junit.Assert.assertNotNull(Assert.java:712)
	at org.junit.Assert.assertNotNull(Assert.java:722)
	at org.apache.commons.codec.net.net_BCodec_decode_String_Test.testDecode_IllegalArgumentException(net_BCodec_decode_String_Test.java:39)
	at sun.reflect.NativeMethodAccessorImpl.invoke0(Native Method)
	at sun.reflect.NativeMethodAccessorImpl.invoke(NativeMethodAccessorImpl.java:62)
	at sun.reflect.DelegatingMethodAccessorImpl.invoke(DelegatingMethodAccessorImpl.java:43)
	at java.lang.reflect.Method.invoke(Method.java:498)
	at org.junit.runners.model.FrameworkMethod$1.runReflectiveCall(FrameworkMethod.java:50)
	at org.junit.internal.runners.model.ReflectiveCallable.run(ReflectiveCallable.java:12)
	at org.junit.runners.model.FrameworkMethod.invokeExplosively(FrameworkMethod.java:47)
	at org.junit.internal.runners.statements.InvokeMethod.evaluate(InvokeMethod.java:17)
	at org.junit.internal.runners.statements.FailOnTimeout$CallableStatement.call(FailOnTimeout.java:298)
	at org.junit.internal.runners.statements.FailOnTimeout$CallableStatement.call(FailOnTimeout.java:292)
	at java.util.concurrent.FutureTask.run(FutureTask.java:266)
	at java.lang.Thread.run(Thread.java:748)

[ERROR] org.apache.commons.codec.net.net_BCodec_decode_String_Test.testDecode_UnsupportedEncodingException -- Time elapsed: 0 s <<< FAILURE!
java.lang.AssertionError
	at org.junit.Assert.fail(Assert.java:86)
	at org.junit.Assert.assertTrue(Assert.java:41)
	at org.junit.Assert.assertNotNull(Assert.java:712)
	at org.junit.Assert.assertNotNull(Assert.java:722)
	at org.apache.commons.codec.net.net_BCodec_decode_String_Test.testDecode_UnsupportedEncodingException(net_BCodec_decode_String_Test.java:27)
	at sun.reflect.NativeMethodAccessorImpl.invoke0(Native Method)
	at sun.reflect.NativeMethodAccessorImpl.invoke(NativeMethodAccessorImpl.java:62)
	at sun.reflect.DelegatingMethodAccessorImpl.invoke(DelegatingMethodAccessorImpl.java:43)
	at java.lang.reflect.Method.invoke(Method.java:498)
	at org.junit.runners.model.FrameworkMethod$1.runReflectiveCall(FrameworkMethod.java:50)
	at org.junit.internal.runners.model.ReflectiveCallable.run(ReflectiveCallable.java:12)
	at org.junit.runners.model.FrameworkMethod.invokeExplosively(FrameworkMethod.java:47)
	at org.junit.internal.runners.statements.InvokeMethod.evaluate(InvokeMethod.java:17)
	at org.junit.internal.runners.statements.FailOnTimeout$CallableStatement.call(FailOnTimeout.java:298)
	at org.junit.internal.runners.statements.FailOnTimeout$CallableStatement.call(FailOnTimeout.java:292)
	at java.util.concurrent.FutureTask.run(FutureTask.java:266)
	at java.lang.Thread.run(Thread.java:748)

[INFO] Running org.apache.commons.codec.net.net_URLCodec_encode_String_String_Test
[INFO] Tests run: 3, Failures: 0, Errors: 0, Skipped: 0, Time elapsed: 0.008 s -- in org.apache.commons.codec.net.net_URLCodec_encode_String_String_Test
[INFO] Running org.apache.commons.codec.net.net_URLCodec_encodeUrl_BitSet_byte_____Test
[ERROR] Tests run: 5, Failures: 1, Errors: 0, Skipped: 0, Time elapsed: 0.018 s <<< FAILURE! -- in org.apache.commons.codec.net.net_URLCodec_encodeUrl_BitSet_byte_____Test
[ERROR] org.apache.commons.codec.net.net_URLCodec_encodeUrl_BitSet_byte_____Test.testEncodeUrlWithUnsafeCharacters -- Time elapsed: 0.005 s <<< FAILURE!
arrays first differed at element [2]; expected:<48> but was:<54>
	at org.junit.internal.ComparisonCriteria.arrayEquals(ComparisonCriteria.java:55)
	at org.junit.Assert.internalArrayEquals(Assert.java:532)
	at org.junit.Assert.assertArrayEquals(Assert.java:341)
	at org.junit.Assert.assertArrayEquals(Assert.java:352)
	at org.apache.commons.codec.net.net_URLCodec_encodeUrl_BitSet_byte_____Test.testEncodeUrlWithUnsafeCharacters(net_URLCodec_encodeUrl_BitSet_byte_____Test.java:44)
	at sun.reflect.NativeMethodAccessorImpl.invoke0(Native Method)
	at sun.reflect.NativeMethodAccessorImpl.invoke(NativeMethodAccessorImpl.java:62)
	at sun.reflect.DelegatingMethodAccessorImpl.invoke(DelegatingMethodAccessorImpl.java:43)
	at java.lang.reflect.Method.invoke(Method.java:498)
	at org.junit.runners.model.FrameworkMethod$1.runReflectiveCall(FrameworkMethod.java:50)
	at org.junit.internal.runners.model.ReflectiveCallable.run(ReflectiveCallable.java:12)
	at org.junit.runners.model.FrameworkMethod.invokeExplosively(FrameworkMethod.java:47)
	at org.junit.internal.runners.statements.InvokeMethod.evaluate(InvokeMethod.java:17)
	at org.junit.internal.runners.statements.FailOnTimeout$CallableStatement.call(FailOnTimeout.java:298)
	at org.junit.internal.runners.statements.FailOnTimeout$CallableStatement.call(FailOnTimeout.java:292)
	at java.util.concurrent.FutureTask.run(FutureTask.java:266)
	at java.lang.Thread.run(Thread.java:748)
Caused by: java.lang.AssertionError: expected:<48> but was:<54>
	at org.junit.Assert.fail(Assert.java:88)
	at org.junit.Assert.failNotEquals(Assert.java:834)
	at org.junit.Assert.assertEquals(Assert.java:118)
	at org.junit.Assert.assertEquals(Assert.java:144)
	at org.junit.internal.ExactComparisonCriteria.assertElementsEqual(ExactComparisonCriteria.java:8)
	at org.junit.internal.ComparisonCriteria.arrayEquals(ComparisonCriteria.java:53)
	... 16 more

[INFO] Running org.apache.commons.codec.net.net_QCodec_doEncoding_byte_____Test
[INFO] Tests run: 2, Failures: 0, Errors: 0, Skipped: 0, Time elapsed: 0.006 s -- in org.apache.commons.codec.net.net_QCodec_doEncoding_byte_____Test
[INFO] Running org.apache.commons.codec.net.net_RFC1522Codec_decodeText_String_Test
[INFO] Tests run: 8, Failures: 0, Errors: 0, Skipped: 0, Time elapsed: 0.011 s -- in org.apache.commons.codec.net.net_RFC1522Codec_decodeText_String_Test
[INFO] Running org.apache.commons.codec.net.net_URLCodec_decode_String_String_Test
[INFO] Tests run: 4, Failures: 0, Errors: 0, Skipped: 0, Time elapsed: 0.013 s -- in org.apache.commons.codec.net.net_URLCodec_decode_String_String_Test
[INFO] Running org.apache.commons.codec.net.net_PercentCodec_encode_Object_Test
[INFO] Tests run: 3, Failures: 0, Errors: 0, Skipped: 0, Time elapsed: 0.009 s -- in org.apache.commons.codec.net.net_PercentCodec_encode_Object_Test
[INFO] Running org.apache.commons.codec.net.net_URLCodec_encode_Object_Test
[INFO] Tests run: 4, Failures: 0, Errors: 0, Skipped: 0, Time elapsed: 0.006 s -- in org.apache.commons.codec.net.net_URLCodec_encode_Object_Test
[INFO] Running org.apache.commons.codec.net.net_QCodec_decode_Object_Test
[ERROR] Tests run: 3, Failures: 0, Errors: 1, Skipped: 0, Time elapsed: 0.080 s <<< FAILURE! -- in org.apache.commons.codec.net.net_QCodec_decode_Object_Test
[ERROR] org.apache.commons.codec.net.net_QCodec_decode_Object_Test.testDecodeWithString -- Time elapsed: 0.063 s <<< ERROR!
org.apache.commons.codec.DecoderException: RFC 1522 violation: malformed encoded content
	at org.apache.commons.codec.net.RFC1522Codec.decodeText(RFC1522Codec.java:84)
	at org.apache.commons.codec.net.QCodec.decode(QCodec.java:178)
	at org.apache.commons.codec.net.net_QCodec_decode_Object_Test.testDecodeWithString(net_QCodec_decode_Object_Test.java:20)
	at sun.reflect.NativeMethodAccessorImpl.invoke0(Native Method)
	at sun.reflect.NativeMethodAccessorImpl.invoke(NativeMethodAccessorImpl.java:62)
	at sun.reflect.DelegatingMethodAccessorImpl.invoke(DelegatingMethodAccessorImpl.java:43)
	at java.lang.reflect.Method.invoke(Method.java:498)
	at org.junit.runners.model.FrameworkMethod$1.runReflectiveCall(FrameworkMethod.java:50)
	at org.junit.internal.runners.model.ReflectiveCallable.run(ReflectiveCallable.java:12)
	at org.junit.runners.model.FrameworkMethod.invokeExplosively(FrameworkMethod.java:47)
	at org.junit.internal.runners.statements.InvokeMethod.evaluate(InvokeMethod.java:17)
	at org.junit.internal.runners.statements.FailOnTimeout$CallableStatement.call(FailOnTimeout.java:298)
	at org.junit.internal.runners.statements.FailOnTimeout$CallableStatement.call(FailOnTimeout.java:292)
	at java.util.concurrent.FutureTask.run(FutureTask.java:266)
	at java.lang.Thread.run(Thread.java:748)

[INFO] Running org.apache.commons.codec.net.net_PercentCodec_insertAlwaysEncodeChar_byte_Test
[ERROR] Tests run: 2, Failures: 1, Errors: 0, Skipped: 0, Time elapsed: 0.008 s <<< FAILURE! -- in org.apache.commons.codec.net.net_PercentCodec_insertAlwaysEncodeChar_byte_Test
[ERROR] org.apache.commons.codec.net.net_PercentCodec_insertAlwaysEncodeChar_byte_Test.testInsertAlwaysEncodeChar_NegativeByte -- Time elapsed: 0.001 s <<< FAILURE!
java.lang.AssertionError: Unexpected exception: null
	at org.junit.Assert.fail(Assert.java:88)
	at org.apache.commons.codec.net.net_PercentCodec_insertAlwaysEncodeChar_byte_Test.testInsertAlwaysEncodeChar_NegativeByte(net_PercentCodec_insertAlwaysEncodeChar_byte_Test.java:41)
	at sun.reflect.NativeMethodAccessorImpl.invoke0(Native Method)
	at sun.reflect.NativeMethodAccessorImpl.invoke(NativeMethodAccessorImpl.java:62)
	at sun.reflect.DelegatingMethodAccessorImpl.invoke(DelegatingMethodAccessorImpl.java:43)
	at java.lang.reflect.Method.invoke(Method.java:498)
	at org.junit.runners.model.FrameworkMethod$1.runReflectiveCall(FrameworkMethod.java:50)
	at org.junit.internal.runners.model.ReflectiveCallable.run(ReflectiveCallable.java:12)
	at org.junit.runners.model.FrameworkMethod.invokeExplosively(FrameworkMethod.java:47)
	at org.junit.internal.runners.statements.InvokeMethod.evaluate(InvokeMethod.java:17)
	at org.junit.internal.runners.statements.FailOnTimeout$CallableStatement.call(FailOnTimeout.java:298)
	at org.junit.internal.runners.statements.FailOnTimeout$CallableStatement.call(FailOnTimeout.java:292)
	at java.util.concurrent.FutureTask.run(FutureTask.java:266)
	at java.lang.Thread.run(Thread.java:748)

[INFO] Running org.apache.commons.codec.net.net_BCodec_doDecoding_byte_____Test
[INFO] Tests run: 2, Failures: 0, Errors: 0, Skipped: 0, Time elapsed: 0.005 s -- in org.apache.commons.codec.net.net_BCodec_doDecoding_byte_____Test
[INFO] Running org.apache.commons.codec.net.net_URLCodec_decode_Object_Test
[INFO] Tests run: 3, Failures: 0, Errors: 0, Skipped: 0, Time elapsed: 0.004 s -- in org.apache.commons.codec.net.net_URLCodec_decode_Object_Test
[INFO] Running org.apache.commons.codec.net.net_QuotedPrintableCodec_decode_String_Charset_Test
[INFO] Tests run: 3, Failures: 0, Errors: 0, Skipped: 0, Time elapsed: 0.020 s -- in org.apache.commons.codec.net.net_QuotedPrintableCodec_decode_String_Charset_Test
[INFO] Running org.apache.commons.codec.net.net_RFC1522Codec_encodeText_String_String_Test
[ERROR] Tests run: 2, Failures: 1, Errors: 1, Skipped: 0, Time elapsed: 0.023 s <<< FAILURE! -- in org.apache.commons.codec.net.net_RFC1522Codec_encodeText_String_String_Test
[ERROR] org.apache.commons.codec.net.net_RFC1522Codec_encodeText_String_String_Test.testEncodeText_InvalidCharset -- Time elapsed: 0.011 s <<< ERROR!
java.nio.charset.UnsupportedCharsetException: InvalidCharset
	at java.nio.charset.Charset.forName(Charset.java:531)
	at org.apache.commons.codec.net.RFC1522Codec.encodeText(RFC1522Codec.java:188)
	at org.apache.commons.codec.net.net_RFC1522Codec_encodeText_String_String_Test$1.encodeText(net_RFC1522Codec_encodeText_String_String_Test.java:14)
	at org.apache.commons.codec.net.net_RFC1522Codec_encodeText_String_String_Test.testEncodeText_InvalidCharset(net_RFC1522Codec_encodeText_String_String_Test.java:46)
	at sun.reflect.NativeMethodAccessorImpl.invoke0(Native Method)
	at sun.reflect.NativeMethodAccessorImpl.invoke(NativeMethodAccessorImpl.java:62)
	at sun.reflect.DelegatingMethodAccessorImpl.invoke(DelegatingMethodAccessorImpl.java:43)
	at java.lang.reflect.Method.invoke(Method.java:498)
	at org.junit.runners.model.FrameworkMethod$1.runReflectiveCall(FrameworkMethod.java:50)
	at org.junit.internal.runners.model.ReflectiveCallable.run(ReflectiveCallable.java:12)
	at org.junit.runners.model.FrameworkMethod.invokeExplosively(FrameworkMethod.java:47)
	at org.junit.internal.runners.statements.InvokeMethod.evaluate(InvokeMethod.java:17)
	at org.junit.internal.runners.statements.FailOnTimeout$CallableStatement.call(FailOnTimeout.java:298)
	at org.junit.internal.runners.statements.FailOnTimeout$CallableStatement.call(FailOnTimeout.java:292)
	at java.util.concurrent.FutureTask.run(FutureTask.java:266)
	at java.lang.Thread.run(Thread.java:748)

[ERROR] org.apache.commons.codec.net.net_RFC1522Codec_encodeText_String_String_Test.testEncodeText_ValidInput -- Time elapsed: 0.002 s <<< FAILURE!
org.junit.ComparisonFailure: expected:<[ExpectedOutput]> but was:<[=?UTF-8?UTF-8?Hello?=]>
	at org.junit.Assert.assertEquals(Assert.java:115)
	at org.junit.Assert.assertEquals(Assert.java:144)
	at org.apache.commons.codec.net.net_RFC1522Codec_encodeText_String_String_Test.testEncodeText_ValidInput(net_RFC1522Codec_encodeText_String_String_Test.java:40)
	at sun.reflect.NativeMethodAccessorImpl.invoke0(Native Method)
	at sun.reflect.NativeMethodAccessorImpl.invoke(NativeMethodAccessorImpl.java:62)
	at sun.reflect.DelegatingMethodAccessorImpl.invoke(DelegatingMethodAccessorImpl.java:43)
	at java.lang.reflect.Method.invoke(Method.java:498)
	at org.junit.runners.model.FrameworkMethod$1.runReflectiveCall(FrameworkMethod.java:50)
	at org.junit.internal.runners.model.ReflectiveCallable.run(ReflectiveCallable.java:12)
	at org.junit.runners.model.FrameworkMethod.invokeExplosively(FrameworkMethod.java:47)
	at org.junit.internal.runners.statements.InvokeMethod.evaluate(InvokeMethod.java:17)
	at org.junit.internal.runners.statements.FailOnTimeout$CallableStatement.call(FailOnTimeout.java:298)
	at org.junit.internal.runners.statements.FailOnTimeout$CallableStatement.call(FailOnTimeout.java:292)
	at java.util.concurrent.FutureTask.run(FutureTask.java:266)
	at java.lang.Thread.run(Thread.java:748)

[INFO] Running org.apache.commons.codec.net.net_PercentCodec_decode_Object_Test
[INFO] Tests run: 3, Failures: 0, Errors: 0, Skipped: 0, Time elapsed: 0.026 s -- in org.apache.commons.codec.net.net_PercentCodec_decode_Object_Test
[INFO] Running org.apache.commons.codec.net.net_PercentCodec_expectedEncodingBytes_byte_____Test
[ERROR] Tests run: 4, Failures: 1, Errors: 0, Skipped: 0, Time elapsed: 0.007 s <<< FAILURE! -- in org.apache.commons.codec.net.net_PercentCodec_expectedEncodingBytes_byte_____Test
[ERROR] org.apache.commons.codec.net.net_PercentCodec_expectedEncodingBytes_byte_____Test.testExpectedEncodingBytesWithSpecialCharacters -- Time elapsed: 0.002 s <<< FAILURE!
java.lang.AssertionError: expected:<9> but was:<3>
	at org.junit.Assert.fail(Assert.java:88)
	at org.junit.Assert.failNotEquals(Assert.java:834)
	at org.junit.Assert.assertEquals(Assert.java:645)
	at org.junit.Assert.assertEquals(Assert.java:631)
	at org.apache.commons.codec.net.net_PercentCodec_expectedEncodingBytes_byte_____Test.testExpectedEncodingBytesWithSpecialCharacters(net_PercentCodec_expectedEncodingBytes_byte_____Test.java:25)
	at sun.reflect.NativeMethodAccessorImpl.invoke0(Native Method)
	at sun.reflect.NativeMethodAccessorImpl.invoke(NativeMethodAccessorImpl.java:62)
	at sun.reflect.DelegatingMethodAccessorImpl.invoke(DelegatingMethodAccessorImpl.java:43)
	at java.lang.reflect.Method.invoke(Method.java:498)
	at org.junit.runners.model.FrameworkMethod$1.runReflectiveCall(FrameworkMethod.java:50)
	at org.junit.internal.runners.model.ReflectiveCallable.run(ReflectiveCallable.java:12)
	at org.junit.runners.model.FrameworkMethod.invokeExplosively(FrameworkMethod.java:47)
	at org.junit.internal.runners.statements.InvokeMethod.evaluate(InvokeMethod.java:17)
	at org.junit.internal.runners.statements.FailOnTimeout$CallableStatement.call(FailOnTimeout.java:298)
	at org.junit.internal.runners.statements.FailOnTimeout$CallableStatement.call(FailOnTimeout.java:292)
	at java.util.concurrent.FutureTask.run(FutureTask.java:266)
	at java.lang.Thread.run(Thread.java:748)

[INFO] Running org.apache.commons.codec.net.net_Utils_digit16_byte_Test
[INFO] Tests run: 3, Failures: 0, Errors: 0, Skipped: 0, Time elapsed: 0.007 s -- in org.apache.commons.codec.net.net_Utils_digit16_byte_Test
[INFO] Running org.apache.commons.codec.net.net_QuotedPrintableCodec_encode_Object_Test
[INFO] Tests run: 4, Failures: 0, Errors: 0, Skipped: 0, Time elapsed: 0.005 s -- in org.apache.commons.codec.net.net_QuotedPrintableCodec_encode_Object_Test
[INFO] Running org.apache.commons.codec.net.net_BCodec_doEncoding_byte_____Test
[INFO] Tests run: 2, Failures: 0, Errors: 0, Skipped: 0, Time elapsed: 0.006 s -- in org.apache.commons.codec.net.net_BCodec_doEncoding_byte_____Test
[INFO] Running org.apache.commons.codec.net.net_BCodec_encode_Object_Test
[ERROR] Tests run: 3, Failures: 1, Errors: 0, Skipped: 0, Time elapsed: 0.007 s <<< FAILURE! -- in org.apache.commons.codec.net.net_BCodec_encode_Object_Test
[ERROR] org.apache.commons.codec.net.net_BCodec_encode_Object_Test.testEncodeWithStringValue -- Time elapsed: 0.003 s <<< FAILURE!
org.junit.ComparisonFailure: expected:<[testString]> but was:<[=?UTF-8?B?dGVzdFN0cmluZw==?=]>
	at org.junit.Assert.assertEquals(Assert.java:115)
	at org.junit.Assert.assertEquals(Assert.java:144)
	at org.apache.commons.codec.net.net_BCodec_encode_Object_Test.testEncodeWithStringValue(net_BCodec_encode_Object_Test.java:22)
	at sun.reflect.NativeMethodAccessorImpl.invoke0(Native Method)
	at sun.reflect.NativeMethodAccessorImpl.invoke(NativeMethodAccessorImpl.java:62)
	at sun.reflect.DelegatingMethodAccessorImpl.invoke(DelegatingMethodAccessorImpl.java:43)
	at java.lang.reflect.Method.invoke(Method.java:498)
	at org.junit.runners.model.FrameworkMethod$1.runReflectiveCall(FrameworkMethod.java:50)
	at org.junit.internal.runners.model.ReflectiveCallable.run(ReflectiveCallable.java:12)
	at org.junit.runners.model.FrameworkMethod.invokeExplosively(FrameworkMethod.java:47)
	at org.junit.internal.runners.statements.InvokeMethod.evaluate(InvokeMethod.java:17)
	at org.junit.internal.runners.statements.FailOnTimeout$CallableStatement.call(FailOnTimeout.java:298)
	at org.junit.internal.runners.statements.FailOnTimeout$CallableStatement.call(FailOnTimeout.java:292)
	at java.util.concurrent.FutureTask.run(FutureTask.java:266)
	at java.lang.Thread.run(Thread.java:748)

[INFO] Running org.apache.commons.codec.net.net_URLCodec_decode_String_Test
[INFO] Tests run: 3, Failures: 0, Errors: 0, Skipped: 0, Time elapsed: 0.009 s -- in org.apache.commons.codec.net.net_URLCodec_decode_String_Test
[INFO] Running org.apache.commons.codec.net.net_PercentCodec_encode_byte_____Test
[ERROR] Tests run: 5, Failures: 1, Errors: 0, Skipped: 0, Time elapsed: 0.029 s <<< FAILURE! -- in org.apache.commons.codec.net.net_PercentCodec_encode_byte_____Test
[ERROR] org.apache.commons.codec.net.net_PercentCodec_encode_byte_____Test.testEncode_WithEncoding -- Time elapsed: 0.004 s <<< FAILURE!
java.lang.AssertionError: array lengths differed, expected.length=2 actual.length=1
	at org.junit.Assert.fail(Assert.java:88)
	at org.junit.internal.ComparisonCriteria.assertArraysAreSameLength(ComparisonCriteria.java:76)
	at org.junit.internal.ComparisonCriteria.arrayEquals(ComparisonCriteria.java:37)
	at org.junit.Assert.internalArrayEquals(Assert.java:532)
	at org.junit.Assert.assertArrayEquals(Assert.java:341)
	at org.junit.Assert.assertArrayEquals(Assert.java:352)
	at org.apache.commons.codec.net.net_PercentCodec_encode_byte_____Test.testEncode_WithEncoding(net_PercentCodec_encode_byte_____Test.java:36)
	at sun.reflect.NativeMethodAccessorImpl.invoke0(Native Method)
	at sun.reflect.NativeMethodAccessorImpl.invoke(NativeMethodAccessorImpl.java:62)
	at sun.reflect.DelegatingMethodAccessorImpl.invoke(DelegatingMethodAccessorImpl.java:43)
	at java.lang.reflect.Method.invoke(Method.java:498)
	at org.junit.runners.model.FrameworkMethod$1.runReflectiveCall(FrameworkMethod.java:50)
	at org.junit.internal.runners.model.ReflectiveCallable.run(ReflectiveCallable.java:12)
	at org.junit.runners.model.FrameworkMethod.invokeExplosively(FrameworkMethod.java:47)
	at org.junit.internal.runners.statements.InvokeMethod.evaluate(InvokeMethod.java:17)
	at org.junit.internal.runners.statements.FailOnTimeout$CallableStatement.call(FailOnTimeout.java:298)
	at org.junit.internal.runners.statements.FailOnTimeout$CallableStatement.call(FailOnTimeout.java:292)
	at java.util.concurrent.FutureTask.run(FutureTask.java:266)
	at java.lang.Thread.run(Thread.java:748)

[INFO] Running org.apache.commons.codec.net.net_QCodec_doDecoding_byte_____Test
[INFO] Tests run: 6, Failures: 0, Errors: 0, Skipped: 0, Time elapsed: 0.017 s -- in org.apache.commons.codec.net.net_QCodec_doDecoding_byte_____Test
[INFO] Running org.apache.commons.codec.net.net_QCodec_encode_String_String_Test
[ERROR] Tests run: 2, Failures: 1, Errors: 0, Skipped: 0, Time elapsed: 0.021 s <<< FAILURE! -- in org.apache.commons.codec.net.net_QCodec_encode_String_String_Test
[ERROR] org.apache.commons.codec.net.net_QCodec_encode_String_String_Test.testEncode_UnsupportedCharset -- Time elapsed: 0.010 s <<< FAILURE!
org.junit.ComparisonFailure: expected:<[Unsupported charset: ]INVALID_CHARSET> but was:<[]INVALID_CHARSET>
	at org.junit.Assert.assertEquals(Assert.java:115)
	at org.junit.Assert.assertEquals(Assert.java:144)
	at org.apache.commons.codec.net.net_QCodec_encode_String_String_Test.testEncode_UnsupportedCharset(net_QCodec_encode_String_String_Test.java:24)
	at sun.reflect.NativeMethodAccessorImpl.invoke0(Native Method)
	at sun.reflect.NativeMethodAccessorImpl.invoke(NativeMethodAccessorImpl.java:62)
	at sun.reflect.DelegatingMethodAccessorImpl.invoke(DelegatingMethodAccessorImpl.java:43)
	at java.lang.reflect.Method.invoke(Method.java:498)
	at org.junit.runners.model.FrameworkMethod$1.runReflectiveCall(FrameworkMethod.java:50)
	at org.junit.internal.runners.model.ReflectiveCallable.run(ReflectiveCallable.java:12)
	at org.junit.runners.model.FrameworkMethod.invokeExplosively(FrameworkMethod.java:47)
	at org.junit.internal.runners.statements.InvokeMethod.evaluate(InvokeMethod.java:17)
	at org.junit.internal.runners.statements.FailOnTimeout$CallableStatement.call(FailOnTimeout.java:298)
	at org.junit.internal.runners.statements.FailOnTimeout$CallableStatement.call(FailOnTimeout.java:292)
	at java.util.concurrent.FutureTask.run(FutureTask.java:266)
	at java.lang.Thread.run(Thread.java:748)

[INFO] Running org.apache.commons.codec.digest.digest_Sha2Crypt_sha512Crypt_byte_____String_Random_Test
[ERROR] Tests run: 4, Failures: 0, Errors: 2, Skipped: 0, Time elapsed: 0.178 s <<< FAILURE! -- in org.apache.commons.codec.digest.digest_Sha2Crypt_sha512Crypt_byte_____String_Random_Test
[ERROR] org.apache.commons.codec.digest.digest_Sha2Crypt_sha512Crypt_byte_____String_Random_Test.testSha512CryptWithEmptySalt -- Time elapsed: 0.003 s <<< ERROR!
java.lang.IllegalArgumentException: Invalid salt value: 
	at org.apache.commons.codec.digest.Sha2Crypt.sha2Crypt(Sha2Crypt.java:184)
	at org.apache.commons.codec.digest.Sha2Crypt.sha512Crypt(Sha2Crypt.java:614)
	at org.apache.commons.codec.digest.digest_Sha2Crypt_sha512Crypt_byte_____String_Random_Test.testSha512CryptWithEmptySalt(digest_Sha2Crypt_sha512Crypt_byte_____String_Random_Test.java:32)
	at sun.reflect.NativeMethodAccessorImpl.invoke0(Native Method)
	at sun.reflect.NativeMethodAccessorImpl.invoke(NativeMethodAccessorImpl.java:62)
	at sun.reflect.DelegatingMethodAccessorImpl.invoke(DelegatingMethodAccessorImpl.java:43)
	at java.lang.reflect.Method.invoke(Method.java:498)
	at org.junit.runners.model.FrameworkMethod$1.runReflectiveCall(FrameworkMethod.java:50)
	at org.junit.internal.runners.model.ReflectiveCallable.run(ReflectiveCallable.java:12)
	at org.junit.runners.model.FrameworkMethod.invokeExplosively(FrameworkMethod.java:47)
	at org.junit.internal.runners.statements.InvokeMethod.evaluate(InvokeMethod.java:17)
	at org.junit.internal.runners.statements.FailOnTimeout$CallableStatement.call(FailOnTimeout.java:298)
	at org.junit.internal.runners.statements.FailOnTimeout$CallableStatement.call(FailOnTimeout.java:292)
	at java.util.concurrent.FutureTask.run(FutureTask.java:266)
	at java.lang.Thread.run(Thread.java:748)

[ERROR] org.apache.commons.codec.digest.digest_Sha2Crypt_sha512Crypt_byte_____String_Random_Test.testSha512CryptWithValidSalt -- Time elapsed: 0.002 s <<< ERROR!
java.lang.IllegalArgumentException: Invalid salt value: validSalt
	at org.apache.commons.codec.digest.Sha2Crypt.sha2Crypt(Sha2Crypt.java:184)
	at org.apache.commons.codec.digest.Sha2Crypt.sha512Crypt(Sha2Crypt.java:614)
	at org.apache.commons.codec.digest.digest_Sha2Crypt_sha512Crypt_byte_____String_Random_Test.testSha512CryptWithValidSalt(digest_Sha2Crypt_sha512Crypt_byte_____String_Random_Test.java:23)
	at sun.reflect.NativeMethodAccessorImpl.invoke0(Native Method)
	at sun.reflect.NativeMethodAccessorImpl.invoke(NativeMethodAccessorImpl.java:62)
	at sun.reflect.DelegatingMethodAccessorImpl.invoke(DelegatingMethodAccessorImpl.java:43)
	at java.lang.reflect.Method.invoke(Method.java:498)
	at org.junit.runners.model.FrameworkMethod$1.runReflectiveCall(FrameworkMethod.java:50)
	at org.junit.internal.runners.model.ReflectiveCallable.run(ReflectiveCallable.java:12)
	at org.junit.runners.model.FrameworkMethod.invokeExplosively(FrameworkMethod.java:47)
	at org.junit.internal.runners.statements.InvokeMethod.evaluate(InvokeMethod.java:17)
	at org.junit.internal.runners.statements.FailOnTimeout$CallableStatement.call(FailOnTimeout.java:298)
	at org.junit.internal.runners.statements.FailOnTimeout$CallableStatement.call(FailOnTimeout.java:292)
	at java.util.concurrent.FutureTask.run(FutureTask.java:266)
	at java.lang.Thread.run(Thread.java:748)

[INFO] Running org.apache.commons.codec.digest.digest_XXHash32_getValue__Test
[ERROR] Tests run: 3, Failures: 1, Errors: 0, Skipped: 0, Time elapsed: 0.016 s <<< FAILURE! -- in org.apache.commons.codec.digest.digest_XXHash32_getValue__Test
[ERROR] org.apache.commons.codec.digest.digest_XXHash32_getValue__Test.testGetValue_withException -- Time elapsed: 0.005 s <<< FAILURE!
java.lang.AssertionError: Expected an exception to be thrown
	at org.junit.Assert.fail(Assert.java:88)
	at org.apache.commons.codec.digest.digest_XXHash32_getValue__Test.testGetValue_withException(digest_XXHash32_getValue__Test.java:31)
	at sun.reflect.NativeMethodAccessorImpl.invoke0(Native Method)
	at sun.reflect.NativeMethodAccessorImpl.invoke(NativeMethodAccessorImpl.java:62)
	at sun.reflect.DelegatingMethodAccessorImpl.invoke(DelegatingMethodAccessorImpl.java:43)
	at java.lang.reflect.Method.invoke(Method.java:498)
	at org.junit.runners.model.FrameworkMethod$1.runReflectiveCall(FrameworkMethod.java:50)
	at org.junit.internal.runners.model.ReflectiveCallable.run(ReflectiveCallable.java:12)
	at org.junit.runners.model.FrameworkMethod.invokeExplosively(FrameworkMethod.java:47)
	at org.junit.internal.runners.statements.InvokeMethod.evaluate(InvokeMethod.java:17)
	at org.junit.internal.runners.statements.FailOnTimeout$CallableStatement.call(FailOnTimeout.java:298)
	at org.junit.internal.runners.statements.FailOnTimeout$CallableStatement.call(FailOnTimeout.java:292)
	at java.util.concurrent.FutureTask.run(FutureTask.java:266)
	at java.lang.Thread.run(Thread.java:748)

[INFO] Running org.apache.commons.codec.digest.digest_HmacUtils_isAvailable_HmacAlgorithms_Test
[INFO] Tests run: 2, Failures: 0, Errors: 0, Skipped: 0, Time elapsed: 0.503 s -- in org.apache.commons.codec.digest.digest_HmacUtils_isAvailable_HmacAlgorithms_Test
[INFO] Running org.apache.commons.codec.digest.digest_HmacUtils_hmac_File_Test
[ERROR] Tests run: 2, Failures: 0, Errors: 1, Skipped: 0, Time elapsed: 0.008 s <<< FAILURE! -- in org.apache.commons.codec.digest.digest_HmacUtils_hmac_File_Test
[ERROR] org.apache.commons.codec.digest.digest_HmacUtils_hmac_File_Test.testHmac_ValidFile -- Time elapsed: 0.002 s <<< ERROR!
java.io.FileNotFoundException: path/to/valid/file.txt (No such file or directory)
	at java.io.FileInputStream.open0(Native Method)
	at java.io.FileInputStream.open(FileInputStream.java:195)
	at java.io.FileInputStream.<init>(FileInputStream.java:138)
	at org.apache.commons.codec.digest.HmacUtils.hmac(HmacUtils.java:974)
	at org.apache.commons.codec.digest.digest_HmacUtils_hmac_File_Test.testHmac_ValidFile(digest_HmacUtils_hmac_File_Test.java:13)
	at sun.reflect.NativeMethodAccessorImpl.invoke0(Native Method)
	at sun.reflect.NativeMethodAccessorImpl.invoke(NativeMethodAccessorImpl.java:62)
	at sun.reflect.DelegatingMethodAccessorImpl.invoke(DelegatingMethodAccessorImpl.java:43)
	at java.lang.reflect.Method.invoke(Method.java:498)
	at org.junit.runners.model.FrameworkMethod$1.runReflectiveCall(FrameworkMethod.java:50)
	at org.junit.internal.runners.model.ReflectiveCallable.run(ReflectiveCallable.java:12)
	at org.junit.runners.model.FrameworkMethod.invokeExplosively(FrameworkMethod.java:47)
	at org.junit.internal.runners.statements.InvokeMethod.evaluate(InvokeMethod.java:17)
	at org.junit.internal.runners.statements.FailOnTimeout$CallableStatement.call(FailOnTimeout.java:298)
	at org.junit.internal.runners.statements.FailOnTimeout$CallableStatement.call(FailOnTimeout.java:292)
	at java.util.concurrent.FutureTask.run(FutureTask.java:266)
	at java.lang.Thread.run(Thread.java:748)

[INFO] Running org.apache.commons.codec.digest.digest_MurmurHash2_hash64_byte_____int_int_Test
[ERROR] Tests run: 3, Failures: 2, Errors: 0, Skipped: 0, Time elapsed: 0.014 s <<< FAILURE! -- in org.apache.commons.codec.digest.digest_MurmurHash2_hash64_byte_____int_int_Test
[ERROR] org.apache.commons.codec.digest.digest_MurmurHash2_hash64_byte_____int_int_Test.testHash64WithZeroLength -- Time elapsed: 0.001 s <<< FAILURE!
java.lang.AssertionError: expected:<123456789> but was:<-7565064217037800332>
	at org.junit.Assert.fail(Assert.java:88)
	at org.junit.Assert.failNotEquals(Assert.java:834)
	at org.junit.Assert.assertEquals(Assert.java:645)
	at org.junit.Assert.assertEquals(Assert.java:631)
	at org.apache.commons.codec.digest.digest_MurmurHash2_hash64_byte_____int_int_Test.testHash64WithZeroLength(digest_MurmurHash2_hash64_byte_____int_int_Test.java:27)
	at sun.reflect.NativeMethodAccessorImpl.invoke0(Native Method)
	at sun.reflect.NativeMethodAccessorImpl.invoke(NativeMethodAccessorImpl.java:62)
	at sun.reflect.DelegatingMethodAccessorImpl.invoke(DelegatingMethodAccessorImpl.java:43)
	at java.lang.reflect.Method.invoke(Method.java:498)
	at org.junit.runners.model.FrameworkMethod$1.runReflectiveCall(FrameworkMethod.java:50)
	at org.junit.internal.runners.model.ReflectiveCallable.run(ReflectiveCallable.java:12)
	at org.junit.runners.model.FrameworkMethod.invokeExplosively(FrameworkMethod.java:47)
	at org.junit.internal.runners.statements.InvokeMethod.evaluate(InvokeMethod.java:17)
	at org.junit.internal.runners.statements.FailOnTimeout$CallableStatement.call(FailOnTimeout.java:298)
	at org.junit.internal.runners.statements.FailOnTimeout$CallableStatement.call(FailOnTimeout.java:292)
	at java.util.concurrent.FutureTask.run(FutureTask.java:266)
	at java.lang.Thread.run(Thread.java:748)

[ERROR] org.apache.commons.codec.digest.digest_MurmurHash2_hash64_byte_____int_int_Test.testHash64 -- Time elapsed: 0.001 s <<< FAILURE!
java.lang.AssertionError: expected:<123456789> but was:<-3086945044838393839>
	at org.junit.Assert.fail(Assert.java:88)
	at org.junit.Assert.failNotEquals(Assert.java:834)
	at org.junit.Assert.assertEquals(Assert.java:645)
	at org.junit.Assert.assertEquals(Assert.java:631)
	at org.apache.commons.codec.digest.digest_MurmurHash2_hash64_byte_____int_int_Test.testHash64(digest_MurmurHash2_hash64_byte_____int_int_Test.java:17)
	at sun.reflect.NativeMethodAccessorImpl.invoke0(Native Method)
	at sun.reflect.NativeMethodAccessorImpl.invoke(NativeMethodAccessorImpl.java:62)
	at sun.reflect.DelegatingMethodAccessorImpl.invoke(DelegatingMethodAccessorImpl.java:43)
	at java.lang.reflect.Method.invoke(Method.java:498)
	at org.junit.runners.model.FrameworkMethod$1.runReflectiveCall(FrameworkMethod.java:50)
	at org.junit.internal.runners.model.ReflectiveCallable.run(ReflectiveCallable.java:12)
	at org.junit.runners.model.FrameworkMethod.invokeExplosively(FrameworkMethod.java:47)
	at org.junit.internal.runners.statements.InvokeMethod.evaluate(InvokeMethod.java:17)
	at org.junit.internal.runners.statements.FailOnTimeout$CallableStatement.call(FailOnTimeout.java:298)
	at org.junit.internal.runners.statements.FailOnTimeout$CallableStatement.call(FailOnTimeout.java:292)
	at java.util.concurrent.FutureTask.run(FutureTask.java:266)
	at java.lang.Thread.run(Thread.java:748)

[INFO] Running org.apache.commons.codec.digest.digest_Md5Crypt_apr1Crypt_byte_____String_Test
[ERROR] Tests run: 5, Failures: 0, Errors: 1, Skipped: 0, Time elapsed: 0.066 s <<< FAILURE! -- in org.apache.commons.codec.digest.digest_Md5Crypt_apr1Crypt_byte_____String_Test
[ERROR] org.apache.commons.codec.digest.digest_Md5Crypt_apr1Crypt_byte_____String_Test.testApr1CryptWithEmptySalt -- Time elapsed: 0.004 s <<< ERROR!
java.lang.IllegalArgumentException: Invalid salt value: $apr1$
	at org.apache.commons.codec.digest.Md5Crypt.md5Crypt(Md5Crypt.java:294)
	at org.apache.commons.codec.digest.Md5Crypt.md5Crypt(Md5Crypt.java:250)
	at org.apache.commons.codec.digest.Md5Crypt.apr1Crypt(Md5Crypt.java:123)
	at org.apache.commons.codec.digest.digest_Md5Crypt_apr1Crypt_byte_____String_Test.testApr1CryptWithEmptySalt(digest_Md5Crypt_apr1Crypt_byte_____String_Test.java:30)
	at sun.reflect.NativeMethodAccessorImpl.invoke0(Native Method)
	at sun.reflect.NativeMethodAccessorImpl.invoke(NativeMethodAccessorImpl.java:62)
	at sun.reflect.DelegatingMethodAccessorImpl.invoke(DelegatingMethodAccessorImpl.java:43)
	at java.lang.reflect.Method.invoke(Method.java:498)
	at org.junit.runners.model.FrameworkMethod$1.runReflectiveCall(FrameworkMethod.java:50)
	at org.junit.internal.runners.model.ReflectiveCallable.run(ReflectiveCallable.java:12)
	at org.junit.runners.model.FrameworkMethod.invokeExplosively(FrameworkMethod.java:47)
	at org.junit.internal.runners.statements.InvokeMethod.evaluate(InvokeMethod.java:17)
	at org.junit.internal.runners.statements.FailOnTimeout$CallableStatement.call(FailOnTimeout.java:298)
	at org.junit.internal.runners.statements.FailOnTimeout$CallableStatement.call(FailOnTimeout.java:292)
	at java.util.concurrent.FutureTask.run(FutureTask.java:266)
	at java.lang.Thread.run(Thread.java:748)

[INFO] Running org.apache.commons.codec.digest.digest_Crypt_crypt_byte_____String_Test
[INFO] Tests run: 5, Failures: 0, Errors: 0, Skipped: 0, Time elapsed: 0.105 s -- in org.apache.commons.codec.digest.digest_Crypt_crypt_byte_____String_Test
[INFO] Running org.apache.commons.codec.digest.digest_Blake3_initKeyedHash_byte_____Test
[INFO] Tests run: 3, Failures: 0, Errors: 0, Skipped: 0, Time elapsed: 0.014 s -- in org.apache.commons.codec.digest.digest_Blake3_initKeyedHash_byte_____Test
[INFO] Running org.apache.commons.codec.digest.digest_DigestUtils_getDigest_String_MessageDigest_Test
[INFO] Tests run: 2, Failures: 0, Errors: 0, Skipped: 0, Time elapsed: 0.009 s -- in org.apache.commons.codec.digest.digest_DigestUtils_getDigest_String_MessageDigest_Test
[INFO] Running org.apache.commons.codec.digest.digest_MurmurHash3_hash32x86_byte_____int_int_int_Test
[ERROR] Tests run: 4, Failures: 0, Errors: 2, Skipped: 0, Time elapsed: 0.018 s <<< FAILURE! -- in org.apache.commons.codec.digest.digest_MurmurHash3_hash32x86_byte_____int_int_int_Test
[ERROR] org.apache.commons.codec.digest.digest_MurmurHash3_hash32x86_byte_____int_int_int_Test.testHash32x86_ExceedingLength -- Time elapsed: 0.002 s <<< ERROR!
java.lang.ArrayIndexOutOfBoundsException: 5
	at org.apache.commons.codec.digest.MurmurHash3.getLittleEndianInt(MurmurHash3.java:375)
	at org.apache.commons.codec.digest.MurmurHash3.hash32x86(MurmurHash3.java:925)
	at org.apache.commons.codec.digest.digest_MurmurHash3_hash32x86_byte_____int_int_int_Test.testHash32x86_ExceedingLength(digest_MurmurHash3_hash32x86_byte_____int_int_int_Test.java:55)
	at sun.reflect.NativeMethodAccessorImpl.invoke0(Native Method)
	at sun.reflect.NativeMethodAccessorImpl.invoke(NativeMethodAccessorImpl.java:62)
	at sun.reflect.DelegatingMethodAccessorImpl.invoke(DelegatingMethodAccessorImpl.java:43)
	at java.lang.reflect.Method.invoke(Method.java:498)
	at org.junit.runners.model.FrameworkMethod$1.runReflectiveCall(FrameworkMethod.java:50)
	at org.junit.internal.runners.model.ReflectiveCallable.run(ReflectiveCallable.java:12)
	at org.junit.runners.model.FrameworkMethod.invokeExplosively(FrameworkMethod.java:47)
	at org.junit.internal.runners.statements.InvokeMethod.evaluate(InvokeMethod.java:17)
	at org.junit.internal.runners.statements.FailOnTimeout$CallableStatement.call(FailOnTimeout.java:298)
	at org.junit.internal.runners.statements.FailOnTimeout$CallableStatement.call(FailOnTimeout.java:292)
	at java.util.concurrent.FutureTask.run(FutureTask.java:266)
	at java.lang.Thread.run(Thread.java:748)

[ERROR] org.apache.commons.codec.digest.digest_MurmurHash3_hash32x86_byte_____int_int_int_Test.testHash32x86_NegativeOffset -- Time elapsed: 0.001 s <<< ERROR!
java.lang.ArrayIndexOutOfBoundsException: -1
	at org.apache.commons.codec.digest.MurmurHash3.getLittleEndianInt(MurmurHash3.java:375)
	at org.apache.commons.codec.digest.MurmurHash3.hash32x86(MurmurHash3.java:925)
	at org.apache.commons.codec.digest.digest_MurmurHash3_hash32x86_byte_____int_int_int_Test.testHash32x86_NegativeOffset(digest_MurmurHash3_hash32x86_byte_____int_int_int_Test.java:40)
	at sun.reflect.NativeMethodAccessorImpl.invoke0(Native Method)
	at sun.reflect.NativeMethodAccessorImpl.invoke(NativeMethodAccessorImpl.java:62)
	at sun.reflect.DelegatingMethodAccessorImpl.invoke(DelegatingMethodAccessorImpl.java:43)
	at java.lang.reflect.Method.invoke(Method.java:498)
	at org.junit.runners.model.FrameworkMethod$1.runReflectiveCall(FrameworkMethod.java:50)
	at org.junit.internal.runners.model.ReflectiveCallable.run(ReflectiveCallable.java:12)
	at org.junit.runners.model.FrameworkMethod.invokeExplosively(FrameworkMethod.java:47)
	at org.junit.internal.runners.statements.InvokeMethod.evaluate(InvokeMethod.java:17)
	at org.junit.internal.runners.statements.FailOnTimeout$CallableStatement.call(FailOnTimeout.java:298)
	at org.junit.internal.runners.statements.FailOnTimeout$CallableStatement.call(FailOnTimeout.java:292)
	at java.util.concurrent.FutureTask.run(FutureTask.java:266)
	at java.lang.Thread.run(Thread.java:748)

[INFO] Running org.apache.commons.codec.digest.digest_MurmurHash3_hash64_byte_____int_int_int_Test
[ERROR] Tests run: 5, Failures: 2, Errors: 2, Skipped: 0, Time elapsed: 0.017 s <<< FAILURE! -- in org.apache.commons.codec.digest.digest_MurmurHash3_hash64_byte_____int_int_int_Test
[ERROR] org.apache.commons.codec.digest.digest_MurmurHash3_hash64_byte_____int_int_int_Test.testHash64_NegativeLength -- Time elapsed: 0.005 s <<< ERROR!
java.lang.ArrayIndexOutOfBoundsException: -2
	at org.apache.commons.codec.digest.MurmurHash3.hash64(MurmurHash3.java:1065)
	at org.apache.commons.codec.digest.digest_MurmurHash3_hash64_byte_____int_int_int_Test.testHash64_NegativeLength(digest_MurmurHash3_hash64_byte_____int_int_int_Test.java:70)
	at sun.reflect.NativeMethodAccessorImpl.invoke0(Native Method)
	at sun.reflect.NativeMethodAccessorImpl.invoke(NativeMethodAccessorImpl.java:62)
	at sun.reflect.DelegatingMethodAccessorImpl.invoke(DelegatingMethodAccessorImpl.java:43)
	at java.lang.reflect.Method.invoke(Method.java:498)
	at org.junit.runners.model.FrameworkMethod$1.runReflectiveCall(FrameworkMethod.java:50)
	at org.junit.internal.runners.model.ReflectiveCallable.run(ReflectiveCallable.java:12)
	at org.junit.runners.model.FrameworkMethod.invokeExplosively(FrameworkMethod.java:47)
	at org.junit.internal.runners.statements.InvokeMethod.evaluate(InvokeMethod.java:17)
	at org.junit.internal.runners.statements.FailOnTimeout$CallableStatement.call(FailOnTimeout.java:298)
	at org.junit.internal.runners.statements.FailOnTimeout$CallableStatement.call(FailOnTimeout.java:292)
	at java.util.concurrent.FutureTask.run(FutureTask.java:266)
	at java.lang.Thread.run(Thread.java:748)

[ERROR] org.apache.commons.codec.digest.digest_MurmurHash3_hash64_byte_____int_int_int_Test.testHash64_NegativeOffset -- Time elapsed: 0 s <<< ERROR!
java.lang.ArrayIndexOutOfBoundsException: -1
	at org.apache.commons.codec.digest.MurmurHash3.getLittleEndianLong(MurmurHash3.java:389)
	at org.apache.commons.codec.digest.MurmurHash3.hash64(MurmurHash3.java:1052)
	at org.apache.commons.codec.digest.digest_MurmurHash3_hash64_byte_____int_int_int_Test.testHash64_NegativeOffset(digest_MurmurHash3_hash64_byte_____int_int_int_Test.java:40)
	at sun.reflect.NativeMethodAccessorImpl.invoke0(Native Method)
	at sun.reflect.NativeMethodAccessorImpl.invoke(NativeMethodAccessorImpl.java:62)
	at sun.reflect.DelegatingMethodAccessorImpl.invoke(DelegatingMethodAccessorImpl.java:43)
	at java.lang.reflect.Method.invoke(Method.java:498)
	at org.junit.runners.model.FrameworkMethod$1.runReflectiveCall(FrameworkMethod.java:50)
	at org.junit.internal.runners.model.ReflectiveCallable.run(ReflectiveCallable.java:12)
	at org.junit.runners.model.FrameworkMethod.invokeExplosively(FrameworkMethod.java:47)
	at org.junit.internal.runners.statements.InvokeMethod.evaluate(InvokeMethod.java:17)
	at org.junit.internal.runners.statements.FailOnTimeout$CallableStatement.call(FailOnTimeout.java:298)
	at org.junit.internal.runners.statements.FailOnTimeout$CallableStatement.call(FailOnTimeout.java:292)
	at java.util.concurrent.FutureTask.run(FutureTask.java:266)
	at java.lang.Thread.run(Thread.java:748)

[ERROR] org.apache.commons.codec.digest.digest_MurmurHash3_hash64_byte_____int_int_int_Test.testHash64_EmptyArray -- Time elapsed: 0.001 s <<< FAILURE!
java.lang.AssertionError: expected:<0> but was:<1716623506685013753>
	at org.junit.Assert.fail(Assert.java:88)
	at org.junit.Assert.failNotEquals(Assert.java:834)
	at org.junit.Assert.assertEquals(Assert.java:645)
	at org.junit.Assert.assertEquals(Assert.java:631)
	at org.apache.commons.codec.digest.digest_MurmurHash3_hash64_byte_____int_int_int_Test.testHash64_EmptyArray(digest_MurmurHash3_hash64_byte_____int_int_int_Test.java:29)
	at sun.reflect.NativeMethodAccessorImpl.invoke0(Native Method)
	at sun.reflect.NativeMethodAccessorImpl.invoke(NativeMethodAccessorImpl.java:62)
	at sun.reflect.DelegatingMethodAccessorImpl.invoke(DelegatingMethodAccessorImpl.java:43)
	at java.lang.reflect.Method.invoke(Method.java:498)
	at org.junit.runners.model.FrameworkMethod$1.runReflectiveCall(FrameworkMethod.java:50)
	at org.junit.internal.runners.model.ReflectiveCallable.run(ReflectiveCallable.java:12)
	at org.junit.runners.model.FrameworkMethod.invokeExplosively(FrameworkMethod.java:47)
	at org.junit.internal.runners.statements.InvokeMethod.evaluate(InvokeMethod.java:17)
	at org.junit.internal.runners.statements.FailOnTimeout$CallableStatement.call(FailOnTimeout.java:298)
	at org.junit.internal.runners.statements.FailOnTimeout$CallableStatement.call(FailOnTimeout.java:292)
	at java.util.concurrent.FutureTask.run(FutureTask.java:266)
	at java.lang.Thread.run(Thread.java:748)

[ERROR] org.apache.commons.codec.digest.digest_MurmurHash3_hash64_byte_____int_int_int_Test.testHash64_ValidInput -- Time elapsed: 0.001 s <<< FAILURE!
java.lang.AssertionError: expected:<1234567890123456789> but was:<-92229325712024163>
	at org.junit.Assert.fail(Assert.java:88)
	at org.junit.Assert.failNotEquals(Assert.java:834)
	at org.junit.Assert.assertEquals(Assert.java:645)
	at org.junit.Assert.assertEquals(Assert.java:631)
	at org.apache.commons.codec.digest.digest_MurmurHash3_hash64_byte_____int_int_int_Test.testHash64_ValidInput(digest_MurmurHash3_hash64_byte_____int_int_int_Test.java:17)
	at sun.reflect.NativeMethodAccessorImpl.invoke0(Native Method)
	at sun.reflect.NativeMethodAccessorImpl.invoke(NativeMethodAccessorImpl.java:62)
	at sun.reflect.DelegatingMethodAccessorImpl.invoke(DelegatingMethodAccessorImpl.java:43)
	at java.lang.reflect.Method.invoke(Method.java:498)
	at org.junit.runners.model.FrameworkMethod$1.runReflectiveCall(FrameworkMethod.java:50)
	at org.junit.internal.runners.model.ReflectiveCallable.run(ReflectiveCallable.java:12)
	at org.junit.runners.model.FrameworkMethod.invokeExplosively(FrameworkMethod.java:47)
	at org.junit.internal.runners.statements.InvokeMethod.evaluate(InvokeMethod.java:17)
	at org.junit.internal.runners.statements.FailOnTimeout$CallableStatement.call(FailOnTimeout.java:298)
	at org.junit.internal.runners.statements.FailOnTimeout$CallableStatement.call(FailOnTimeout.java:292)
	at java.util.concurrent.FutureTask.run(FutureTask.java:266)
	at java.lang.Thread.run(Thread.java:748)

[INFO] Running org.apache.commons.codec.digest.digest_PureJavaCrc32C_update_byte_____int_int_Test
[INFO] Tests run: 5, Failures: 0, Errors: 0, Skipped: 0, Time elapsed: 0.033 s -- in org.apache.commons.codec.digest.digest_PureJavaCrc32C_update_byte_____int_int_Test
[INFO] Running org.apache.commons.codec.digest.digest_PureJavaCrc32_update_byte_____int_int_Test
[INFO] Tests run: 5, Failures: 0, Errors: 0, Skipped: 0, Time elapsed: 0.016 s -- in org.apache.commons.codec.digest.digest_PureJavaCrc32_update_byte_____int_int_Test
[INFO] Running org.apache.commons.codec.digest.digest_B64_b64from24bit_byte_byte_byte_int_StringBuilder_Test
[ERROR] Tests run: 2, Failures: 2, Errors: 0, Skipped: 0, Time elapsed: 0.007 s <<< FAILURE! -- in org.apache.commons.codec.digest.digest_B64_b64from24bit_byte_byte_byte_int_StringBuilder_Test
[ERROR] org.apache.commons.codec.digest.digest_B64_b64from24bit_byte_byte_byte_int_StringBuilder_Test.testB64from24bitWithNegativeOutLen -- Time elapsed: 0 s <<< FAILURE!
java.lang.AssertionError: Expected an exception to be thrown
	at org.junit.Assert.fail(Assert.java:88)
	at org.apache.commons.codec.digest.digest_B64_b64from24bit_byte_byte_byte_int_StringBuilder_Test.testB64from24bitWithNegativeOutLen(digest_B64_b64from24bit_byte_byte_byte_int_StringBuilder_Test.java:33)
	at sun.reflect.NativeMethodAccessorImpl.invoke0(Native Method)
	at sun.reflect.NativeMethodAccessorImpl.invoke(NativeMethodAccessorImpl.java:62)
	at sun.reflect.DelegatingMethodAccessorImpl.invoke(DelegatingMethodAccessorImpl.java:43)
	at java.lang.reflect.Method.invoke(Method.java:498)
	at org.junit.runners.model.FrameworkMethod$1.runReflectiveCall(FrameworkMethod.java:50)
	at org.junit.internal.runners.model.ReflectiveCallable.run(ReflectiveCallable.java:12)
	at org.junit.runners.model.FrameworkMethod.invokeExplosively(FrameworkMethod.java:47)
	at org.junit.internal.runners.statements.InvokeMethod.evaluate(InvokeMethod.java:17)
	at org.junit.internal.runners.statements.FailOnTimeout$CallableStatement.call(FailOnTimeout.java:298)
	at org.junit.internal.runners.statements.FailOnTimeout$CallableStatement.call(FailOnTimeout.java:292)
	at java.util.concurrent.FutureTask.run(FutureTask.java:266)
	at java.lang.Thread.run(Thread.java:748)

[ERROR] org.apache.commons.codec.digest.digest_B64_b64from24bit_byte_byte_byte_int_StringBuilder_Test.testB64from24bit -- Time elapsed: 0.002 s <<< FAILURE!
org.junit.ComparisonFailure: expected:<[expectedBase64String]> but was:<[Jduz]>
	at org.junit.Assert.assertEquals(Assert.java:115)
	at org.junit.Assert.assertEquals(Assert.java:144)
	at org.apache.commons.codec.digest.digest_B64_b64from24bit_byte_byte_byte_int_StringBuilder_Test.testB64from24bit(digest_B64_b64from24bit_byte_byte_byte_int_StringBuilder_Test.java:20)
	at sun.reflect.NativeMethodAccessorImpl.invoke0(Native Method)
	at sun.reflect.NativeMethodAccessorImpl.invoke(NativeMethodAccessorImpl.java:62)
	at sun.reflect.DelegatingMethodAccessorImpl.invoke(DelegatingMethodAccessorImpl.java:43)
	at java.lang.reflect.Method.invoke(Method.java:498)
	at org.junit.runners.model.FrameworkMethod$1.runReflectiveCall(FrameworkMethod.java:50)
	at org.junit.internal.runners.model.ReflectiveCallable.run(ReflectiveCallable.java:12)
	at org.junit.runners.model.FrameworkMethod.invokeExplosively(FrameworkMethod.java:47)
	at org.junit.internal.runners.statements.InvokeMethod.evaluate(InvokeMethod.java:17)
	at org.junit.internal.runners.statements.FailOnTimeout$CallableStatement.call(FailOnTimeout.java:298)
	at org.junit.internal.runners.statements.FailOnTimeout$CallableStatement.call(FailOnTimeout.java:292)
	at java.util.concurrent.FutureTask.run(FutureTask.java:266)
	at java.lang.Thread.run(Thread.java:748)

[INFO] Running org.apache.commons.codec.digest.digest_Sha2Crypt_sha512Crypt_byte_____String_Test
[ERROR] Tests run: 4, Failures: 0, Errors: 1, Skipped: 0, Time elapsed: 0.082 s <<< FAILURE! -- in org.apache.commons.codec.digest.digest_Sha2Crypt_sha512Crypt_byte_____String_Test
[ERROR] org.apache.commons.codec.digest.digest_Sha2Crypt_sha512Crypt_byte_____String_Test.testSha512CryptWithEmptySalt -- Time elapsed: 0.002 s <<< ERROR!
java.lang.IllegalArgumentException: Invalid salt value: 
	at org.apache.commons.codec.digest.Sha2Crypt.sha2Crypt(Sha2Crypt.java:184)
	at org.apache.commons.codec.digest.Sha2Crypt.sha512Crypt(Sha2Crypt.java:587)
	at org.apache.commons.codec.digest.digest_Sha2Crypt_sha512Crypt_byte_____String_Test.testSha512CryptWithEmptySalt(digest_Sha2Crypt_sha512Crypt_byte_____String_Test.java:31)
	at sun.reflect.NativeMethodAccessorImpl.invoke0(Native Method)
	at sun.reflect.NativeMethodAccessorImpl.invoke(NativeMethodAccessorImpl.java:62)
	at sun.reflect.DelegatingMethodAccessorImpl.invoke(DelegatingMethodAccessorImpl.java:43)
	at java.lang.reflect.Method.invoke(Method.java:498)
	at org.junit.runners.model.FrameworkMethod$1.runReflectiveCall(FrameworkMethod.java:50)
	at org.junit.internal.runners.model.ReflectiveCallable.run(ReflectiveCallable.java:12)
	at org.junit.runners.model.FrameworkMethod.invokeExplosively(FrameworkMethod.java:47)
	at org.junit.internal.runners.statements.InvokeMethod.evaluate(InvokeMethod.java:17)
	at org.junit.internal.runners.statements.FailOnTimeout$CallableStatement.call(FailOnTimeout.java:298)
	at org.junit.internal.runners.statements.FailOnTimeout$CallableStatement.call(FailOnTimeout.java:292)
	at java.util.concurrent.FutureTask.run(FutureTask.java:266)
	at java.lang.Thread.run(Thread.java:748)

[INFO] Running org.apache.commons.codec.digest.digest_Sha2Crypt_sha256Crypt_byte_____String_Random_Test
[ERROR] Tests run: 4, Failures: 0, Errors: 2, Skipped: 0, Time elapsed: 0.027 s <<< FAILURE! -- in org.apache.commons.codec.digest.digest_Sha2Crypt_sha256Crypt_byte_____String_Random_Test
[ERROR] org.apache.commons.codec.digest.digest_Sha2Crypt_sha256Crypt_byte_____String_Random_Test.testSha256CryptWithValidSalt -- Time elapsed: 0.001 s <<< ERROR!
java.lang.IllegalArgumentException: Invalid salt value: validSalt
	at org.apache.commons.codec.digest.Sha2Crypt.sha2Crypt(Sha2Crypt.java:184)
	at org.apache.commons.codec.digest.Sha2Crypt.sha256Crypt(Sha2Crypt.java:140)
	at org.apache.commons.codec.digest.digest_Sha2Crypt_sha256Crypt_byte_____String_Random_Test.testSha256CryptWithValidSalt(digest_Sha2Crypt_sha256Crypt_byte_____String_Random_Test.java:23)
	at sun.reflect.NativeMethodAccessorImpl.invoke0(Native Method)
	at sun.reflect.NativeMethodAccessorImpl.invoke(NativeMethodAccessorImpl.java:62)
	at sun.reflect.DelegatingMethodAccessorImpl.invoke(DelegatingMethodAccessorImpl.java:43)
	at java.lang.reflect.Method.invoke(Method.java:498)
	at org.junit.runners.model.FrameworkMethod$1.runReflectiveCall(FrameworkMethod.java:50)
	at org.junit.internal.runners.model.ReflectiveCallable.run(ReflectiveCallable.java:12)
	at org.junit.runners.model.FrameworkMethod.invokeExplosively(FrameworkMethod.java:47)
	at org.junit.internal.runners.statements.InvokeMethod.evaluate(InvokeMethod.java:17)
	at org.junit.internal.runners.statements.FailOnTimeout$CallableStatement.call(FailOnTimeout.java:298)
	at org.junit.internal.runners.statements.FailOnTimeout$CallableStatement.call(FailOnTimeout.java:292)
	at java.util.concurrent.FutureTask.run(FutureTask.java:266)
	at java.lang.Thread.run(Thread.java:748)

[ERROR] org.apache.commons.codec.digest.digest_Sha2Crypt_sha256Crypt_byte_____String_Random_Test.testSha256CryptWithEmptyKey -- Time elapsed: 0 s <<< ERROR!
java.lang.IllegalArgumentException: Invalid salt value: validSalt
	at org.apache.commons.codec.digest.Sha2Crypt.sha2Crypt(Sha2Crypt.java:184)
	at org.apache.commons.codec.digest.Sha2Crypt.sha256Crypt(Sha2Crypt.java:140)
	at org.apache.commons.codec.digest.digest_Sha2Crypt_sha256Crypt_byte_____String_Random_Test.testSha256CryptWithEmptyKey(digest_Sha2Crypt_sha256Crypt_byte_____String_Random_Test.java:32)
	at sun.reflect.NativeMethodAccessorImpl.invoke0(Native Method)
	at sun.reflect.NativeMethodAccessorImpl.invoke(NativeMethodAccessorImpl.java:62)
	at sun.reflect.DelegatingMethodAccessorImpl.invoke(DelegatingMethodAccessorImpl.java:43)
	at java.lang.reflect.Method.invoke(Method.java:498)
	at org.junit.runners.model.FrameworkMethod$1.runReflectiveCall(FrameworkMethod.java:50)
	at org.junit.internal.runners.model.ReflectiveCallable.run(ReflectiveCallable.java:12)
	at org.junit.runners.model.FrameworkMethod.invokeExplosively(FrameworkMethod.java:47)
	at org.junit.internal.runners.statements.InvokeMethod.evaluate(InvokeMethod.java:17)
	at org.junit.internal.runners.statements.FailOnTimeout$CallableStatement.call(FailOnTimeout.java:298)
	at org.junit.internal.runners.statements.FailOnTimeout$CallableStatement.call(FailOnTimeout.java:292)
	at java.util.concurrent.FutureTask.run(FutureTask.java:266)
	at java.lang.Thread.run(Thread.java:748)

[INFO] Running org.apache.commons.codec.digest.digest_DigestUtils_isAvailable_String_Test
[ERROR] Tests run: 3, Failures: 1, Errors: 0, Skipped: 0, Time elapsed: 0.021 s <<< FAILURE! -- in org.apache.commons.codec.digest.digest_DigestUtils_isAvailable_String_Test
[ERROR] org.apache.commons.codec.digest.digest_DigestUtils_isAvailable_String_Test.testIsAvailableWithNullAlgorithm -- Time elapsed: 0.002 s <<< FAILURE!
java.lang.AssertionError: Expected an exception to be thrown for null algorithm
	at org.junit.Assert.fail(Assert.java:88)
	at org.apache.commons.codec.digest.digest_DigestUtils_isAvailable_String_Test.testIsAvailableWithNullAlgorithm(digest_DigestUtils_isAvailable_String_Test.java:22)
	at sun.reflect.NativeMethodAccessorImpl.invoke0(Native Method)
	at sun.reflect.NativeMethodAccessorImpl.invoke(NativeMethodAccessorImpl.java:62)
	at sun.reflect.DelegatingMethodAccessorImpl.invoke(DelegatingMethodAccessorImpl.java:43)
	at java.lang.reflect.Method.invoke(Method.java:498)
	at org.junit.runners.model.FrameworkMethod$1.runReflectiveCall(FrameworkMethod.java:50)
	at org.junit.internal.runners.model.ReflectiveCallable.run(ReflectiveCallable.java:12)
	at org.junit.runners.model.FrameworkMethod.invokeExplosively(FrameworkMethod.java:47)
	at org.junit.internal.runners.statements.InvokeMethod.evaluate(InvokeMethod.java:17)
	at org.junit.internal.runners.statements.FailOnTimeout$CallableStatement.call(FailOnTimeout.java:298)
	at org.junit.internal.runners.statements.FailOnTimeout$CallableStatement.call(FailOnTimeout.java:292)
	at java.util.concurrent.FutureTask.run(FutureTask.java:266)
	at java.lang.Thread.run(Thread.java:748)

[INFO] Running org.apache.commons.codec.digest.digest_DigestUtils_updateDigest_MessageDigest_Path_OpenOption_____Test
[ERROR] Tests run: 2, Failures: 0, Errors: 1, Skipped: 0, Time elapsed: 0.028 s <<< FAILURE! -- in org.apache.commons.codec.digest.digest_DigestUtils_updateDigest_MessageDigest_Path_OpenOption_____Test
[ERROR] org.apache.commons.codec.digest.digest_DigestUtils_updateDigest_MessageDigest_Path_OpenOption_____Test.testUpdateDigest_ValidInput -- Time elapsed: 0.010 s <<< ERROR!
java.nio.file.NoSuchFileException: src/test/resources/testfile.txt
	at sun.nio.fs.UnixException.translateToIOException(UnixException.java:86)
	at sun.nio.fs.UnixException.rethrowAsIOException(UnixException.java:102)
	at sun.nio.fs.UnixException.rethrowAsIOException(UnixException.java:107)
	at sun.nio.fs.UnixFileSystemProvider.newByteChannel(UnixFileSystemProvider.java:214)
	at java.nio.file.Files.newByteChannel(Files.java:361)
	at java.nio.file.Files.newByteChannel(Files.java:407)
	at java.nio.file.spi.FileSystemProvider.newInputStream(FileSystemProvider.java:384)
	at java.nio.file.Files.newInputStream(Files.java:152)
	at org.apache.commons.codec.digest.DigestUtils.updateDigest(DigestUtils.java:1337)
	at org.apache.commons.codec.digest.digest_DigestUtils_updateDigest_MessageDigest_Path_OpenOption_____Test.testUpdateDigest_ValidInput(digest_DigestUtils_updateDigest_MessageDigest_Path_OpenOption_____Test.java:23)
	at sun.reflect.NativeMethodAccessorImpl.invoke0(Native Method)
	at sun.reflect.NativeMethodAccessorImpl.invoke(NativeMethodAccessorImpl.java:62)
	at sun.reflect.DelegatingMethodAccessorImpl.invoke(DelegatingMethodAccessorImpl.java:43)
	at java.lang.reflect.Method.invoke(Method.java:498)
	at org.junit.runners.model.FrameworkMethod$1.runReflectiveCall(FrameworkMethod.java:50)
	at org.junit.internal.runners.model.ReflectiveCallable.run(ReflectiveCallable.java:12)
	at org.junit.runners.model.FrameworkMethod.invokeExplosively(FrameworkMethod.java:47)
	at org.junit.internal.runners.statements.InvokeMethod.evaluate(InvokeMethod.java:17)
	at org.junit.internal.runners.statements.FailOnTimeout$CallableStatement.call(FailOnTimeout.java:298)
	at org.junit.internal.runners.statements.FailOnTimeout$CallableStatement.call(FailOnTimeout.java:292)
	at java.util.concurrent.FutureTask.run(FutureTask.java:266)
	at java.lang.Thread.run(Thread.java:748)

[INFO] Running org.apache.commons.codec.digest.digest_UnixCrypt_crypt_byte_____String_Test
[INFO] Tests run: 3, Failures: 0, Errors: 0, Skipped: 0, Time elapsed: 0.009 s -- in org.apache.commons.codec.digest.digest_UnixCrypt_crypt_byte_____String_Test
[INFO] Running org.apache.commons.codec.language.language_RefinedSoundex_getMappingCode_char_Test
[ERROR] Tests run: 4, Failures: 1, Errors: 0, Skipped: 0, Time elapsed: 0.008 s <<< FAILURE! -- in org.apache.commons.codec.language.language_RefinedSoundex_getMappingCode_char_Test
[ERROR] org.apache.commons.codec.language.language_RefinedSoundex_getMappingCode_char_Test.testGetMappingCode_withOutOfBoundsCharacter -- Time elapsed: 0.001 s <<< FAILURE!
java.lang.AssertionError: expected:<0> but was:<53>
	at org.junit.Assert.fail(Assert.java:88)
	at org.junit.Assert.failNotEquals(Assert.java:834)
	at org.junit.Assert.assertEquals(Assert.java:645)
	at org.junit.Assert.assertEquals(Assert.java:631)
	at org.apache.commons.codec.language.language_RefinedSoundex_getMappingCode_char_Test.testGetMappingCode_withOutOfBoundsCharacter(language_RefinedSoundex_getMappingCode_char_Test.java:35)
	at sun.reflect.NativeMethodAccessorImpl.invoke0(Native Method)
	at sun.reflect.NativeMethodAccessorImpl.invoke(NativeMethodAccessorImpl.java:62)
	at sun.reflect.DelegatingMethodAccessorImpl.invoke(DelegatingMethodAccessorImpl.java:43)
	at java.lang.reflect.Method.invoke(Method.java:498)
	at org.junit.runners.model.FrameworkMethod$1.runReflectiveCall(FrameworkMethod.java:50)
	at org.junit.internal.runners.model.ReflectiveCallable.run(ReflectiveCallable.java:12)
	at org.junit.runners.model.FrameworkMethod.invokeExplosively(FrameworkMethod.java:47)
	at org.junit.internal.runners.statements.InvokeMethod.evaluate(InvokeMethod.java:17)
	at org.junit.internal.runners.statements.FailOnTimeout$CallableStatement.call(FailOnTimeout.java:298)
	at org.junit.internal.runners.statements.FailOnTimeout$CallableStatement.call(FailOnTimeout.java:292)
	at java.util.concurrent.FutureTask.run(FutureTask.java:266)
	at java.lang.Thread.run(Thread.java:748)

[INFO] Running org.apache.commons.codec.language.language_DoubleMetaphone_conditionM0_String_int_Test
[ERROR] Tests run: 4, Failures: 2, Errors: 1, Skipped: 0, Time elapsed: 0.018 s <<< FAILURE! -- in org.apache.commons.codec.language.language_DoubleMetaphone_conditionM0_String_int_Test
[ERROR] org.apache.commons.codec.language.language_DoubleMetaphone_conditionM0_String_int_Test.testConditionM0_EmptyString -- Time elapsed: 0.001 s <<< ERROR!
java.lang.IndexOutOfBoundsException
	at org.apache.commons.codec.language.language_DoubleMetaphone_conditionM0_String_int_Test$DoubleMetaphone.isConditionM0(language_DoubleMetaphone_conditionM0_String_int_Test.java:49)
	at org.apache.commons.codec.language.language_DoubleMetaphone_conditionM0_String_int_Test.testConditionM0_EmptyString(language_DoubleMetaphone_conditionM0_String_int_Test.java:40)
	at sun.reflect.NativeMethodAccessorImpl.invoke0(Native Method)
	at sun.reflect.NativeMethodAccessorImpl.invoke(NativeMethodAccessorImpl.java:62)
	at sun.reflect.DelegatingMethodAccessorImpl.invoke(DelegatingMethodAccessorImpl.java:43)
	at java.lang.reflect.Method.invoke(Method.java:498)
	at org.junit.runners.model.FrameworkMethod$1.runReflectiveCall(FrameworkMethod.java:50)
	at org.junit.internal.runners.model.ReflectiveCallable.run(ReflectiveCallable.java:12)
	at org.junit.runners.model.FrameworkMethod.invokeExplosively(FrameworkMethod.java:47)
	at org.junit.internal.runners.statements.InvokeMethod.evaluate(InvokeMethod.java:17)
	at org.junit.internal.runners.statements.FailOnTimeout$CallableStatement.call(FailOnTimeout.java:298)
	at org.junit.internal.runners.statements.FailOnTimeout$CallableStatement.call(FailOnTimeout.java:292)
	at java.util.concurrent.FutureTask.run(FutureTask.java:266)
	at java.lang.Thread.run(Thread.java:748)

[ERROR] org.apache.commons.codec.language.language_DoubleMetaphone_conditionM0_String_int_Test.testConditionM0_TrueCase -- Time elapsed: 0 s <<< FAILURE!
java.lang.AssertionError
	at org.junit.Assert.fail(Assert.java:86)
	at org.junit.Assert.assertTrue(Assert.java:41)
	at org.junit.Assert.assertTrue(Assert.java:52)
	at org.apache.commons.codec.language.language_DoubleMetaphone_conditionM0_String_int_Test.testConditionM0_TrueCase(language_DoubleMetaphone_conditionM0_String_int_Test.java:14)
	at sun.reflect.NativeMethodAccessorImpl.invoke0(Native Method)
	at sun.reflect.NativeMethodAccessorImpl.invoke(NativeMethodAccessorImpl.java:62)
	at sun.reflect.DelegatingMethodAccessorImpl.invoke(DelegatingMethodAccessorImpl.java:43)
	at java.lang.reflect.Method.invoke(Method.java:498)
	at org.junit.runners.model.FrameworkMethod$1.runReflectiveCall(FrameworkMethod.java:50)
	at org.junit.internal.runners.model.ReflectiveCallable.run(ReflectiveCallable.java:12)
	at org.junit.runners.model.FrameworkMethod.invokeExplosively(FrameworkMethod.java:47)
	at org.junit.internal.runners.statements.InvokeMethod.evaluate(InvokeMethod.java:17)
	at org.junit.internal.runners.statements.FailOnTimeout$CallableStatement.call(FailOnTimeout.java:298)
	at org.junit.internal.runners.statements.FailOnTimeout$CallableStatement.call(FailOnTimeout.java:292)
	at java.util.concurrent.FutureTask.run(FutureTask.java:266)
	at java.lang.Thread.run(Thread.java:748)

[ERROR] org.apache.commons.codec.language.language_DoubleMetaphone_conditionM0_String_int_Test.testConditionM0_IndexOutOfBounds -- Time elapsed: 0.003 s <<< FAILURE!
java.lang.AssertionError: Expected an IndexOutOfBoundsException to be thrown
	at org.junit.Assert.fail(Assert.java:88)
	at org.apache.commons.codec.language.language_DoubleMetaphone_conditionM0_String_int_Test.testConditionM0_IndexOutOfBounds(language_DoubleMetaphone_conditionM0_String_int_Test.java:30)
	at sun.reflect.NativeMethodAccessorImpl.invoke0(Native Method)
	at sun.reflect.NativeMethodAccessorImpl.invoke(NativeMethodAccessorImpl.java:62)
	at sun.reflect.DelegatingMethodAccessorImpl.invoke(DelegatingMethodAccessorImpl.java:43)
	at java.lang.reflect.Method.invoke(Method.java:498)
	at org.junit.runners.model.FrameworkMethod$1.runReflectiveCall(FrameworkMethod.java:50)
	at org.junit.internal.runners.model.ReflectiveCallable.run(ReflectiveCallable.java:12)
	at org.junit.runners.model.FrameworkMethod.invokeExplosively(FrameworkMethod.java:47)
	at org.junit.internal.runners.statements.InvokeMethod.evaluate(InvokeMethod.java:17)
	at org.junit.internal.runners.statements.FailOnTimeout$CallableStatement.call(FailOnTimeout.java:298)
	at org.junit.internal.runners.statements.FailOnTimeout$CallableStatement.call(FailOnTimeout.java:292)
	at java.util.concurrent.FutureTask.run(FutureTask.java:266)
	at java.lang.Thread.run(Thread.java:748)

[INFO] Running org.apache.commons.codec.language.language_AbstractCaverphone_encode_Object_Test
[ERROR] Tests run: 2, Failures: 1, Errors: 0, Skipped: 0, Time elapsed: 0.002 s <<< FAILURE! -- in org.apache.commons.codec.language.language_AbstractCaverphone_encode_Object_Test
[ERROR] org.apache.commons.codec.language.language_AbstractCaverphone_encode_Object_Test.testEncode_NonStringInput -- Time elapsed: 0 s <<< FAILURE!
java.lang.AssertionError: Expected exception: org.apache.commons.codec.EncoderException
	at org.junit.internal.runners.statements.ExpectException.evaluate(ExpectException.java:32)
	at org.junit.runners.ParentRunner.runLeaf(ParentRunner.java:325)
	at org.junit.runners.BlockJUnit4ClassRunner.runChild(BlockJUnit4ClassRunner.java:78)
	at org.junit.runners.BlockJUnit4ClassRunner.runChild(BlockJUnit4ClassRunner.java:57)
	at org.junit.runners.ParentRunner$3.run(ParentRunner.java:290)
	at org.junit.runners.ParentRunner$1.schedule(ParentRunner.java:71)
	at org.junit.runners.ParentRunner.runChildren(ParentRunner.java:288)
	at org.junit.runners.ParentRunner.access$000(ParentRunner.java:58)
	at org.junit.runners.ParentRunner$2.evaluate(ParentRunner.java:268)
	at org.junit.runners.ParentRunner.run(ParentRunner.java:363)
	at org.junit.runner.JUnitCore.run(JUnitCore.java:137)
	at org.junit.runner.JUnitCore.run(JUnitCore.java:115)
	at org.junit.vintage.engine.execution.RunnerExecutor.execute(RunnerExecutor.java:42)
	at org.junit.vintage.engine.VintageTestEngine.executeAllChildren(VintageTestEngine.java:80)
	at org.junit.vintage.engine.VintageTestEngine.execute(VintageTestEngine.java:72)
	at org.junit.platform.launcher.core.EngineExecutionOrchestrator.execute(EngineExecutionOrchestrator.java:147)
	at org.junit.platform.launcher.core.EngineExecutionOrchestrator.execute(EngineExecutionOrchestrator.java:127)
	at org.junit.platform.launcher.core.EngineExecutionOrchestrator.execute(EngineExecutionOrchestrator.java:90)
	at org.junit.platform.launcher.core.EngineExecutionOrchestrator.lambda$execute$0(EngineExecutionOrchestrator.java:55)
	at org.junit.platform.launcher.core.EngineExecutionOrchestrator.withInterceptedStreams(EngineExecutionOrchestrator.java:102)
	at org.junit.platform.launcher.core.EngineExecutionOrchestrator.execute(EngineExecutionOrchestrator.java:54)
	at org.junit.platform.launcher.core.DefaultLauncher.execute(DefaultLauncher.java:114)
	at org.junit.platform.launcher.core.DefaultLauncher.execute(DefaultLauncher.java:86)
	at org.junit.platform.launcher.core.DefaultLauncherSession$DelegatingLauncher.execute(DefaultLauncherSession.java:86)
	at org.apache.maven.surefire.junitplatform.LazyLauncher.execute(LazyLauncher.java:56)
	at org.apache.maven.surefire.junitplatform.JUnitPlatformProvider.execute(JUnitPlatformProvider.java:184)
	at org.apache.maven.surefire.junitplatform.JUnitPlatformProvider.invokeAllTests(JUnitPlatformProvider.java:148)
	at org.apache.maven.surefire.junitplatform.JUnitPlatformProvider.invoke(JUnitPlatformProvider.java:122)
	at org.apache.maven.surefire.booter.ForkedBooter.runSuitesInProcess(ForkedBooter.java:385)
	at org.apache.maven.surefire.booter.ForkedBooter.execute(ForkedBooter.java:162)
	at org.apache.maven.surefire.booter.ForkedBooter.run(ForkedBooter.java:507)
	at org.apache.maven.surefire.booter.ForkedBooter.main(ForkedBooter.java:495)

[INFO] Running org.apache.commons.codec.language.language_RefinedSoundex_soundex_String_Test
[ERROR] Tests run: 6, Failures: 3, Errors: 0, Skipped: 0, Time elapsed: 0.036 s <<< FAILURE! -- in org.apache.commons.codec.language.language_RefinedSoundex_soundex_String_Test
[ERROR] org.apache.commons.codec.language.language_RefinedSoundex_soundex_String_Test.testSoundexWithSpecialCharacters -- Time elapsed: 0.001 s <<< FAILURE!
org.junit.ComparisonFailure: expected:<O[2525]> but was:<O[030809]>
	at org.junit.Assert.assertEquals(Assert.java:115)
	at org.junit.Assert.assertEquals(Assert.java:144)
	at org.apache.commons.codec.language.language_RefinedSoundex_soundex_String_Test.testSoundexWithSpecialCharacters(language_RefinedSoundex_soundex_String_Test.java:37)
	at sun.reflect.NativeMethodAccessorImpl.invoke0(Native Method)
	at sun.reflect.NativeMethodAccessorImpl.invoke(NativeMethodAccessorImpl.java:62)
	at sun.reflect.DelegatingMethodAccessorImpl.invoke(DelegatingMethodAccessorImpl.java:43)
	at java.lang.reflect.Method.invoke(Method.java:498)
	at org.junit.runners.model.FrameworkMethod$1.runReflectiveCall(FrameworkMethod.java:50)
	at org.junit.internal.runners.model.ReflectiveCallable.run(ReflectiveCallable.java:12)
	at org.junit.runners.model.FrameworkMethod.invokeExplosively(FrameworkMethod.java:47)
	at org.junit.internal.runners.statements.InvokeMethod.evaluate(InvokeMethod.java:17)
	at org.junit.internal.runners.statements.FailOnTimeout$CallableStatement.call(FailOnTimeout.java:298)
	at org.junit.internal.runners.statements.FailOnTimeout$CallableStatement.call(FailOnTimeout.java:292)
	at java.util.concurrent.FutureTask.run(FutureTask.java:266)
	at java.lang.Thread.run(Thread.java:748)

[ERROR] org.apache.commons.codec.language.language_RefinedSoundex_soundex_String_Test.testSoundexWithRepeatedCharacters -- Time elapsed: 0.001 s <<< FAILURE!
org.junit.ComparisonFailure: expected:<R[163]> but was:<R[901096]>
	at org.junit.Assert.assertEquals(Assert.java:115)
	at org.junit.Assert.assertEquals(Assert.java:144)
	at org.apache.commons.codec.language.language_RefinedSoundex_soundex_String_Test.testSoundexWithRepeatedCharacters(language_RefinedSoundex_soundex_String_Test.java:31)
	at sun.reflect.NativeMethodAccessorImpl.invoke0(Native Method)
	at sun.reflect.NativeMethodAccessorImpl.invoke(NativeMethodAccessorImpl.java:62)
	at sun.reflect.DelegatingMethodAccessorImpl.invoke(DelegatingMethodAccessorImpl.java:43)
	at java.lang.reflect.Method.invoke(Method.java:498)
	at org.junit.runners.model.FrameworkMethod$1.runReflectiveCall(FrameworkMethod.java:50)
	at org.junit.internal.runners.model.ReflectiveCallable.run(ReflectiveCallable.java:12)
	at org.junit.runners.model.FrameworkMethod.invokeExplosively(FrameworkMethod.java:47)
	at org.junit.internal.runners.statements.InvokeMethod.evaluate(InvokeMethod.java:17)
	at org.junit.internal.runners.statements.FailOnTimeout$CallableStatement.call(FailOnTimeout.java:298)
	at org.junit.internal.runners.statements.FailOnTimeout$CallableStatement.call(FailOnTimeout.java:292)
	at java.util.concurrent.FutureTask.run(FutureTask.java:266)
	at java.lang.Thread.run(Thread.java:748)

[ERROR] org.apache.commons.codec.language.language_RefinedSoundex_soundex_String_Test.testSoundexWithValidInput -- Time elapsed: 0.001 s <<< FAILURE!
org.junit.ComparisonFailure: expected:<R[163]> but was:<R[901096]>
	at org.junit.Assert.assertEquals(Assert.java:115)
	at org.junit.Assert.assertEquals(Assert.java:144)
	at org.apache.commons.codec.language.language_RefinedSoundex_soundex_String_Test.testSoundexWithValidInput(language_RefinedSoundex_soundex_String_Test.java:25)
	at sun.reflect.NativeMethodAccessorImpl.invoke0(Native Method)
	at sun.reflect.NativeMethodAccessorImpl.invoke(NativeMethodAccessorImpl.java:62)
	at sun.reflect.DelegatingMethodAccessorImpl.invoke(DelegatingMethodAccessorImpl.java:43)
	at java.lang.reflect.Method.invoke(Method.java:498)
	at org.junit.runners.model.FrameworkMethod$1.runReflectiveCall(FrameworkMethod.java:50)
	at org.junit.internal.runners.model.ReflectiveCallable.run(ReflectiveCallable.java:12)
	at org.junit.runners.model.FrameworkMethod.invokeExplosively(FrameworkMethod.java:47)
	at org.junit.internal.runners.statements.InvokeMethod.evaluate(InvokeMethod.java:17)
	at org.junit.internal.runners.statements.FailOnTimeout$CallableStatement.call(FailOnTimeout.java:298)
	at org.junit.internal.runners.statements.FailOnTimeout$CallableStatement.call(FailOnTimeout.java:292)
	at java.util.concurrent.FutureTask.run(FutureTask.java:266)
	at java.lang.Thread.run(Thread.java:748)

[INFO] Running org.apache.commons.codec.language.language_Metaphone_encode_Object_Test
[INFO] Tests run: 2, Failures: 0, Errors: 0, Skipped: 0, Time elapsed: 0.001 s -- in org.apache.commons.codec.language.language_Metaphone_encode_Object_Test
[INFO] Running org.apache.commons.codec.language.language_DoubleMetaphone_encode_Object_Test
[INFO] Tests run: 2, Failures: 0, Errors: 0, Skipped: 0, Time elapsed: 0.004 s -- in org.apache.commons.codec.language.language_DoubleMetaphone_encode_Object_Test
[INFO] Running org.apache.commons.codec.language.bm.language_bm_BeiderMorseEncoder_encode_String_Test
[ERROR] Tests run: 4, Failures: 0, Errors: 3, Skipped: 0, Time elapsed: 12.19 s <<< FAILURE! -- in org.apache.commons.codec.language.bm.language_bm_BeiderMorseEncoder_encode_String_Test
[ERROR] org.apache.commons.codec.language.bm.language_bm_BeiderMorseEncoder_encode_String_Test.testEncode_EmptyInput -- Time elapsed: 4.013 s <<< ERROR!
org.junit.runners.model.TestTimedOutException: test timed out after 4000 milliseconds
	at org.apache.commons.codec.language.bm.Rule.parseRules(Rule.java:533)
	at org.apache.commons.codec.language.bm.Rule.lambda$static$1(Rule.java:317)
	at org.apache.commons.codec.language.bm.Rule$$Lambda$286/441606445.accept(Unknown Source)
	at java.lang.Iterable.forEach(Iterable.java:75)
	at java.util.Collections$UnmodifiableCollection.forEach(Collections.java:1080)
	at org.apache.commons.codec.language.bm.Rule.<clinit>(Rule.java:315)
	at org.apache.commons.codec.language.bm.PhoneticEngine.encode(PhoneticEngine.java:377)
	at org.apache.commons.codec.language.bm.PhoneticEngine.encode(PhoneticEngine.java:363)
	at org.apache.commons.codec.language.bm.BeiderMorseEncoder.encode(BeiderMorseEncoder.java:110)
	at org.apache.commons.codec.language.bm.language_bm_BeiderMorseEncoder_encode_String_Test.testEncode_EmptyInput(language_bm_BeiderMorseEncoder_encode_String_Test.java:30)
	at sun.reflect.NativeMethodAccessorImpl.invoke0(Native Method)
	at sun.reflect.NativeMethodAccessorImpl.invoke(NativeMethodAccessorImpl.java:62)
	at sun.reflect.DelegatingMethodAccessorImpl.invoke(DelegatingMethodAccessorImpl.java:43)
	at java.lang.reflect.Method.invoke(Method.java:498)
	at org.junit.runners.model.FrameworkMethod$1.runReflectiveCall(FrameworkMethod.java:50)
	at org.junit.internal.runners.model.ReflectiveCallable.run(ReflectiveCallable.java:12)
	at org.junit.runners.model.FrameworkMethod.invokeExplosively(FrameworkMethod.java:47)
	at org.junit.internal.runners.statements.InvokeMethod.evaluate(InvokeMethod.java:17)
	at org.junit.internal.runners.statements.FailOnTimeout$CallableStatement.call(FailOnTimeout.java:298)
	at org.junit.internal.runners.statements.FailOnTimeout$CallableStatement.call(FailOnTimeout.java:292)
	at java.util.concurrent.FutureTask.run(FutureTask.java:266)
	at java.lang.Thread.run(Thread.java:748)

[ERROR] org.apache.commons.codec.language.bm.language_bm_BeiderMorseEncoder_encode_String_Test.testEncode_ValidInput -- Time elapsed: 4.019 s <<< ERROR!
org.junit.runners.model.TestTimedOutException: test timed out after 4000 milliseconds
	at org.apache.commons.codec.language.bm.PhoneticEngine.encode(PhoneticEngine.java:377)
	at org.apache.commons.codec.language.bm.PhoneticEngine.encode(PhoneticEngine.java:363)
	at org.apache.commons.codec.language.bm.BeiderMorseEncoder.encode(BeiderMorseEncoder.java:110)
	at org.apache.commons.codec.language.bm.language_bm_BeiderMorseEncoder_encode_String_Test.testEncode_ValidInput(language_bm_BeiderMorseEncoder_encode_String_Test.java:22)
	at sun.reflect.NativeMethodAccessorImpl.invoke0(Native Method)
	at sun.reflect.NativeMethodAccessorImpl.invoke(NativeMethodAccessorImpl.java:62)
	at sun.reflect.DelegatingMethodAccessorImpl.invoke(DelegatingMethodAccessorImpl.java:43)
	at java.lang.reflect.Method.invoke(Method.java:498)
	at org.junit.runners.model.FrameworkMethod$1.runReflectiveCall(FrameworkMethod.java:50)
	at org.junit.internal.runners.model.ReflectiveCallable.run(ReflectiveCallable.java:12)
	at org.junit.runners.model.FrameworkMethod.invokeExplosively(FrameworkMethod.java:47)
	at org.junit.internal.runners.statements.InvokeMethod.evaluate(InvokeMethod.java:17)
	at org.junit.internal.runners.statements.FailOnTimeout$CallableStatement.call(FailOnTimeout.java:298)
	at org.junit.internal.runners.statements.FailOnTimeout$CallableStatement.call(FailOnTimeout.java:292)
	at java.util.concurrent.FutureTask.run(FutureTask.java:266)
	at java.lang.Thread.run(Thread.java:748)

[ERROR] org.apache.commons.codec.language.bm.language_bm_BeiderMorseEncoder_encode_String_Test.testEncode_ThrowsEncoderException -- Time elapsed: 4.009 s <<< ERROR!
org.junit.runners.model.TestTimedOutException: test timed out after 4000 milliseconds
	at org.apache.commons.codec.language.bm.PhoneticEngine.encode(PhoneticEngine.java:377)
	at org.apache.commons.codec.language.bm.PhoneticEngine.encode(PhoneticEngine.java:363)
	at org.apache.commons.codec.language.bm.BeiderMorseEncoder.encode(BeiderMorseEncoder.java:110)
	at org.apache.commons.codec.language.bm.language_bm_BeiderMorseEncoder_encode_String_Test.testEncode_ThrowsEncoderException(language_bm_BeiderMorseEncoder_encode_String_Test.java:39)
	at sun.reflect.NativeMethodAccessorImpl.invoke0(Native Method)
	at sun.reflect.NativeMethodAccessorImpl.invoke(NativeMethodAccessorImpl.java:62)
	at sun.reflect.DelegatingMethodAccessorImpl.invoke(DelegatingMethodAccessorImpl.java:43)
	at java.lang.reflect.Method.invoke(Method.java:498)
	at org.junit.runners.model.FrameworkMethod$1.runReflectiveCall(FrameworkMethod.java:50)
	at org.junit.internal.runners.model.ReflectiveCallable.run(ReflectiveCallable.java:12)
	at org.junit.runners.model.FrameworkMethod.invokeExplosively(FrameworkMethod.java:47)
	at org.junit.internal.runners.statements.InvokeMethod.evaluate(InvokeMethod.java:17)
	at org.junit.internal.runners.statements.FailOnTimeout$CallableStatement.call(FailOnTimeout.java:298)
	at org.junit.internal.runners.statements.FailOnTimeout$CallableStatement.call(FailOnTimeout.java:292)
	at java.util.concurrent.FutureTask.run(FutureTask.java:266)
	at java.lang.Thread.run(Thread.java:748)

[INFO] Running org.apache.commons.codec.language.bm.language_bm_Rule_patternAndContextMatches_CharSequence_int_Test
[INFO] Tests run: 1, Failures: 0, Errors: 0, Skipped: 0, Time elapsed: 0.826 s -- in org.apache.commons.codec.language.bm.language_bm_Rule_patternAndContextMatches_CharSequence_int_Test
[INFO] Running org.apache.commons.codec.language.language_MatchRatingApproachEncoder_cleanName_String_Test
[INFO] Tests run: 1, Failures: 0, Errors: 0, Skipped: 0, Time elapsed: 0.018 s -- in org.apache.commons.codec.language.language_MatchRatingApproachEncoder_cleanName_String_Test
[INFO] Running org.apache.commons.codec.language.language_Soundex__init__char_____Test
[INFO] Tests run: 3, Failures: 0, Errors: 0, Skipped: 0, Time elapsed: 0.008 s -- in org.apache.commons.codec.language.language_Soundex__init__char_____Test
[INFO] Running org.apache.commons.codec.language.language_Caverphone_encode_Object_Test
[INFO] Tests run: 2, Failures: 0, Errors: 0, Skipped: 0, Time elapsed: 0.099 s -- in org.apache.commons.codec.language.language_Caverphone_encode_Object_Test
[INFO] Running org.apache.commons.codec.language.language_RefinedSoundex_encode_Object_Test
[ERROR] Tests run: 3, Failures: 2, Errors: 0, Skipped: 0, Time elapsed: 0.094 s <<< FAILURE! -- in org.apache.commons.codec.language.language_RefinedSoundex_encode_Object_Test
[ERROR] org.apache.commons.codec.language.language_RefinedSoundex_encode_Object_Test.testEncodeWithNull -- Time elapsed: 0.014 s <<< FAILURE!
java.lang.AssertionError: Expected EncoderException to be thrown
	at org.junit.Assert.fail(Assert.java:88)
	at org.apache.commons.codec.language.language_RefinedSoundex_encode_Object_Test.testEncodeWithNull(language_RefinedSoundex_encode_Object_Test.java:40)
	at sun.reflect.NativeMethodAccessorImpl.invoke0(Native Method)
	at sun.reflect.NativeMethodAccessorImpl.invoke(NativeMethodAccessorImpl.java:62)
	at sun.reflect.DelegatingMethodAccessorImpl.invoke(DelegatingMethodAccessorImpl.java:43)
	at java.lang.reflect.Method.invoke(Method.java:498)
	at org.junit.runners.model.FrameworkMethod$1.runReflectiveCall(FrameworkMethod.java:50)
	at org.junit.internal.runners.model.ReflectiveCallable.run(ReflectiveCallable.java:12)
	at org.junit.runners.model.FrameworkMethod.invokeExplosively(FrameworkMethod.java:47)
	at org.junit.internal.runners.statements.InvokeMethod.evaluate(InvokeMethod.java:17)
	at org.junit.internal.runners.statements.FailOnTimeout$CallableStatement.call(FailOnTimeout.java:298)
	at org.junit.internal.runners.statements.FailOnTimeout$CallableStatement.call(FailOnTimeout.java:292)
	at java.util.concurrent.FutureTask.run(FutureTask.java:266)
	at java.lang.Thread.run(Thread.java:748)

[ERROR] org.apache.commons.codec.language.language_RefinedSoundex_encode_Object_Test.testEncodeWithInvalidType -- Time elapsed: 0.003 s <<< FAILURE!
java.lang.AssertionError: Expected ClassCastException to be thrown, but got a different exception
	at org.junit.Assert.fail(Assert.java:88)
	at org.apache.commons.codec.language.language_RefinedSoundex_encode_Object_Test.testEncodeWithInvalidType(language_RefinedSoundex_encode_Object_Test.java:32)
	at sun.reflect.NativeMethodAccessorImpl.invoke0(Native Method)
	at sun.reflect.NativeMethodAccessorImpl.invoke(NativeMethodAccessorImpl.java:62)
	at sun.reflect.DelegatingMethodAccessorImpl.invoke(DelegatingMethodAccessorImpl.java:43)
	at java.lang.reflect.Method.invoke(Method.java:498)
	at org.junit.runners.model.FrameworkMethod$1.runReflectiveCall(FrameworkMethod.java:50)
	at org.junit.internal.runners.model.ReflectiveCallable.run(ReflectiveCallable.java:12)
	at org.junit.runners.model.FrameworkMethod.invokeExplosively(FrameworkMethod.java:47)
	at org.junit.internal.runners.statements.InvokeMethod.evaluate(InvokeMethod.java:17)
	at org.junit.internal.runners.statements.FailOnTimeout$CallableStatement.call(FailOnTimeout.java:298)
	at org.junit.internal.runners.statements.FailOnTimeout$CallableStatement.call(FailOnTimeout.java:292)
	at java.util.concurrent.FutureTask.run(FutureTask.java:266)
	at java.lang.Thread.run(Thread.java:748)

[INFO] Running org.apache.commons.codec.language.language_Caverphone2_encode_String_Test
[ERROR] Tests run: 5, Failures: 3, Errors: 0, Skipped: 0, Time elapsed: 0.033 s <<< FAILURE! -- in org.apache.commons.codec.language.language_Caverphone2_encode_String_Test
[ERROR] org.apache.commons.codec.language.language_Caverphone2_encode_String_Test.testEncodeWithNormalString -- Time elapsed: 0.005 s <<< FAILURE!
org.junit.ComparisonFailure: expected:<[expected_output]> but was:<[AKMPA11111]>
	at org.junit.Assert.assertEquals(Assert.java:115)
	at org.junit.Assert.assertEquals(Assert.java:144)
	at org.apache.commons.codec.language.language_Caverphone2_encode_String_Test.testEncodeWithNormalString(language_Caverphone2_encode_String_Test.java:29)
	at sun.reflect.NativeMethodAccessorImpl.invoke0(Native Method)
	at sun.reflect.NativeMethodAccessorImpl.invoke(NativeMethodAccessorImpl.java:62)
	at sun.reflect.DelegatingMethodAccessorImpl.invoke(DelegatingMethodAccessorImpl.java:43)
	at java.lang.reflect.Method.invoke(Method.java:498)
	at org.junit.runners.model.FrameworkMethod$1.runReflectiveCall(FrameworkMethod.java:50)
	at org.junit.internal.runners.model.ReflectiveCallable.run(ReflectiveCallable.java:12)
	at org.junit.runners.model.FrameworkMethod.invokeExplosively(FrameworkMethod.java:47)
	at org.junit.internal.runners.statements.InvokeMethod.evaluate(InvokeMethod.java:17)
	at org.junit.internal.runners.statements.FailOnTimeout$CallableStatement.call(FailOnTimeout.java:298)
	at org.junit.internal.runners.statements.FailOnTimeout$CallableStatement.call(FailOnTimeout.java:292)
	at java.util.concurrent.FutureTask.run(FutureTask.java:266)
	at java.lang.Thread.run(Thread.java:748)

[ERROR] org.apache.commons.codec.language.language_Caverphone2_encode_String_Test.testEncodeWithFinalE -- Time elapsed: 0.003 s <<< FAILURE!
org.junit.ComparisonFailure: expected:<[expected_output]> but was:<[AKMPLA1111]>
	at org.junit.Assert.assertEquals(Assert.java:115)
	at org.junit.Assert.assertEquals(Assert.java:144)
	at org.apache.commons.codec.language.language_Caverphone2_encode_String_Test.testEncodeWithFinalE(language_Caverphone2_encode_String_Test.java:45)
	at sun.reflect.NativeMethodAccessorImpl.invoke0(Native Method)
	at sun.reflect.NativeMethodAccessorImpl.invoke(NativeMethodAccessorImpl.java:62)
	at sun.reflect.DelegatingMethodAccessorImpl.invoke(DelegatingMethodAccessorImpl.java:43)
	at java.lang.reflect.Method.invoke(Method.java:498)
	at org.junit.runners.model.FrameworkMethod$1.runReflectiveCall(FrameworkMethod.java:50)
	at org.junit.internal.runners.model.ReflectiveCallable.run(ReflectiveCallable.java:12)
	at org.junit.runners.model.FrameworkMethod.invokeExplosively(FrameworkMethod.java:47)
	at org.junit.internal.runners.statements.InvokeMethod.evaluate(InvokeMethod.java:17)
	at org.junit.internal.runners.statements.FailOnTimeout$CallableStatement.call(FailOnTimeout.java:298)
	at org.junit.internal.runners.statements.FailOnTimeout$CallableStatement.call(FailOnTimeout.java:292)
	at java.util.concurrent.FutureTask.run(FutureTask.java:266)
	at java.lang.Thread.run(Thread.java:748)

[ERROR] org.apache.commons.codec.language.language_Caverphone2_encode_String_Test.testEncodeWithSpecialCharacters -- Time elapsed: 0.004 s <<< FAILURE!
org.junit.ComparisonFailure: expected:<[expected_output]> but was:<[AKMPA11111]>
	at org.junit.Assert.assertEquals(Assert.java:115)
	at org.junit.Assert.assertEquals(Assert.java:144)
	at org.apache.commons.codec.language.language_Caverphone2_encode_String_Test.testEncodeWithSpecialCharacters(language_Caverphone2_encode_String_Test.java:37)
	at sun.reflect.NativeMethodAccessorImpl.invoke0(Native Method)
	at sun.reflect.NativeMethodAccessorImpl.invoke(NativeMethodAccessorImpl.java:62)
	at sun.reflect.DelegatingMethodAccessorImpl.invoke(DelegatingMethodAccessorImpl.java:43)
	at java.lang.reflect.Method.invoke(Method.java:498)
	at org.junit.runners.model.FrameworkMethod$1.runReflectiveCall(FrameworkMethod.java:50)
	at org.junit.internal.runners.model.ReflectiveCallable.run(ReflectiveCallable.java:12)
	at org.junit.runners.model.FrameworkMethod.invokeExplosively(FrameworkMethod.java:47)
	at org.junit.internal.runners.statements.InvokeMethod.evaluate(InvokeMethod.java:17)
	at org.junit.internal.runners.statements.FailOnTimeout$CallableStatement.call(FailOnTimeout.java:298)
	at org.junit.internal.runners.statements.FailOnTimeout$CallableStatement.call(FailOnTimeout.java:292)
	at java.util.concurrent.FutureTask.run(FutureTask.java:266)
	at java.lang.Thread.run(Thread.java:748)

[INFO] Running org.apache.commons.codec.language.language_DoubleMetaphone_conditionCH0_String_int_Test
[ERROR] Tests run: 5, Failures: 1, Errors: 1, Skipped: 0, Time elapsed: 0.027 s <<< FAILURE! -- in org.apache.commons.codec.language.language_DoubleMetaphone_conditionCH0_String_int_Test
[ERROR] org.apache.commons.codec.language.language_DoubleMetaphone_conditionCH0_String_int_Test.testConditionCH0_ContainsTrue -- Time elapsed: 0.004 s <<< FAILURE!
java.lang.AssertionError
	at org.junit.Assert.fail(Assert.java:86)
	at org.junit.Assert.assertTrue(Assert.java:41)
	at org.junit.Assert.assertTrue(Assert.java:52)
	at org.apache.commons.codec.language.language_DoubleMetaphone_conditionCH0_String_int_Test.testConditionCH0_ContainsTrue(language_DoubleMetaphone_conditionCH0_String_int_Test.java:24)
	at sun.reflect.NativeMethodAccessorImpl.invoke0(Native Method)
	at sun.reflect.NativeMethodAccessorImpl.invoke(NativeMethodAccessorImpl.java:62)
	at sun.reflect.DelegatingMethodAccessorImpl.invoke(DelegatingMethodAccessorImpl.java:43)
	at java.lang.reflect.Method.invoke(Method.java:498)
	at org.junit.runners.model.FrameworkMethod$1.runReflectiveCall(FrameworkMethod.java:50)
	at org.junit.internal.runners.model.ReflectiveCallable.run(ReflectiveCallable.java:12)
	at org.junit.runners.model.FrameworkMethod.invokeExplosively(FrameworkMethod.java:47)
	at org.junit.internal.runners.statements.InvokeMethod.evaluate(InvokeMethod.java:17)
	at org.junit.internal.runners.statements.FailOnTimeout$CallableStatement.call(FailOnTimeout.java:298)
	at org.junit.internal.runners.statements.FailOnTimeout$CallableStatement.call(FailOnTimeout.java:292)
	at java.util.concurrent.FutureTask.run(FutureTask.java:266)
	at java.lang.Thread.run(Thread.java:748)

[ERROR] org.apache.commons.codec.language.language_DoubleMetaphone_conditionCH0_String_int_Test.testConditionCH0_ExceptionHandling -- Time elapsed: 0.001 s <<< ERROR!
java.lang.RuntimeException: java.lang.reflect.InvocationTargetException
	at org.apache.commons.codec.language.language_DoubleMetaphone_conditionCH0_String_int_Test.testConditionCH0(language_DoubleMetaphone_conditionCH0_String_int_Test.java:52)
	at org.apache.commons.codec.language.language_DoubleMetaphone_conditionCH0_String_int_Test.testConditionCH0_ExceptionHandling(language_DoubleMetaphone_conditionCH0_String_int_Test.java:37)
	at sun.reflect.NativeMethodAccessorImpl.invoke0(Native Method)
	at sun.reflect.NativeMethodAccessorImpl.invoke(NativeMethodAccessorImpl.java:62)
	at sun.reflect.DelegatingMethodAccessorImpl.invoke(DelegatingMethodAccessorImpl.java:43)
	at java.lang.reflect.Method.invoke(Method.java:498)
	at org.junit.runners.model.FrameworkMethod$1.runReflectiveCall(FrameworkMethod.java:50)
	at org.junit.internal.runners.model.ReflectiveCallable.run(ReflectiveCallable.java:12)
	at org.junit.runners.model.FrameworkMethod.invokeExplosively(FrameworkMethod.java:47)
	at org.junit.internal.runners.statements.InvokeMethod.evaluate(InvokeMethod.java:17)
	at org.junit.internal.runners.statements.FailOnTimeout$CallableStatement.call(FailOnTimeout.java:298)
	at org.junit.internal.runners.statements.FailOnTimeout$CallableStatement.call(FailOnTimeout.java:292)
	at java.util.concurrent.FutureTask.run(FutureTask.java:266)
	at java.lang.Thread.run(Thread.java:748)
Caused by: java.lang.reflect.InvocationTargetException
	at sun.reflect.NativeMethodAccessorImpl.invoke0(Native Method)
	at sun.reflect.NativeMethodAccessorImpl.invoke(NativeMethodAccessorImpl.java:62)
	at sun.reflect.DelegatingMethodAccessorImpl.invoke(DelegatingMethodAccessorImpl.java:43)
	at java.lang.reflect.Method.invoke(Method.java:498)
	at org.apache.commons.codec.language.language_DoubleMetaphone_conditionCH0_String_int_Test.testConditionCH0(language_DoubleMetaphone_conditionCH0_String_int_Test.java:50)
	... 13 more
Caused by: java.lang.NullPointerException
	at org.apache.commons.codec.language.DoubleMetaphone.contains(DoubleMetaphone.java:202)
	at org.apache.commons.codec.language.DoubleMetaphone.conditionCH0(DoubleMetaphone.java:282)
	... 18 more

[INFO] Running org.apache.commons.codec.language.language_MatchRatingApproachEncoder_encode_String_Test
[ERROR] Tests run: 6, Failures: 2, Errors: 0, Skipped: 0, Time elapsed: 0.044 s <<< FAILURE! -- in org.apache.commons.codec.language.language_MatchRatingApproachEncoder_encode_String_Test
[ERROR] org.apache.commons.codec.language.language_MatchRatingApproachEncoder_encode_String_Test.testEncode_CleanName -- Time elapsed: 0.006 s <<< FAILURE!
org.junit.ComparisonFailure: expected:<J[hn]D> but was:<J[HN]D>
	at org.junit.Assert.assertEquals(Assert.java:115)
	at org.junit.Assert.assertEquals(Assert.java:144)
	at org.apache.commons.codec.language.language_MatchRatingApproachEncoder_encode_String_Test.testEncode_CleanName(language_MatchRatingApproachEncoder_encode_String_Test.java:39)
	at sun.reflect.NativeMethodAccessorImpl.invoke0(Native Method)
	at sun.reflect.NativeMethodAccessorImpl.invoke(NativeMethodAccessorImpl.java:62)
	at sun.reflect.DelegatingMethodAccessorImpl.invoke(DelegatingMethodAccessorImpl.java:43)
	at java.lang.reflect.Method.invoke(Method.java:498)
	at org.junit.runners.model.FrameworkMethod$1.runReflectiveCall(FrameworkMethod.java:50)
	at org.junit.internal.runners.model.ReflectiveCallable.run(ReflectiveCallable.java:12)
	at org.junit.runners.model.FrameworkMethod.invokeExplosively(FrameworkMethod.java:47)
	at org.junit.internal.runners.statements.InvokeMethod.evaluate(InvokeMethod.java:17)
	at org.junit.internal.runners.statements.FailOnTimeout$CallableStatement.call(FailOnTimeout.java:298)
	at org.junit.internal.runners.statements.FailOnTimeout$CallableStatement.call(FailOnTimeout.java:292)
	at java.util.concurrent.FutureTask.run(FutureTask.java:266)
	at java.lang.Thread.run(Thread.java:748)

[ERROR] org.apache.commons.codec.language.language_MatchRatingApproachEncoder_encode_String_Test.testEncode_DoubleConsonants -- Time elapsed: 0.003 s <<< FAILURE!
org.junit.ComparisonFailure: expected:<B[by]> but was:<B[BY]>
	at org.junit.Assert.assertEquals(Assert.java:115)
	at org.junit.Assert.assertEquals(Assert.java:144)
	at org.apache.commons.codec.language.language_MatchRatingApproachEncoder_encode_String_Test.testEncode_DoubleConsonants(language_MatchRatingApproachEncoder_encode_String_Test.java:46)
	at sun.reflect.NativeMethodAccessorImpl.invoke0(Native Method)
	at sun.reflect.NativeMethodAccessorImpl.invoke(NativeMethodAccessorImpl.java:62)
	at sun.reflect.DelegatingMethodAccessorImpl.invoke(DelegatingMethodAccessorImpl.java:43)
	at java.lang.reflect.Method.invoke(Method.java:498)
	at org.junit.runners.model.FrameworkMethod$1.runReflectiveCall(FrameworkMethod.java:50)
	at org.junit.internal.runners.model.ReflectiveCallable.run(ReflectiveCallable.java:12)
	at org.junit.runners.model.FrameworkMethod.invokeExplosively(FrameworkMethod.java:47)
	at org.junit.internal.runners.statements.InvokeMethod.evaluate(InvokeMethod.java:17)
	at org.junit.internal.runners.statements.FailOnTimeout$CallableStatement.call(FailOnTimeout.java:298)
	at org.junit.internal.runners.statements.FailOnTimeout$CallableStatement.call(FailOnTimeout.java:292)
	at java.util.concurrent.FutureTask.run(FutureTask.java:266)
	at java.lang.Thread.run(Thread.java:748)

[INFO] Running org.apache.commons.codec.language.language_MatchRatingApproachEncoder_isEncodeEquals_String_String_Test
[INFO] Tests run: 13, Failures: 0, Errors: 0, Skipped: 0, Time elapsed: 0.031 s -- in org.apache.commons.codec.language.language_MatchRatingApproachEncoder_isEncodeEquals_String_String_Test
[INFO] Running org.apache.commons.codec.language.language_Soundex_soundex_String_Test
[INFO] Tests run: 6, Failures: 0, Errors: 0, Skipped: 0, Time elapsed: 0.019 s -- in org.apache.commons.codec.language.language_Soundex_soundex_String_Test
[INFO] Running org.apache.commons.codec.language.language_Soundex_encode_Object_Test
[INFO] Tests run: 2, Failures: 0, Errors: 0, Skipped: 0, Time elapsed: 0.005 s -- in org.apache.commons.codec.language.language_Soundex_encode_Object_Test
[INFO] Running org.apache.commons.codec.language.language_DaitchMokotoffSoundex_encode_String_Test
[ERROR] Tests run: 2, Failures: 1, Errors: 0, Skipped: 0, Time elapsed: 0.367 s <<< FAILURE! -- in org.apache.commons.codec.language.language_DaitchMokotoffSoundex_encode_String_Test
[ERROR] org.apache.commons.codec.language.language_DaitchMokotoffSoundex_encode_String_Test.testEncode_ValidInput -- Time elapsed: 0.019 s <<< FAILURE!
org.junit.ComparisonFailure: expected:<[E251]> but was:<[054678]>
	at org.junit.Assert.assertEquals(Assert.java:115)
	at org.junit.Assert.assertEquals(Assert.java:144)
	at org.apache.commons.codec.language.language_DaitchMokotoffSoundex_encode_String_Test.testEncode_ValidInput(language_DaitchMokotoffSoundex_encode_String_Test.java:19)
	at sun.reflect.NativeMethodAccessorImpl.invoke0(Native Method)
	at sun.reflect.NativeMethodAccessorImpl.invoke(NativeMethodAccessorImpl.java:62)
	at sun.reflect.DelegatingMethodAccessorImpl.invoke(DelegatingMethodAccessorImpl.java:43)
	at java.lang.reflect.Method.invoke(Method.java:498)
	at org.junit.runners.model.FrameworkMethod$1.runReflectiveCall(FrameworkMethod.java:50)
	at org.junit.internal.runners.model.ReflectiveCallable.run(ReflectiveCallable.java:12)
	at org.junit.runners.model.FrameworkMethod.invokeExplosively(FrameworkMethod.java:47)
	at org.junit.internal.runners.statements.InvokeMethod.evaluate(InvokeMethod.java:17)
	at org.junit.internal.runners.statements.FailOnTimeout$CallableStatement.call(FailOnTimeout.java:298)
	at org.junit.internal.runners.statements.FailOnTimeout$CallableStatement.call(FailOnTimeout.java:292)
	at java.util.concurrent.FutureTask.run(FutureTask.java:266)
	at java.lang.Thread.run(Thread.java:748)

[INFO] Running org.apache.commons.codec.language.language_ColognePhonetic_encode_Object_Test
[INFO] Tests run: 2, Failures: 0, Errors: 0, Skipped: 0, Time elapsed: 0.027 s -- in org.apache.commons.codec.language.language_ColognePhonetic_encode_Object_Test
[INFO] Running org.apache.commons.codec.language.language_MatchRatingApproachEncoder_removeVowels_String_Test
[ERROR] Tests run: 6, Failures: 4, Errors: 1, Skipped: 0, Time elapsed: 0.166 s <<< FAILURE! -- in org.apache.commons.codec.language.language_MatchRatingApproachEncoder_removeVowels_String_Test
[ERROR] org.apache.commons.codec.language.language_MatchRatingApproachEncoder_removeVowels_String_Test.testRemoveVowels_WithEmptyString -- Time elapsed: 0.115 s <<< ERROR!
java.lang.StringIndexOutOfBoundsException: String index out of range: 1
	at java.lang.String.substring(String.java:1963)
	at org.apache.commons.codec.language.MatchRatingApproachEncoder.removeVowels(MatchRatingApproachEncoder.java:416)
	at org.apache.commons.codec.language.language_MatchRatingApproachEncoder_removeVowels_String_Test.testRemoveVowels_WithEmptyString(language_MatchRatingApproachEncoder_removeVowels_String_Test.java:31)
	at sun.reflect.NativeMethodAccessorImpl.invoke0(Native Method)
	at sun.reflect.NativeMethodAccessorImpl.invoke(NativeMethodAccessorImpl.java:62)
	at sun.reflect.DelegatingMethodAccessorImpl.invoke(DelegatingMethodAccessorImpl.java:43)
	at java.lang.reflect.Method.invoke(Method.java:498)
	at org.junit.runners.model.FrameworkMethod$1.runReflectiveCall(FrameworkMethod.java:50)
	at org.junit.internal.runners.model.ReflectiveCallable.run(ReflectiveCallable.java:12)
	at org.junit.runners.model.FrameworkMethod.invokeExplosively(FrameworkMethod.java:47)
	at org.junit.internal.runners.statements.InvokeMethod.evaluate(InvokeMethod.java:17)
	at org.junit.internal.runners.statements.FailOnTimeout$CallableStatement.call(FailOnTimeout.java:298)
	at org.junit.internal.runners.statements.FailOnTimeout$CallableStatement.call(FailOnTimeout.java:292)
	at java.util.concurrent.FutureTask.run(FutureTask.java:266)
	at java.lang.Thread.run(Thread.java:748)

[ERROR] org.apache.commons.codec.language.language_MatchRatingApproachEncoder_removeVowels_String_Test.testRemoveVowels_WithAllVowels -- Time elapsed: 0.004 s <<< FAILURE!
org.junit.ComparisonFailure: expected:<[]> but was:<[A]>
	at org.junit.Assert.assertEquals(Assert.java:115)
	at org.junit.Assert.assertEquals(Assert.java:144)
	at org.apache.commons.codec.language.language_MatchRatingApproachEncoder_removeVowels_String_Test.testRemoveVowels_WithAllVowels(language_MatchRatingApproachEncoder_removeVowels_String_Test.java:25)
	at sun.reflect.NativeMethodAccessorImpl.invoke0(Native Method)
	at sun.reflect.NativeMethodAccessorImpl.invoke(NativeMethodAccessorImpl.java:62)
	at sun.reflect.DelegatingMethodAccessorImpl.invoke(DelegatingMethodAccessorImpl.java:43)
	at java.lang.reflect.Method.invoke(Method.java:498)
	at org.junit.runners.model.FrameworkMethod$1.runReflectiveCall(FrameworkMethod.java:50)
	at org.junit.internal.runners.model.ReflectiveCallable.run(ReflectiveCallable.java:12)
	at org.junit.runners.model.FrameworkMethod.invokeExplosively(FrameworkMethod.java:47)
	at org.junit.internal.runners.statements.InvokeMethod.evaluate(InvokeMethod.java:17)
	at org.junit.internal.runners.statements.FailOnTimeout$CallableStatement.call(FailOnTimeout.java:298)
	at org.junit.internal.runners.statements.FailOnTimeout$CallableStatement.call(FailOnTimeout.java:292)
	at java.util.concurrent.FutureTask.run(FutureTask.java:266)
	at java.lang.Thread.run(Thread.java:748)

[ERROR] org.apache.commons.codec.language.language_MatchRatingApproachEncoder_removeVowels_String_Test.testRemoveVowels_WithConsonantFirstLetter -- Time elapsed: 0.001 s <<< FAILURE!
org.junit.ComparisonFailure: expected:<B[]b> but was:<B[o]b>
	at org.junit.Assert.assertEquals(Assert.java:115)
	at org.junit.Assert.assertEquals(Assert.java:144)
	at org.apache.commons.codec.language.language_MatchRatingApproachEncoder_removeVowels_String_Test.testRemoveVowels_WithConsonantFirstLetter(language_MatchRatingApproachEncoder_removeVowels_String_Test.java:18)
	at sun.reflect.NativeMethodAccessorImpl.invoke0(Native Method)
	at sun.reflect.NativeMethodAccessorImpl.invoke(NativeMethodAccessorImpl.java:62)
	at sun.reflect.DelegatingMethodAccessorImpl.invoke(DelegatingMethodAccessorImpl.java:43)
	at java.lang.reflect.Method.invoke(Method.java:498)
	at org.junit.runners.model.FrameworkMethod$1.runReflectiveCall(FrameworkMethod.java:50)
	at org.junit.internal.runners.model.ReflectiveCallable.run(ReflectiveCallable.java:12)
	at org.junit.runners.model.FrameworkMethod.invokeExplosively(FrameworkMethod.java:47)
	at org.junit.internal.runners.statements.InvokeMethod.evaluate(InvokeMethod.java:17)
	at org.junit.internal.runners.statements.FailOnTimeout$CallableStatement.call(FailOnTimeout.java:298)
	at org.junit.internal.runners.statements.FailOnTimeout$CallableStatement.call(FailOnTimeout.java:292)
	at java.util.concurrent.FutureTask.run(FutureTask.java:266)
	at java.lang.Thread.run(Thread.java:748)

[ERROR] org.apache.commons.codec.language.language_MatchRatingApproachEncoder_removeVowels_String_Test.testRemoveVowels_WithSpaces -- Time elapsed: 0.002 s <<< FAILURE!
org.junit.ComparisonFailure: expected:<[B C]> but was:<[ B C  ]>
	at org.junit.Assert.assertEquals(Assert.java:115)
	at org.junit.Assert.assertEquals(Assert.java:144)
	at org.apache.commons.codec.language.language_MatchRatingApproachEncoder_removeVowels_String_Test.testRemoveVowels_WithSpaces(language_MatchRatingApproachEncoder_removeVowels_String_Test.java:39)
	at sun.reflect.NativeMethodAccessorImpl.invoke0(Native Method)
	at sun.reflect.NativeMethodAccessorImpl.invoke(NativeMethodAccessorImpl.java:62)
	at sun.reflect.DelegatingMethodAccessorImpl.invoke(DelegatingMethodAccessorImpl.java:43)
	at java.lang.reflect.Method.invoke(Method.java:498)
	at org.junit.runners.model.FrameworkMethod$1.runReflectiveCall(FrameworkMethod.java:50)
	at org.junit.internal.runners.model.ReflectiveCallable.run(ReflectiveCallable.java:12)
	at org.junit.runners.model.FrameworkMethod.invokeExplosively(FrameworkMethod.java:47)
	at org.junit.internal.runners.statements.InvokeMethod.evaluate(InvokeMethod.java:17)
	at org.junit.internal.runners.statements.FailOnTimeout$CallableStatement.call(FailOnTimeout.java:298)
	at org.junit.internal.runners.statements.FailOnTimeout$CallableStatement.call(FailOnTimeout.java:292)
	at java.util.concurrent.FutureTask.run(FutureTask.java:266)
	at java.lang.Thread.run(Thread.java:748)

[ERROR] org.apache.commons.codec.language.language_MatchRatingApproachEncoder_removeVowels_String_Test.testRemoveVowels_WithVowelFirstLetter -- Time elapsed: 0.001 s <<< FAILURE!
org.junit.ComparisonFailure: expected:<Al[c]> but was:<Al[ice]>
	at org.junit.Assert.assertEquals(Assert.java:115)
	at org.junit.Assert.assertEquals(Assert.java:144)
	at org.apache.commons.codec.language.language_MatchRatingApproachEncoder_removeVowels_String_Test.testRemoveVowels_WithVowelFirstLetter(language_MatchRatingApproachEncoder_removeVowels_String_Test.java:11)
	at sun.reflect.NativeMethodAccessorImpl.invoke0(Native Method)
	at sun.reflect.NativeMethodAccessorImpl.invoke(NativeMethodAccessorImpl.java:62)
	at sun.reflect.DelegatingMethodAccessorImpl.invoke(DelegatingMethodAccessorImpl.java:43)
	at java.lang.reflect.Method.invoke(Method.java:498)
	at org.junit.runners.model.FrameworkMethod$1.runReflectiveCall(FrameworkMethod.java:50)
	at org.junit.internal.runners.model.ReflectiveCallable.run(ReflectiveCallable.java:12)
	at org.junit.runners.model.FrameworkMethod.invokeExplosively(FrameworkMethod.java:47)
	at org.junit.internal.runners.statements.InvokeMethod.evaluate(InvokeMethod.java:17)
	at org.junit.internal.runners.statements.FailOnTimeout$CallableStatement.call(FailOnTimeout.java:298)
	at org.junit.internal.runners.statements.FailOnTimeout$CallableStatement.call(FailOnTimeout.java:292)
	at java.util.concurrent.FutureTask.run(FutureTask.java:266)
	at java.lang.Thread.run(Thread.java:748)

[INFO] Running org.apache.commons.codec.language.language_DaitchMokotoffSoundex_encode_Object_Test
[INFO] Tests run: 2, Failures: 0, Errors: 0, Skipped: 0, Time elapsed: 0.013 s -- in org.apache.commons.codec.language.language_DaitchMokotoffSoundex_encode_Object_Test
[INFO] Running org.apache.commons.codec.language.language_Nysiis_encode_Object_Test
[INFO] Tests run: 2, Failures: 0, Errors: 0, Skipped: 0, Time elapsed: 0.012 s -- in org.apache.commons.codec.language.language_Nysiis_encode_Object_Test
[INFO] Running org.apache.commons.codec.cli.cli_Digest_println_String_byte_____String_Test
[ERROR] Tests run: 4, Failures: 1, Errors: 0, Skipped: 0, Time elapsed: 0.030 s <<< FAILURE! -- in org.apache.commons.codec.cli.cli_Digest_println_String_byte_____String_Test
[ERROR] org.apache.commons.codec.cli.cli_Digest_println_String_byte_____String_Test.testPrintlnWithNullDigest -- Time elapsed: 0 s <<< FAILURE!
java.lang.AssertionError: Expected an exception to be thrown
	at org.junit.Assert.fail(Assert.java:88)
	at org.apache.commons.codec.cli.cli_Digest_println_String_byte_____String_Test.testPrintlnWithNullDigest(cli_Digest_println_String_byte_____String_Test.java:55)
	at sun.reflect.NativeMethodAccessorImpl.invoke0(Native Method)
	at sun.reflect.NativeMethodAccessorImpl.invoke(NativeMethodAccessorImpl.java:62)
	at sun.reflect.DelegatingMethodAccessorImpl.invoke(DelegatingMethodAccessorImpl.java:43)
	at java.lang.reflect.Method.invoke(Method.java:498)
	at org.junit.runners.model.FrameworkMethod$1.runReflectiveCall(FrameworkMethod.java:50)
	at org.junit.internal.runners.model.ReflectiveCallable.run(ReflectiveCallable.java:12)
	at org.junit.runners.model.FrameworkMethod.invokeExplosively(FrameworkMethod.java:47)
	at org.junit.internal.runners.statements.InvokeMethod.evaluate(InvokeMethod.java:17)
	at org.junit.internal.runners.statements.FailOnTimeout$CallableStatement.call(FailOnTimeout.java:298)
	at org.junit.internal.runners.statements.FailOnTimeout$CallableStatement.call(FailOnTimeout.java:292)
	at java.util.concurrent.FutureTask.run(FutureTask.java:266)
	at java.lang.Thread.run(Thread.java:748)

[INFO] Running org.apache.commons.codec.StringEncoderComparator_compare_Object_Object_Test
[ERROR] Tests run: 4, Failures: 1, Errors: 3, Skipped: 0, Time elapsed: 0.050 s <<< FAILURE! -- in org.apache.commons.codec.StringEncoderComparator_compare_Object_Object_Test
[ERROR] org.apache.commons.codec.StringEncoderComparator_compare_Object_Object_Test.testCompare_EncoderException -- Time elapsed: 0.010 s <<< FAILURE!
java.lang.AssertionError: Should not throw EncoderException expected:<true> but was:<false>
	at org.junit.Assert.fail(Assert.java:88)
	at org.junit.Assert.failNotEquals(Assert.java:834)
	at org.junit.Assert.assertEquals(Assert.java:118)
	at org.apache.commons.codec.StringEncoderComparator_compare_Object_Object_Test.testCompare_EncoderException(StringEncoderComparator_compare_Object_Object_Test.java:47)
	at sun.reflect.NativeMethodAccessorImpl.invoke0(Native Method)
	at sun.reflect.NativeMethodAccessorImpl.invoke(NativeMethodAccessorImpl.java:62)
	at sun.reflect.DelegatingMethodAccessorImpl.invoke(DelegatingMethodAccessorImpl.java:43)
	at java.lang.reflect.Method.invoke(Method.java:498)
	at org.junit.runners.model.FrameworkMethod$1.runReflectiveCall(FrameworkMethod.java:50)
	at org.junit.internal.runners.model.ReflectiveCallable.run(ReflectiveCallable.java:12)
	at org.junit.runners.model.FrameworkMethod.invokeExplosively(FrameworkMethod.java:47)
	at org.junit.internal.runners.statements.InvokeMethod.evaluate(InvokeMethod.java:17)
	at org.junit.internal.runners.statements.FailOnTimeout$CallableStatement.call(FailOnTimeout.java:298)
	at org.junit.internal.runners.statements.FailOnTimeout$CallableStatement.call(FailOnTimeout.java:292)
	at java.util.concurrent.FutureTask.run(FutureTask.java:266)
	at java.lang.Thread.run(Thread.java:748)

[ERROR] org.apache.commons.codec.StringEncoderComparator_compare_Object_Object_Test.testCompare_EqualComparableObjects -- Time elapsed: 0.003 s <<< ERROR!
java.lang.NullPointerException
	at org.apache.commons.codec.StringEncoderComparator.compare(StringEncoderComparator.java:80)
	at org.apache.commons.codec.StringEncoderComparator_compare_Object_Object_Test.testCompare_EqualComparableObjects(StringEncoderComparator_compare_Object_Object_Test.java:24)
	at sun.reflect.NativeMethodAccessorImpl.invoke0(Native Method)
	at sun.reflect.NativeMethodAccessorImpl.invoke(NativeMethodAccessorImpl.java:62)
	at sun.reflect.DelegatingMethodAccessorImpl.invoke(DelegatingMethodAccessorImpl.java:43)
	at java.lang.reflect.Method.invoke(Method.java:498)
	at org.junit.runners.model.FrameworkMethod$1.runReflectiveCall(FrameworkMethod.java:50)
	at org.junit.internal.runners.model.ReflectiveCallable.run(ReflectiveCallable.java:12)
	at org.junit.runners.model.FrameworkMethod.invokeExplosively(FrameworkMethod.java:47)
	at org.junit.internal.runners.statements.InvokeMethod.evaluate(InvokeMethod.java:17)
	at org.junit.internal.runners.statements.FailOnTimeout$CallableStatement.call(FailOnTimeout.java:298)
	at org.junit.internal.runners.statements.FailOnTimeout$CallableStatement.call(FailOnTimeout.java:292)
	at java.util.concurrent.FutureTask.run(FutureTask.java:266)
	at java.lang.Thread.run(Thread.java:748)

[ERROR] org.apache.commons.codec.StringEncoderComparator_compare_Object_Object_Test.testCompare_ValidComparableObjects -- Time elapsed: 0.004 s <<< ERROR!
java.lang.NullPointerException
	at org.apache.commons.codec.StringEncoderComparator.compare(StringEncoderComparator.java:80)
	at org.apache.commons.codec.StringEncoderComparator_compare_Object_Object_Test.testCompare_ValidComparableObjects(StringEncoderComparator_compare_Object_Object_Test.java:15)
	at sun.reflect.NativeMethodAccessorImpl.invoke0(Native Method)
	at sun.reflect.NativeMethodAccessorImpl.invoke(NativeMethodAccessorImpl.java:62)
	at sun.reflect.DelegatingMethodAccessorImpl.invoke(DelegatingMethodAccessorImpl.java:43)
	at java.lang.reflect.Method.invoke(Method.java:498)
	at org.junit.runners.model.FrameworkMethod$1.runReflectiveCall(FrameworkMethod.java:50)
	at org.junit.internal.runners.model.ReflectiveCallable.run(ReflectiveCallable.java:12)
	at org.junit.runners.model.FrameworkMethod.invokeExplosively(FrameworkMethod.java:47)
	at org.junit.internal.runners.statements.InvokeMethod.evaluate(InvokeMethod.java:17)
	at org.junit.internal.runners.statements.FailOnTimeout$CallableStatement.call(FailOnTimeout.java:298)
	at org.junit.internal.runners.statements.FailOnTimeout$CallableStatement.call(FailOnTimeout.java:292)
	at java.util.concurrent.FutureTask.run(FutureTask.java:266)
	at java.lang.Thread.run(Thread.java:748)

[ERROR] org.apache.commons.codec.StringEncoderComparator_compare_Object_Object_Test.testCompare_NullObjects -- Time elapsed: 0.003 s <<< ERROR!
java.lang.NullPointerException
	at org.apache.commons.codec.StringEncoderComparator.compare(StringEncoderComparator.java:80)
	at org.apache.commons.codec.StringEncoderComparator_compare_Object_Object_Test.testCompare_NullObjects(StringEncoderComparator_compare_Object_Object_Test.java:32)
	at sun.reflect.NativeMethodAccessorImpl.invoke0(Native Method)
	at sun.reflect.NativeMethodAccessorImpl.invoke(NativeMethodAccessorImpl.java:62)
	at sun.reflect.DelegatingMethodAccessorImpl.invoke(DelegatingMethodAccessorImpl.java:43)
	at java.lang.reflect.Method.invoke(Method.java:498)
	at org.junit.runners.model.FrameworkMethod$1.runReflectiveCall(FrameworkMethod.java:50)
	at org.junit.internal.runners.model.ReflectiveCallable.run(ReflectiveCallable.java:12)
	at org.junit.runners.model.FrameworkMethod.invokeExplosively(FrameworkMethod.java:47)
	at org.junit.internal.runners.statements.InvokeMethod.evaluate(InvokeMethod.java:17)
	at org.junit.internal.runners.statements.FailOnTimeout$CallableStatement.call(FailOnTimeout.java:298)
	at org.junit.internal.runners.statements.FailOnTimeout$CallableStatement.call(FailOnTimeout.java:292)
	at java.util.concurrent.FutureTask.run(FutureTask.java:266)
	at java.lang.Thread.run(Thread.java:748)

[INFO] Running org.apache.commons.codec.binary.binary_BaseNCodec__init__int_int_int_int_byte_CodecPolicy_Test
[INFO] Tests run: 1, Failures: 0, Errors: 0, Skipped: 0, Time elapsed: 0.054 s -- in org.apache.commons.codec.binary.binary_BaseNCodec__init__int_int_int_int_byte_CodecPolicy_Test
[INFO] Running org.apache.commons.codec.binary.binary_Hex_decode_Object_Test
[INFO] Tests run: 4, Failures: 0, Errors: 0, Skipped: 0, Time elapsed: 0.028 s -- in org.apache.commons.codec.binary.binary_Hex_decode_Object_Test
[INFO] Running org.apache.commons.codec.binary.binary_Base64_toUrlSafeEncodeTable_boolean_Test
[INFO] Tests run: 2, Failures: 0, Errors: 0, Skipped: 0, Time elapsed: 0.002 s -- in org.apache.commons.codec.binary.binary_Base64_toUrlSafeEncodeTable_boolean_Test
[INFO] Running org.apache.commons.codec.binary.binary_Hex_decodeHex_char_____byte_____int_Test
[INFO] Tests run: 3, Failures: 0, Errors: 0, Skipped: 0, Time elapsed: 0.009 s -- in org.apache.commons.codec.binary.binary_Hex_decodeHex_char_____byte_____int_Test
[INFO] Running org.apache.commons.codec.binary.binary_BaseNCodec_decode_Object_Test
[INFO] Tests run: 3, Failures: 0, Errors: 0, Skipped: 0, Time elapsed: 0.006 s -- in org.apache.commons.codec.binary.binary_BaseNCodec_decode_Object_Test
[INFO] Running org.apache.commons.codec.binary.binary_Base16_decode_byte_____int_int_Context_Test
[ERROR] Tests run: 4, Failures: 0, Errors: 2, Skipped: 0, Time elapsed: 0.019 s <<< FAILURE! -- in org.apache.commons.codec.binary.binary_Base16_decode_byte_____int_int_Context_Test
[ERROR] org.apache.commons.codec.binary.binary_Base16_decode_byte_____int_int_Context_Test.testDecodeWithValidData -- Time elapsed: 0.002 s <<< ERROR!
java.lang.IllegalArgumentException: Invalid octet in encoded value: 26
	at org.apache.commons.codec.binary.Base16.decodeOctet(Base16.java:196)
	at org.apache.commons.codec.binary.Base16.decode(Base16.java:179)
	at org.apache.commons.codec.binary.binary_Base16_decode_byte_____int_int_Context_Test.testDecodeWithValidData(binary_Base16_decode_byte_____int_int_Context_Test.java:17)
	at sun.reflect.NativeMethodAccessorImpl.invoke0(Native Method)
	at sun.reflect.NativeMethodAccessorImpl.invoke(NativeMethodAccessorImpl.java:62)
	at sun.reflect.DelegatingMethodAccessorImpl.invoke(DelegatingMethodAccessorImpl.java:43)
	at java.lang.reflect.Method.invoke(Method.java:498)
	at org.junit.runners.model.FrameworkMethod$1.runReflectiveCall(FrameworkMethod.java:50)
	at org.junit.internal.runners.model.ReflectiveCallable.run(ReflectiveCallable.java:12)
	at org.junit.runners.model.FrameworkMethod.invokeExplosively(FrameworkMethod.java:47)
	at org.junit.internal.runners.statements.InvokeMethod.evaluate(InvokeMethod.java:17)
	at org.junit.internal.runners.statements.FailOnTimeout$CallableStatement.call(FailOnTimeout.java:298)
	at org.junit.internal.runners.statements.FailOnTimeout$CallableStatement.call(FailOnTimeout.java:292)
	at java.util.concurrent.FutureTask.run(FutureTask.java:266)
	at java.lang.Thread.run(Thread.java:748)

[ERROR] org.apache.commons.codec.binary.binary_Base16_decode_byte_____int_int_Context_Test.testDecodeWithHalfByte -- Time elapsed: 0.002 s <<< ERROR!
java.lang.IllegalArgumentException: Invalid octet in encoded value: 26
	at org.apache.commons.codec.binary.Base16.decodeOctet(Base16.java:196)
	at org.apache.commons.codec.binary.Base16.decode(Base16.java:172)
	at org.apache.commons.codec.binary.binary_Base16_decode_byte_____int_int_Context_Test.testDecodeWithHalfByte(binary_Base16_decode_byte_____int_int_Context_Test.java:64)
	at sun.reflect.NativeMethodAccessorImpl.invoke0(Native Method)
	at sun.reflect.NativeMethodAccessorImpl.invoke(NativeMethodAccessorImpl.java:62)
	at sun.reflect.DelegatingMethodAccessorImpl.invoke(DelegatingMethodAccessorImpl.java:43)
	at java.lang.reflect.Method.invoke(Method.java:498)
	at org.junit.runners.model.FrameworkMethod$1.runReflectiveCall(FrameworkMethod.java:50)
	at org.junit.internal.runners.model.ReflectiveCallable.run(ReflectiveCallable.java:12)
	at org.junit.runners.model.FrameworkMethod.invokeExplosively(FrameworkMethod.java:47)
	at org.junit.internal.runners.statements.InvokeMethod.evaluate(InvokeMethod.java:17)
	at org.junit.internal.runners.statements.FailOnTimeout$CallableStatement.call(FailOnTimeout.java:298)
	at org.junit.internal.runners.statements.FailOnTimeout$CallableStatement.call(FailOnTimeout.java:292)
	at java.util.concurrent.FutureTask.run(FutureTask.java:266)
	at java.lang.Thread.run(Thread.java:748)

[INFO] Running org.apache.commons.codec.binary.binary_BaseNCodecOutputStream_flush_boolean_Test
[INFO] Tests run: 3, Failures: 0, Errors: 0, Skipped: 0, Time elapsed: 0.012 s -- in org.apache.commons.codec.binary.binary_BaseNCodecOutputStream_flush_boolean_Test
[INFO] Running org.apache.commons.codec.binary.binary_Base16_decodeOctet_byte_Test
[ERROR] Tests run: 2, Failures: 2, Errors: 0, Skipped: 0, Time elapsed: 0.014 s <<< FAILURE! -- in org.apache.commons.codec.binary.binary_Base16_decodeOctet_byte_Test
[ERROR] org.apache.commons.codec.binary.binary_Base16_decodeOctet_byte_Test.testDecodeOctet_ValidOctet -- Time elapsed: 0.004 s <<< FAILURE!
java.lang.AssertionError: Reflection failed: null
	at org.junit.Assert.fail(Assert.java:88)
	at org.apache.commons.codec.binary.binary_Base16_decodeOctet_byte_Test.testDecodeOctet_ValidOctet(binary_Base16_decodeOctet_byte_Test.java:19)
	at sun.reflect.NativeMethodAccessorImpl.invoke0(Native Method)
	at sun.reflect.NativeMethodAccessorImpl.invoke(NativeMethodAccessorImpl.java:62)
	at sun.reflect.DelegatingMethodAccessorImpl.invoke(DelegatingMethodAccessorImpl.java:43)
	at java.lang.reflect.Method.invoke(Method.java:498)
	at org.junit.runners.model.FrameworkMethod$1.runReflectiveCall(FrameworkMethod.java:50)
	at org.junit.internal.runners.model.ReflectiveCallable.run(ReflectiveCallable.java:12)
	at org.junit.runners.model.FrameworkMethod.invokeExplosively(FrameworkMethod.java:47)
	at org.junit.internal.runners.statements.InvokeMethod.evaluate(InvokeMethod.java:17)
	at org.junit.internal.runners.statements.FailOnTimeout$CallableStatement.call(FailOnTimeout.java:298)
	at org.junit.internal.runners.statements.FailOnTimeout$CallableStatement.call(FailOnTimeout.java:292)
	at java.util.concurrent.FutureTask.run(FutureTask.java:266)
	at java.lang.Thread.run(Thread.java:748)

[ERROR] org.apache.commons.codec.binary.binary_Base16_decodeOctet_byte_Test.testDecodeOctet_InvalidOctet -- Time elapsed: 0.002 s <<< FAILURE!
java.lang.AssertionError: Reflection failed: null
	at org.junit.Assert.fail(Assert.java:88)
	at org.apache.commons.codec.binary.binary_Base16_decodeOctet_byte_Test.testDecodeOctet_InvalidOctet(binary_Base16_decodeOctet_byte_Test.java:35)
	at sun.reflect.NativeMethodAccessorImpl.invoke0(Native Method)
	at sun.reflect.NativeMethodAccessorImpl.invoke(NativeMethodAccessorImpl.java:62)
	at sun.reflect.DelegatingMethodAccessorImpl.invoke(DelegatingMethodAccessorImpl.java:43)
	at java.lang.reflect.Method.invoke(Method.java:498)
	at org.junit.runners.model.FrameworkMethod$1.runReflectiveCall(FrameworkMethod.java:50)
	at org.junit.internal.runners.model.ReflectiveCallable.run(ReflectiveCallable.java:12)
	at org.junit.runners.model.FrameworkMethod.invokeExplosively(FrameworkMethod.java:47)
	at org.junit.internal.runners.statements.InvokeMethod.evaluate(InvokeMethod.java:17)
	at org.junit.internal.runners.statements.FailOnTimeout$CallableStatement.call(FailOnTimeout.java:298)
	at org.junit.internal.runners.statements.FailOnTimeout$CallableStatement.call(FailOnTimeout.java:292)
	at java.util.concurrent.FutureTask.run(FutureTask.java:266)
	at java.lang.Thread.run(Thread.java:748)

[INFO] Running org.apache.commons.codec.binary.binary_BinaryCodec_encode_Object_Test
[INFO] Tests run: 2, Failures: 0, Errors: 0, Skipped: 0, Time elapsed: 0.002 s -- in org.apache.commons.codec.binary.binary_BinaryCodec_encode_Object_Test
[INFO] Running org.apache.commons.codec.binary.binary_Hex_toDigit_char_int_Test
[INFO] Tests run: 2, Failures: 0, Errors: 0, Skipped: 0, Time elapsed: 0.002 s -- in org.apache.commons.codec.binary.binary_Hex_toDigit_char_int_Test
[INFO] Running org.apache.commons.codec.binary.binary_BinaryCodec_fromAscii_char_____Test
[ERROR] Tests run: 4, Failures: 2, Errors: 0, Skipped: 0, Time elapsed: 0.010 s <<< FAILURE! -- in org.apache.commons.codec.binary.binary_BinaryCodec_fromAscii_char_____Test
[ERROR] org.apache.commons.codec.binary.binary_BinaryCodec_fromAscii_char_____Test.testFromAscii_InvalidInput -- Time elapsed: 0 s <<< FAILURE!
java.lang.AssertionError: Expected an exception to be thrown for invalid input
	at org.apache.commons.codec.binary.binary_BinaryCodec_fromAscii_char_____Test.testFromAscii_InvalidInput(binary_BinaryCodec_fromAscii_char_____Test.java:38)
	at sun.reflect.NativeMethodAccessorImpl.invoke0(Native Method)
	at sun.reflect.NativeMethodAccessorImpl.invoke(NativeMethodAccessorImpl.java:62)
	at sun.reflect.DelegatingMethodAccessorImpl.invoke(DelegatingMethodAccessorImpl.java:43)
	at java.lang.reflect.Method.invoke(Method.java:498)
	at org.junit.runners.model.FrameworkMethod$1.runReflectiveCall(FrameworkMethod.java:50)
	at org.junit.internal.runners.model.ReflectiveCallable.run(ReflectiveCallable.java:12)
	at org.junit.runners.model.FrameworkMethod.invokeExplosively(FrameworkMethod.java:47)
	at org.junit.internal.runners.statements.InvokeMethod.evaluate(InvokeMethod.java:17)
	at org.junit.internal.runners.statements.FailOnTimeout$CallableStatement.call(FailOnTimeout.java:298)
	at org.junit.internal.runners.statements.FailOnTimeout$CallableStatement.call(FailOnTimeout.java:292)
	at java.util.concurrent.FutureTask.run(FutureTask.java:266)
	at java.lang.Thread.run(Thread.java:748)

[ERROR] org.apache.commons.codec.binary.binary_BinaryCodec_fromAscii_char_____Test.testFromAscii_ValidInput -- Time elapsed: 0.002 s <<< FAILURE!
java.lang.AssertionError: array lengths differed, expected.length=0 actual.length=1
	at org.junit.Assert.fail(Assert.java:88)
	at org.junit.internal.ComparisonCriteria.assertArraysAreSameLength(ComparisonCriteria.java:76)
	at org.junit.internal.ComparisonCriteria.arrayEquals(ComparisonCriteria.java:37)
	at org.junit.Assert.internalArrayEquals(Assert.java:532)
	at org.junit.Assert.assertArrayEquals(Assert.java:341)
	at org.junit.Assert.assertArrayEquals(Assert.java:352)
	at org.apache.commons.codec.binary.binary_BinaryCodec_fromAscii_char_____Test.testFromAscii_ValidInput(binary_BinaryCodec_fromAscii_char_____Test.java:29)
	at sun.reflect.NativeMethodAccessorImpl.invoke0(Native Method)
	at sun.reflect.NativeMethodAccessorImpl.invoke(NativeMethodAccessorImpl.java:62)
	at sun.reflect.DelegatingMethodAccessorImpl.invoke(DelegatingMethodAccessorImpl.java:43)
	at java.lang.reflect.Method.invoke(Method.java:498)
	at org.junit.runners.model.FrameworkMethod$1.runReflectiveCall(FrameworkMethod.java:50)
	at org.junit.internal.runners.model.ReflectiveCallable.run(ReflectiveCallable.java:12)
	at org.junit.runners.model.FrameworkMethod.invokeExplosively(FrameworkMethod.java:47)
	at org.junit.internal.runners.statements.InvokeMethod.evaluate(InvokeMethod.java:17)
	at org.junit.internal.runners.statements.FailOnTimeout$CallableStatement.call(FailOnTimeout.java:298)
	at org.junit.internal.runners.statements.FailOnTimeout$CallableStatement.call(FailOnTimeout.java:292)
	at java.util.concurrent.FutureTask.run(FutureTask.java:266)
	at java.lang.Thread.run(Thread.java:748)

[INFO] Running org.apache.commons.codec.binary.binary_BinaryCodec_decode_Object_Test
[ERROR] Tests run: 5, Failures: 3, Errors: 0, Skipped: 0, Time elapsed: 0.010 s <<< FAILURE! -- in org.apache.commons.codec.binary.binary_BinaryCodec_decode_Object_Test
[ERROR] org.apache.commons.codec.binary.binary_BinaryCodec_decode_Object_Test.testDecodeWithByteArray -- Time elapsed: 0.001 s <<< FAILURE!
java.lang.AssertionError: array lengths differed, expected.length=3 actual.length=0
	at org.junit.Assert.fail(Assert.java:88)
	at org.junit.internal.ComparisonCriteria.assertArraysAreSameLength(ComparisonCriteria.java:76)
	at org.junit.internal.ComparisonCriteria.arrayEquals(ComparisonCriteria.java:37)
	at org.junit.Assert.internalArrayEquals(Assert.java:532)
	at org.junit.Assert.assertArrayEquals(Assert.java:341)
	at org.junit.Assert.assertArrayEquals(Assert.java:352)
	at org.apache.commons.codec.binary.binary_BinaryCodec_decode_Object_Test.testDecodeWithByteArray(binary_BinaryCodec_decode_Object_Test.java:24)
	at sun.reflect.NativeMethodAccessorImpl.invoke0(Native Method)
	at sun.reflect.NativeMethodAccessorImpl.invoke(NativeMethodAccessorImpl.java:62)
	at sun.reflect.DelegatingMethodAccessorImpl.invoke(DelegatingMethodAccessorImpl.java:43)
	at java.lang.reflect.Method.invoke(Method.java:498)
	at org.junit.runners.model.FrameworkMethod$1.runReflectiveCall(FrameworkMethod.java:50)
	at org.junit.internal.runners.model.ReflectiveCallable.run(ReflectiveCallable.java:12)
	at org.junit.runners.model.FrameworkMethod.invokeExplosively(FrameworkMethod.java:47)
	at org.junit.internal.runners.statements.InvokeMethod.evaluate(InvokeMethod.java:17)
	at org.junit.internal.runners.statements.FailOnTimeout$CallableStatement.call(FailOnTimeout.java:298)
	at org.junit.internal.runners.statements.FailOnTimeout$CallableStatement.call(FailOnTimeout.java:292)
	at java.util.concurrent.FutureTask.run(FutureTask.java:266)
	at java.lang.Thread.run(Thread.java:748)

[ERROR] org.apache.commons.codec.binary.binary_BinaryCodec_decode_Object_Test.testDecodeWithString -- Time elapsed: 0.001 s <<< FAILURE!
java.lang.AssertionError: array lengths differed, expected.length=3 actual.length=0
	at org.junit.Assert.fail(Assert.java:88)
	at org.junit.internal.ComparisonCriteria.assertArraysAreSameLength(ComparisonCriteria.java:76)
	at org.junit.internal.ComparisonCriteria.arrayEquals(ComparisonCriteria.java:37)
	at org.junit.Assert.internalArrayEquals(Assert.java:532)
	at org.junit.Assert.assertArrayEquals(Assert.java:341)
	at org.junit.Assert.assertArrayEquals(Assert.java:352)
	at org.apache.commons.codec.binary.binary_BinaryCodec_decode_Object_Test.testDecodeWithString(binary_BinaryCodec_decode_Object_Test.java:40)
	at sun.reflect.NativeMethodAccessorImpl.invoke0(Native Method)
	at sun.reflect.NativeMethodAccessorImpl.invoke(NativeMethodAccessorImpl.java:62)
	at sun.reflect.DelegatingMethodAccessorImpl.invoke(DelegatingMethodAccessorImpl.java:43)
	at java.lang.reflect.Method.invoke(Method.java:498)
	at org.junit.runners.model.FrameworkMethod$1.runReflectiveCall(FrameworkMethod.java:50)
	at org.junit.internal.runners.model.ReflectiveCallable.run(ReflectiveCallable.java:12)
	at org.junit.runners.model.FrameworkMethod.invokeExplosively(FrameworkMethod.java:47)
	at org.junit.internal.runners.statements.InvokeMethod.evaluate(InvokeMethod.java:17)
	at org.junit.internal.runners.statements.FailOnTimeout$CallableStatement.call(FailOnTimeout.java:298)
	at org.junit.internal.runners.statements.FailOnTimeout$CallableStatement.call(FailOnTimeout.java:292)
	at java.util.concurrent.FutureTask.run(FutureTask.java:266)
	at java.lang.Thread.run(Thread.java:748)

[ERROR] org.apache.commons.codec.binary.binary_BinaryCodec_decode_Object_Test.testDecodeWithCharArray -- Time elapsed: 0.001 s <<< FAILURE!
java.lang.AssertionError: array lengths differed, expected.length=3 actual.length=0
	at org.junit.Assert.fail(Assert.java:88)
	at org.junit.internal.ComparisonCriteria.assertArraysAreSameLength(ComparisonCriteria.java:76)
	at org.junit.internal.ComparisonCriteria.arrayEquals(ComparisonCriteria.java:37)
	at org.junit.Assert.internalArrayEquals(Assert.java:532)
	at org.junit.Assert.assertArrayEquals(Assert.java:341)
	at org.junit.Assert.assertArrayEquals(Assert.java:352)
	at org.apache.commons.codec.binary.binary_BinaryCodec_decode_Object_Test.testDecodeWithCharArray(binary_BinaryCodec_decode_Object_Test.java:32)
	at sun.reflect.NativeMethodAccessorImpl.invoke0(Native Method)
	at sun.reflect.NativeMethodAccessorImpl.invoke(NativeMethodAccessorImpl.java:62)
	at sun.reflect.DelegatingMethodAccessorImpl.invoke(DelegatingMethodAccessorImpl.java:43)
	at java.lang.reflect.Method.invoke(Method.java:498)
	at org.junit.runners.model.FrameworkMethod$1.runReflectiveCall(FrameworkMethod.java:50)
	at org.junit.internal.runners.model.ReflectiveCallable.run(ReflectiveCallable.java:12)
	at org.junit.runners.model.FrameworkMethod.invokeExplosively(FrameworkMethod.java:47)
	at org.junit.internal.runners.statements.InvokeMethod.evaluate(InvokeMethod.java:17)
	at org.junit.internal.runners.statements.FailOnTimeout$CallableStatement.call(FailOnTimeout.java:298)
	at org.junit.internal.runners.statements.FailOnTimeout$CallableStatement.call(FailOnTimeout.java:292)
	at java.util.concurrent.FutureTask.run(FutureTask.java:266)
	at java.lang.Thread.run(Thread.java:748)

[INFO] Running org.apache.commons.codec.binary.binary_Hex_toAlphabet_boolean_Test
[ERROR] Tests run: 2, Failures: 2, Errors: 0, Skipped: 0, Time elapsed: 0.006 s <<< FAILURE! -- in org.apache.commons.codec.binary.binary_Hex_toAlphabet_boolean_Test
[ERROR] org.apache.commons.codec.binary.binary_Hex_toAlphabet_boolean_Test.testToAlphabetLowerCase -- Time elapsed: 0.001 s <<< FAILURE!
java.lang.AssertionError: array lengths differed, expected.length=16 actual.length=0
	at org.junit.Assert.fail(Assert.java:88)
	at org.junit.internal.ComparisonCriteria.assertArraysAreSameLength(ComparisonCriteria.java:76)
	at org.junit.internal.ComparisonCriteria.arrayEquals(ComparisonCriteria.java:37)
	at org.junit.Assert.internalArrayEquals(Assert.java:532)
	at org.junit.Assert.assertArrayEquals(Assert.java:366)
	at org.junit.Assert.assertArrayEquals(Assert.java:377)
	at org.apache.commons.codec.binary.binary_Hex_toAlphabet_boolean_Test.testToAlphabetLowerCase(binary_Hex_toAlphabet_boolean_Test.java:15)
	at sun.reflect.NativeMethodAccessorImpl.invoke0(Native Method)
	at sun.reflect.NativeMethodAccessorImpl.invoke(NativeMethodAccessorImpl.java:62)
	at sun.reflect.DelegatingMethodAccessorImpl.invoke(DelegatingMethodAccessorImpl.java:43)
	at java.lang.reflect.Method.invoke(Method.java:498)
	at org.junit.runners.model.FrameworkMethod$1.runReflectiveCall(FrameworkMethod.java:50)
	at org.junit.internal.runners.model.ReflectiveCallable.run(ReflectiveCallable.java:12)
	at org.junit.runners.model.FrameworkMethod.invokeExplosively(FrameworkMethod.java:47)
	at org.junit.internal.runners.statements.InvokeMethod.evaluate(InvokeMethod.java:17)
	at org.junit.internal.runners.statements.FailOnTimeout$CallableStatement.call(FailOnTimeout.java:298)
	at org.junit.internal.runners.statements.FailOnTimeout$CallableStatement.call(FailOnTimeout.java:292)
	at java.util.concurrent.FutureTask.run(FutureTask.java:266)
	at java.lang.Thread.run(Thread.java:748)

[ERROR] org.apache.commons.codec.binary.binary_Hex_toAlphabet_boolean_Test.testToAlphabetUpperCase -- Time elapsed: 0.001 s <<< FAILURE!
java.lang.AssertionError: array lengths differed, expected.length=16 actual.length=0
	at org.junit.Assert.fail(Assert.java:88)
	at org.junit.internal.ComparisonCriteria.assertArraysAreSameLength(ComparisonCriteria.java:76)
	at org.junit.internal.ComparisonCriteria.arrayEquals(ComparisonCriteria.java:37)
	at org.junit.Assert.internalArrayEquals(Assert.java:532)
	at org.junit.Assert.assertArrayEquals(Assert.java:366)
	at org.junit.Assert.assertArrayEquals(Assert.java:377)
	at org.apache.commons.codec.binary.binary_Hex_toAlphabet_boolean_Test.testToAlphabetUpperCase(binary_Hex_toAlphabet_boolean_Test.java:22)
	at sun.reflect.NativeMethodAccessorImpl.invoke0(Native Method)
	at sun.reflect.NativeMethodAccessorImpl.invoke(NativeMethodAccessorImpl.java:62)
	at sun.reflect.DelegatingMethodAccessorImpl.invoke(DelegatingMethodAccessorImpl.java:43)
	at java.lang.reflect.Method.invoke(Method.java:498)
	at org.junit.runners.model.FrameworkMethod$1.runReflectiveCall(FrameworkMethod.java:50)
	at org.junit.internal.runners.model.ReflectiveCallable.run(ReflectiveCallable.java:12)
	at org.junit.runners.model.FrameworkMethod.invokeExplosively(FrameworkMethod.java:47)
	at org.junit.internal.runners.statements.InvokeMethod.evaluate(InvokeMethod.java:17)
	at org.junit.internal.runners.statements.FailOnTimeout$CallableStatement.call(FailOnTimeout.java:298)
	at org.junit.internal.runners.statements.FailOnTimeout$CallableStatement.call(FailOnTimeout.java:292)
	at java.util.concurrent.FutureTask.run(FutureTask.java:266)
	at java.lang.Thread.run(Thread.java:748)

[INFO] Running org.apache.commons.codec.binary.binary_BaseNCodec_ensureBufferSize_int_Context_Test
[ERROR] Tests run: 4, Failures: 2, Errors: 0, Skipped: 0, Time elapsed: 0.039 s <<< FAILURE! -- in org.apache.commons.codec.binary.binary_BaseNCodec_ensureBufferSize_int_Context_Test
[ERROR] org.apache.commons.codec.binary.binary_BaseNCodec_ensureBufferSize_int_Context_Test.testEnsureBufferSizeWithNullBuffer -- Time elapsed: 0.004 s <<< FAILURE!
java.lang.AssertionError: expected:<10> but was:<8192>
	at org.junit.Assert.fail(Assert.java:88)
	at org.junit.Assert.failNotEquals(Assert.java:834)
	at org.junit.Assert.assertEquals(Assert.java:645)
	at org.junit.Assert.assertEquals(Assert.java:631)
	at org.apache.commons.codec.binary.binary_BaseNCodec_ensureBufferSize_int_Context_Test.testEnsureBufferSizeWithNullBuffer(binary_BaseNCodec_ensureBufferSize_int_Context_Test.java:36)
	at sun.reflect.NativeMethodAccessorImpl.invoke0(Native Method)
	at sun.reflect.NativeMethodAccessorImpl.invoke(NativeMethodAccessorImpl.java:62)
	at sun.reflect.DelegatingMethodAccessorImpl.invoke(DelegatingMethodAccessorImpl.java:43)
	at java.lang.reflect.Method.invoke(Method.java:498)
	at org.junit.runners.model.FrameworkMethod$1.runReflectiveCall(FrameworkMethod.java:50)
	at org.junit.internal.runners.model.ReflectiveCallable.run(ReflectiveCallable.java:12)
	at org.junit.runners.model.FrameworkMethod.invokeExplosively(FrameworkMethod.java:47)
	at org.junit.internal.runners.statements.InvokeMethod.evaluate(InvokeMethod.java:17)
	at org.junit.internal.runners.statements.FailOnTimeout$CallableStatement.call(FailOnTimeout.java:298)
	at org.junit.internal.runners.statements.FailOnTimeout$CallableStatement.call(FailOnTimeout.java:292)
	at java.util.concurrent.FutureTask.run(FutureTask.java:266)
	at java.lang.Thread.run(Thread.java:748)

[ERROR] org.apache.commons.codec.binary.binary_BaseNCodec_ensureBufferSize_int_Context_Test.testEnsureBufferSizeWithInsufficientBuffer -- Time elapsed: 0.007 s <<< FAILURE!
java.lang.AssertionError
	at org.junit.Assert.fail(Assert.java:86)
	at org.junit.Assert.assertTrue(Assert.java:41)
	at org.junit.Assert.assertTrue(Assert.java:52)
	at org.apache.commons.codec.binary.binary_BaseNCodec_ensureBufferSize_int_Context_Test.testEnsureBufferSizeWithInsufficientBuffer(binary_BaseNCodec_ensureBufferSize_int_Context_Test.java:51)
	at sun.reflect.NativeMethodAccessorImpl.invoke0(Native Method)
	at sun.reflect.NativeMethodAccessorImpl.invoke(NativeMethodAccessorImpl.java:62)
	at sun.reflect.DelegatingMethodAccessorImpl.invoke(DelegatingMethodAccessorImpl.java:43)
	at java.lang.reflect.Method.invoke(Method.java:498)
	at org.junit.runners.model.FrameworkMethod$1.runReflectiveCall(FrameworkMethod.java:50)
	at org.junit.internal.runners.model.ReflectiveCallable.run(ReflectiveCallable.java:12)
	at org.junit.runners.model.FrameworkMethod.invokeExplosively(FrameworkMethod.java:47)
	at org.junit.internal.runners.statements.InvokeMethod.evaluate(InvokeMethod.java:17)
	at org.junit.internal.runners.statements.FailOnTimeout$CallableStatement.call(FailOnTimeout.java:298)
	at org.junit.internal.runners.statements.FailOnTimeout$CallableStatement.call(FailOnTimeout.java:292)
	at java.util.concurrent.FutureTask.run(FutureTask.java:266)
	at java.lang.Thread.run(Thread.java:748)

[INFO] Running org.apache.commons.codec.binary.binary_Base64_encodeBase64_byte_____boolean_boolean_int_Test
[INFO] Tests run: 3, Failures: 0, Errors: 0, Skipped: 0, Time elapsed: 0.003 s -- in org.apache.commons.codec.binary.binary_Base64_encodeBase64_byte_____boolean_boolean_int_Test
[INFO] Running org.apache.commons.codec.binary.binary_Base32_encode_byte_____int_int_Context_Test
[INFO] Tests run: 3, Failures: 0, Errors: 0, Skipped: 0, Time elapsed: 0.025 s -- in org.apache.commons.codec.binary.binary_Base32_encode_byte_____int_int_Context_Test
[INFO] Running org.apache.commons.codec.binary.binary_BinaryCodec_toByteArray_String_Test
[ERROR] Tests run: 2, Failures: 1, Errors: 0, Skipped: 0, Time elapsed: 0.009 s <<< FAILURE! -- in org.apache.commons.codec.binary.binary_BinaryCodec_toByteArray_String_Test
[ERROR] org.apache.commons.codec.binary.binary_BinaryCodec_toByteArray_String_Test.testToByteArray_ValidInput -- Time elapsed: 0.001 s <<< FAILURE!
java.lang.AssertionError: array lengths differed, expected.length=5 actual.length=0
	at org.junit.Assert.fail(Assert.java:88)
	at org.junit.internal.ComparisonCriteria.assertArraysAreSameLength(ComparisonCriteria.java:76)
	at org.junit.internal.ComparisonCriteria.arrayEquals(ComparisonCriteria.java:37)
	at org.junit.Assert.internalArrayEquals(Assert.java:532)
	at org.junit.Assert.assertArrayEquals(Assert.java:341)
	at org.junit.Assert.assertArrayEquals(Assert.java:352)
	at org.apache.commons.codec.binary.binary_BinaryCodec_toByteArray_String_Test.testToByteArray_ValidInput(binary_BinaryCodec_toByteArray_String_Test.java:22)
	at sun.reflect.NativeMethodAccessorImpl.invoke0(Native Method)
	at sun.reflect.NativeMethodAccessorImpl.invoke(NativeMethodAccessorImpl.java:62)
	at sun.reflect.DelegatingMethodAccessorImpl.invoke(DelegatingMethodAccessorImpl.java:43)
	at java.lang.reflect.Method.invoke(Method.java:498)
	at org.junit.runners.model.FrameworkMethod$1.runReflectiveCall(FrameworkMethod.java:50)
	at org.junit.internal.runners.model.ReflectiveCallable.run(ReflectiveCallable.java:12)
	at org.junit.runners.model.FrameworkMethod.invokeExplosively(FrameworkMethod.java:47)
	at org.junit.internal.runners.statements.InvokeMethod.evaluate(InvokeMethod.java:17)
	at org.junit.internal.runners.statements.FailOnTimeout$CallableStatement.call(FailOnTimeout.java:298)
	at org.junit.internal.runners.statements.FailOnTimeout$CallableStatement.call(FailOnTimeout.java:292)
	at java.util.concurrent.FutureTask.run(FutureTask.java:266)
	at java.lang.Thread.run(Thread.java:748)

[INFO] Running org.apache.commons.codec.binary.binary_Base64_isInAlphabet_byte_Test
[ERROR] Tests run: 5, Failures: 2, Errors: 0, Skipped: 0, Time elapsed: 0.025 s <<< FAILURE! -- in org.apache.commons.codec.binary.binary_Base64_isInAlphabet_byte_Test
[ERROR] org.apache.commons.codec.binary.binary_Base64_isInAlphabet_byte_Test.testIsInAlphabet_withOctetOutOfBounds -- Time elapsed: 0.001 s <<< FAILURE!
java.lang.AssertionError: Expected an ArrayIndexOutOfBoundsException to be thrown
	at org.junit.Assert.fail(Assert.java:88)
	at org.apache.commons.codec.binary.binary_Base64_isInAlphabet_byte_Test.testIsInAlphabet_withOctetOutOfBounds(binary_Base64_isInAlphabet_byte_Test.java:36)
	at sun.reflect.NativeMethodAccessorImpl.invoke0(Native Method)
	at sun.reflect.NativeMethodAccessorImpl.invoke(NativeMethodAccessorImpl.java:62)
	at sun.reflect.DelegatingMethodAccessorImpl.invoke(DelegatingMethodAccessorImpl.java:43)
	at java.lang.reflect.Method.invoke(Method.java:498)
	at org.junit.runners.model.FrameworkMethod$1.runReflectiveCall(FrameworkMethod.java:50)
	at org.junit.internal.runners.model.ReflectiveCallable.run(ReflectiveCallable.java:12)
	at org.junit.runners.model.FrameworkMethod.invokeExplosively(FrameworkMethod.java:47)
	at org.junit.internal.runners.statements.InvokeMethod.evaluate(InvokeMethod.java:17)
	at org.junit.internal.runners.statements.FailOnTimeout$CallableStatement.call(FailOnTimeout.java:298)
	at org.junit.internal.runners.statements.FailOnTimeout$CallableStatement.call(FailOnTimeout.java:292)
	at java.util.concurrent.FutureTask.run(FutureTask.java:266)
	at java.lang.Thread.run(Thread.java:748)

[ERROR] org.apache.commons.codec.binary.binary_Base64_isInAlphabet_byte_Test.testIsInAlphabet_withOctetInRange -- Time elapsed: 0.003 s <<< FAILURE!
java.lang.AssertionError
	at org.junit.Assert.fail(Assert.java:86)
	at org.junit.Assert.assertTrue(Assert.java:41)
	at org.junit.Assert.assertTrue(Assert.java:52)
	at org.apache.commons.codec.binary.binary_Base64_isInAlphabet_byte_Test.testIsInAlphabet_withOctetInRange(binary_Base64_isInAlphabet_byte_Test.java:29)
	at sun.reflect.NativeMethodAccessorImpl.invoke0(Native Method)
	at sun.reflect.NativeMethodAccessorImpl.invoke(NativeMethodAccessorImpl.java:62)
	at sun.reflect.DelegatingMethodAccessorImpl.invoke(DelegatingMethodAccessorImpl.java:43)
	at java.lang.reflect.Method.invoke(Method.java:498)
	at org.junit.runners.model.FrameworkMethod$1.runReflectiveCall(FrameworkMethod.java:50)
	at org.junit.internal.runners.model.ReflectiveCallable.run(ReflectiveCallable.java:12)
	at org.junit.runners.model.FrameworkMethod.invokeExplosively(FrameworkMethod.java:47)
	at org.junit.internal.runners.statements.InvokeMethod.evaluate(InvokeMethod.java:17)
	at org.junit.internal.runners.statements.FailOnTimeout$CallableStatement.call(FailOnTimeout.java:298)
	at org.junit.internal.runners.statements.FailOnTimeout$CallableStatement.call(FailOnTimeout.java:292)
	at java.util.concurrent.FutureTask.run(FutureTask.java:266)
	at java.lang.Thread.run(Thread.java:748)

[INFO] Running org.apache.commons.codec.binary.binary_BinaryCodec_toAsciiChars_byte_____Test
[ERROR] Tests run: 3, Failures: 1, Errors: 0, Skipped: 0, Time elapsed: 0.009 s <<< FAILURE! -- in org.apache.commons.codec.binary.binary_BinaryCodec_toAsciiChars_byte_____Test
[ERROR] org.apache.commons.codec.binary.binary_BinaryCodec_toAsciiChars_byte_____Test.testToAsciiCharsWithNonEmptyArray -- Time elapsed: 0.001 s <<< FAILURE!
java.lang.AssertionError: array lengths differed, expected.length=32 actual.length=24
	at org.junit.Assert.fail(Assert.java:88)
	at org.junit.internal.ComparisonCriteria.assertArraysAreSameLength(ComparisonCriteria.java:76)
	at org.junit.internal.ComparisonCriteria.arrayEquals(ComparisonCriteria.java:37)
	at org.junit.Assert.internalArrayEquals(Assert.java:532)
	at org.junit.Assert.assertArrayEquals(Assert.java:366)
	at org.junit.Assert.assertArrayEquals(Assert.java:377)
	at org.apache.commons.codec.binary.binary_BinaryCodec_toAsciiChars_byte_____Test.testToAsciiCharsWithNonEmptyArray(binary_BinaryCodec_toAsciiChars_byte_____Test.java:28)
	at sun.reflect.NativeMethodAccessorImpl.invoke0(Native Method)
	at sun.reflect.NativeMethodAccessorImpl.invoke(NativeMethodAccessorImpl.java:62)
	at sun.reflect.DelegatingMethodAccessorImpl.invoke(DelegatingMethodAccessorImpl.java:43)
	at java.lang.reflect.Method.invoke(Method.java:498)
	at org.junit.runners.model.FrameworkMethod$1.runReflectiveCall(FrameworkMethod.java:50)
	at org.junit.internal.runners.model.ReflectiveCallable.run(ReflectiveCallable.java:12)
	at org.junit.runners.model.FrameworkMethod.invokeExplosively(FrameworkMethod.java:47)
	at org.junit.internal.runners.statements.InvokeMethod.evaluate(InvokeMethod.java:17)
	at org.junit.internal.runners.statements.FailOnTimeout$CallableStatement.call(FailOnTimeout.java:298)
	at org.junit.internal.runners.statements.FailOnTimeout$CallableStatement.call(FailOnTimeout.java:292)
	at java.util.concurrent.FutureTask.run(FutureTask.java:266)
	at java.lang.Thread.run(Thread.java:748)

[INFO] Running org.apache.commons.codec.binary.binary_Base32_decodeTable_boolean_Test
[ERROR] Tests run: 2, Failures: 1, Errors: 0, Skipped: 0, Time elapsed: 0.008 s <<< FAILURE! -- in org.apache.commons.codec.binary.binary_Base32_decodeTable_boolean_Test
[ERROR] org.apache.commons.codec.binary.binary_Base32_decodeTable_boolean_Test.testDecodeTableWithoutHex -- Time elapsed: 0.001 s <<< FAILURE!
java.lang.AssertionError: array lengths differed, expected.length=0 actual.length=1
	at org.junit.Assert.fail(Assert.java:88)
	at org.junit.internal.ComparisonCriteria.assertArraysAreSameLength(ComparisonCriteria.java:76)
	at org.junit.internal.ComparisonCriteria.arrayEquals(ComparisonCriteria.java:37)
	at org.junit.Assert.internalArrayEquals(Assert.java:532)
	at org.junit.Assert.assertArrayEquals(Assert.java:341)
	at org.junit.Assert.assertArrayEquals(Assert.java:352)
	at org.apache.commons.codec.binary.binary_Base32_decodeTable_boolean_Test.testDecodeTableWithoutHex(binary_Base32_decodeTable_boolean_Test.java:22)
	at sun.reflect.NativeMethodAccessorImpl.invoke0(Native Method)
	at sun.reflect.NativeMethodAccessorImpl.invoke(NativeMethodAccessorImpl.java:62)
	at sun.reflect.DelegatingMethodAccessorImpl.invoke(DelegatingMethodAccessorImpl.java:43)
	at java.lang.reflect.Method.invoke(Method.java:498)
	at org.junit.runners.model.FrameworkMethod$1.runReflectiveCall(FrameworkMethod.java:50)
	at org.junit.internal.runners.model.ReflectiveCallable.run(ReflectiveCallable.java:12)
	at org.junit.runners.model.FrameworkMethod.invokeExplosively(FrameworkMethod.java:47)
	at org.junit.internal.runners.statements.InvokeMethod.evaluate(InvokeMethod.java:17)
	at org.junit.internal.runners.statements.FailOnTimeout$CallableStatement.call(FailOnTimeout.java:298)
	at org.junit.internal.runners.statements.FailOnTimeout$CallableStatement.call(FailOnTimeout.java:292)
	at java.util.concurrent.FutureTask.run(FutureTask.java:266)
	at java.lang.Thread.run(Thread.java:748)

[INFO] Running org.apache.commons.codec.binary.binary_BaseNCodecOutputStream_eof__Test
[INFO] Tests run: 2, Failures: 0, Errors: 0, Skipped: 0, Time elapsed: 0.002 s -- in org.apache.commons.codec.binary.binary_BaseNCodecOutputStream_eof__Test
[INFO] Running org.apache.commons.codec.binary.binary_Base64_validateCharacter_int_Context_Test
[ERROR] Tests run: 1, Failures: 1, Errors: 0, Skipped: 0, Time elapsed: 0.020 s <<< FAILURE! -- in org.apache.commons.codec.binary.binary_Base64_validateCharacter_int_Context_Test
[ERROR] org.apache.commons.codec.binary.binary_Base64_validateCharacter_int_Context_Test.testValidateCharacter_throwsIllegalArgumentException -- Time elapsed: 0.004 s <<< FAILURE!
java.lang.AssertionError: Expected IllegalArgumentException to be thrown
	at org.junit.Assert.fail(Assert.java:88)
	at org.apache.commons.codec.binary.binary_Base64_validateCharacter_int_Context_Test.testValidateCharacter_throwsIllegalArgumentException(binary_Base64_validateCharacter_int_Context_Test.java:26)
	at sun.reflect.NativeMethodAccessorImpl.invoke0(Native Method)
	at sun.reflect.NativeMethodAccessorImpl.invoke(NativeMethodAccessorImpl.java:62)
	at sun.reflect.DelegatingMethodAccessorImpl.invoke(DelegatingMethodAccessorImpl.java:43)
	at java.lang.reflect.Method.invoke(Method.java:498)
	at org.junit.runners.model.FrameworkMethod$1.runReflectiveCall(FrameworkMethod.java:50)
	at org.junit.internal.runners.model.ReflectiveCallable.run(ReflectiveCallable.java:12)
	at org.junit.runners.model.FrameworkMethod.invokeExplosively(FrameworkMethod.java:47)
	at org.junit.internal.runners.statements.InvokeMethod.evaluate(InvokeMethod.java:17)
	at org.junit.internal.runners.statements.FailOnTimeout$CallableStatement.call(FailOnTimeout.java:298)
	at org.junit.internal.runners.statements.FailOnTimeout$CallableStatement.call(FailOnTimeout.java:292)
	at java.util.concurrent.FutureTask.run(FutureTask.java:266)
	at java.lang.Thread.run(Thread.java:748)

[INFO] Running org.apache.commons.codec.binary.binary_Base16__init__boolean_byte_____CodecPolicy_Test
[INFO] Tests run: 2, Failures: 0, Errors: 0, Skipped: 0, Time elapsed: 0.003 s -- in org.apache.commons.codec.binary.binary_Base16__init__boolean_byte_____CodecPolicy_Test
[INFO] Running org.apache.commons.codec.binary.binary_Base32_validateCharacter_long_Context_Test
[ERROR] Tests run: 1, Failures: 1, Errors: 0, Skipped: 0, Time elapsed: 0.006 s <<< FAILURE! -- in org.apache.commons.codec.binary.binary_Base32_validateCharacter_long_Context_Test
[ERROR] org.apache.commons.codec.binary.binary_Base32_validateCharacter_long_Context_Test.testValidateCharacter_throwsIllegalArgumentException_whenStrictDecodingAndInvalidCharacter -- Time elapsed: 0.001 s <<< FAILURE!
java.lang.AssertionError: Expected IllegalArgumentException to be thrown
	at org.junit.Assert.fail(Assert.java:88)
	at org.apache.commons.codec.binary.binary_Base32_validateCharacter_long_Context_Test.testValidateCharacter_throwsIllegalArgumentException_whenStrictDecodingAndInvalidCharacter(binary_Base32_validateCharacter_long_Context_Test.java:23)
	at sun.reflect.NativeMethodAccessorImpl.invoke0(Native Method)
	at sun.reflect.NativeMethodAccessorImpl.invoke(NativeMethodAccessorImpl.java:62)
	at sun.reflect.DelegatingMethodAccessorImpl.invoke(DelegatingMethodAccessorImpl.java:43)
	at java.lang.reflect.Method.invoke(Method.java:498)
	at org.junit.runners.model.FrameworkMethod$1.runReflectiveCall(FrameworkMethod.java:50)
	at org.junit.internal.runners.model.ReflectiveCallable.run(ReflectiveCallable.java:12)
	at org.junit.runners.model.FrameworkMethod.invokeExplosively(FrameworkMethod.java:47)
	at org.junit.internal.runners.statements.InvokeMethod.evaluate(InvokeMethod.java:17)
	at org.junit.internal.runners.statements.FailOnTimeout$CallableStatement.call(FailOnTimeout.java:298)
	at org.junit.internal.runners.statements.FailOnTimeout$CallableStatement.call(FailOnTimeout.java:292)
	at java.util.concurrent.FutureTask.run(FutureTask.java:266)
	at java.lang.Thread.run(Thread.java:748)

[INFO] Running org.apache.commons.codec.binary.binary_BaseNCodec_getEncodedLength_byte_____Test
[INFO] Tests run: 1, Failures: 0, Errors: 0, Skipped: 0, Time elapsed: 0.005 s -- in org.apache.commons.codec.binary.binary_BaseNCodec_getEncodedLength_byte_____Test
[INFO] Running org.apache.commons.codec.binary.binary_StringUtils_newString_byte_____String_Test
[INFO] Tests run: 3, Failures: 0, Errors: 0, Skipped: 0, Time elapsed: 0.012 s -- in org.apache.commons.codec.binary.binary_StringUtils_newString_byte_____String_Test
[INFO] Running org.apache.commons.codec.binary.binary_StringUtils_getBytesUnchecked_String_String_Test
[INFO] Tests run: 3, Failures: 0, Errors: 0, Skipped: 0, Time elapsed: 0.009 s -- in org.apache.commons.codec.binary.binary_StringUtils_getBytesUnchecked_String_String_Test
[INFO] Running org.apache.commons.codec.binary.binary_BaseNCodecInputStream__init__InputStream_BaseNCodec_boolean_Test
[INFO] Tests run: 3, Failures: 0, Errors: 0, Skipped: 0, Time elapsed: 0.025 s -- in org.apache.commons.codec.binary.binary_BaseNCodecInputStream__init__InputStream_BaseNCodec_boolean_Test
[INFO] 
[INFO] Results:
[INFO] 
[ERROR] Failures: 
[ERROR]   StringEncoderComparator_compare_Object_Object_Test.testCompare_EncoderException:47 Should not throw EncoderException expected:<true> but was:<false>
[ERROR]   binary_Base16_decodeOctet_byte_Test.testDecodeOctet_InvalidOctet:35 Reflection failed: null
[ERROR]   binary_Base16_decodeOctet_byte_Test.testDecodeOctet_ValidOctet:19 Reflection failed: null
[ERROR]   binary_Base32_decodeTable_boolean_Test.testDecodeTableWithoutHex:22 array lengths differed, expected.length=0 actual.length=1
[ERROR]   binary_Base32_validateCharacter_long_Context_Test.testValidateCharacter_throwsIllegalArgumentException_whenStrictDecodingAndInvalidCharacter:23 Expected IllegalArgumentException to be thrown
[ERROR]   binary_Base64_isInAlphabet_byte_Test.testIsInAlphabet_withOctetInRange:29
[ERROR]   binary_Base64_isInAlphabet_byte_Test.testIsInAlphabet_withOctetOutOfBounds:36 Expected an ArrayIndexOutOfBoundsException to be thrown
[ERROR]   binary_Base64_validateCharacter_int_Context_Test.testValidateCharacter_throwsIllegalArgumentException:26 Expected IllegalArgumentException to be thrown
[ERROR]   binary_BaseNCodec_ensureBufferSize_int_Context_Test.testEnsureBufferSizeWithInsufficientBuffer:51
[ERROR]   binary_BaseNCodec_ensureBufferSize_int_Context_Test.testEnsureBufferSizeWithNullBuffer:36 expected:<10> but was:<8192>
[ERROR]   binary_BinaryCodec_decode_Object_Test.testDecodeWithByteArray:24 array lengths differed, expected.length=3 actual.length=0
[ERROR]   binary_BinaryCodec_decode_Object_Test.testDecodeWithCharArray:32 array lengths differed, expected.length=3 actual.length=0
[ERROR]   binary_BinaryCodec_decode_Object_Test.testDecodeWithString:40 array lengths differed, expected.length=3 actual.length=0
[ERROR]   binary_BinaryCodec_fromAscii_char_____Test.testFromAscii_InvalidInput:38 Expected an exception to be thrown for invalid input
[ERROR]   binary_BinaryCodec_fromAscii_char_____Test.testFromAscii_ValidInput:29 array lengths differed, expected.length=0 actual.length=1
[ERROR]   binary_BinaryCodec_toAsciiChars_byte_____Test.testToAsciiCharsWithNonEmptyArray:28 array lengths differed, expected.length=32 actual.length=24
[ERROR]   binary_BinaryCodec_toByteArray_String_Test.testToByteArray_ValidInput:22 array lengths differed, expected.length=5 actual.length=0
[ERROR]   binary_Hex_toAlphabet_boolean_Test.testToAlphabetLowerCase:15 array lengths differed, expected.length=16 actual.length=0
[ERROR]   binary_Hex_toAlphabet_boolean_Test.testToAlphabetUpperCase:22 array lengths differed, expected.length=16 actual.length=0
[ERROR]   cli_Digest_println_String_byte_____String_Test.testPrintlnWithNullDigest:55 Expected an exception to be thrown
[ERROR]   digest_B64_b64from24bit_byte_byte_byte_int_StringBuilder_Test.testB64from24bit:20 expected:<[expectedBase64String]> but was:<[Jduz]>
[ERROR]   digest_B64_b64from24bit_byte_byte_byte_int_StringBuilder_Test.testB64from24bitWithNegativeOutLen:33 Expected an exception to be thrown
[ERROR]   digest_DigestUtils_isAvailable_String_Test.testIsAvailableWithNullAlgorithm:22 Expected an exception to be thrown for null algorithm
[ERROR]   digest_MurmurHash2_hash64_byte_____int_int_Test.testHash64:17 expected:<123456789> but was:<-3086945044838393839>
[ERROR]   digest_MurmurHash2_hash64_byte_____int_int_Test.testHash64WithZeroLength:27 expected:<123456789> but was:<-7565064217037800332>
[ERROR]   digest_MurmurHash3_hash64_byte_____int_int_int_Test.testHash64_EmptyArray:29 expected:<0> but was:<1716623506685013753>
[ERROR]   digest_MurmurHash3_hash64_byte_____int_int_int_Test.testHash64_ValidInput:17 expected:<1234567890123456789> but was:<-92229325712024163>
[ERROR]   digest_XXHash32_getValue__Test.testGetValue_withException:31 Expected an exception to be thrown
[ERROR]   language_AbstractCaverphone_encode_Object_Test.testEncode_NonStringInput Expected exception: org.apache.commons.codec.EncoderException
[ERROR]   language_Caverphone2_encode_String_Test.testEncodeWithFinalE:45 expected:<[expected_output]> but was:<[AKMPLA1111]>
[ERROR]   language_Caverphone2_encode_String_Test.testEncodeWithNormalString:29 expected:<[expected_output]> but was:<[AKMPA11111]>
[ERROR]   language_Caverphone2_encode_String_Test.testEncodeWithSpecialCharacters:37 expected:<[expected_output]> but was:<[AKMPA11111]>
[ERROR]   language_DaitchMokotoffSoundex_encode_String_Test.testEncode_ValidInput:19 expected:<[E251]> but was:<[054678]>
[ERROR]   language_DoubleMetaphone_conditionCH0_String_int_Test.testConditionCH0_ContainsTrue:24
[ERROR]   language_DoubleMetaphone_conditionM0_String_int_Test.testConditionM0_IndexOutOfBounds:30 Expected an IndexOutOfBoundsException to be thrown
[ERROR]   language_DoubleMetaphone_conditionM0_String_int_Test.testConditionM0_TrueCase:14
[ERROR]   language_MatchRatingApproachEncoder_encode_String_Test.testEncode_CleanName:39 expected:<J[hn]D> but was:<J[HN]D>
[ERROR]   language_MatchRatingApproachEncoder_encode_String_Test.testEncode_DoubleConsonants:46 expected:<B[by]> but was:<B[BY]>
[ERROR]   language_MatchRatingApproachEncoder_removeVowels_String_Test.testRemoveVowels_WithAllVowels:25 expected:<[]> but was:<[A]>
[ERROR]   language_MatchRatingApproachEncoder_removeVowels_String_Test.testRemoveVowels_WithConsonantFirstLetter:18 expected:<B[]b> but was:<B[o]b>
[ERROR]   language_MatchRatingApproachEncoder_removeVowels_String_Test.testRemoveVowels_WithSpaces:39 expected:<[B C]> but was:<[ B C  ]>
[ERROR]   language_MatchRatingApproachEncoder_removeVowels_String_Test.testRemoveVowels_WithVowelFirstLetter:11 expected:<Al[c]> but was:<Al[ice]>
[ERROR]   language_RefinedSoundex_encode_Object_Test.testEncodeWithInvalidType:32 Expected ClassCastException to be thrown, but got a different exception
[ERROR]   language_RefinedSoundex_encode_Object_Test.testEncodeWithNull:40 Expected EncoderException to be thrown
[ERROR]   language_RefinedSoundex_getMappingCode_char_Test.testGetMappingCode_withOutOfBoundsCharacter:35 expected:<0> but was:<53>
[ERROR]   language_RefinedSoundex_soundex_String_Test.testSoundexWithRepeatedCharacters:31 expected:<R[163]> but was:<R[901096]>
[ERROR]   language_RefinedSoundex_soundex_String_Test.testSoundexWithSpecialCharacters:37 expected:<O[2525]> but was:<O[030809]>
[ERROR]   language_RefinedSoundex_soundex_String_Test.testSoundexWithValidInput:25 expected:<R[163]> but was:<R[901096]>
[ERROR]   net_BCodec_decode_String_Test.testDecode_IllegalArgumentException:39
[ERROR]   net_BCodec_decode_String_Test.testDecode_UnsupportedEncodingException:27
[ERROR]   net_BCodec_encode_Object_Test.testEncodeWithStringValue:22 expected:<[testString]> but was:<[=?UTF-8?B?dGVzdFN0cmluZw==?=]>
[ERROR]   net_BCodec_encode_String_String_Test.testEncode_UnsupportedCharset:24 expected:<[Unsupported charset: ]INVALID_CHARSET> but was:<[]INVALID_CHARSET>
[ERROR]   net_BCodec_isStrictDecoding__Test.testIsStrictDecodingWhenStrict:13
[ERROR]   net_PercentCodec_encode_byte_____Test.testEncode_WithEncoding:36 array lengths differed, expected.length=2 actual.length=1
[ERROR]   net_PercentCodec_expectedEncodingBytes_byte_____Test.testExpectedEncodingBytesWithSpecialCharacters:25 expected:<9> but was:<3>
[ERROR]   net_PercentCodec_insertAlwaysEncodeChar_byte_Test.testInsertAlwaysEncodeChar_NegativeByte:41 Unexpected exception: null
[ERROR]   net_QCodec_encode_String_String_Test.testEncode_UnsupportedCharset:24 expected:<[Unsupported charset: ]INVALID_CHARSET> but was:<[]INVALID_CHARSET>
[ERROR]   net_RFC1522Codec_encodeText_String_String_Test.testEncodeText_ValidInput:40 expected:<[ExpectedOutput]> but was:<[=?UTF-8?UTF-8?Hello?=]>
[ERROR]   net_URLCodec_encodeUrl_BitSet_byte_____Test.testEncodeUrlWithUnsafeCharacters:44 arrays first differed at element [2]; expected:<48> but was:<54>
[ERROR]   net_URLCodec_encode_String_Test.testEncode_ValidInput:22 expected:<test[%20]string> but was:<test[+]string>
[ERROR] Errors: 
[ERROR]   StringEncoderComparator_compare_Object_Object_Test.testCompare_EqualComparableObjects:24 » NullPointer
[ERROR]   StringEncoderComparator_compare_Object_Object_Test.testCompare_NullObjects:32 » NullPointer
[ERROR]   StringEncoderComparator_compare_Object_Object_Test.testCompare_ValidComparableObjects:15 » NullPointer
[ERROR]   binary_Base16_decode_byte_____int_int_Context_Test.testDecodeWithHalfByte:64 » IllegalArgument Invalid octet in encoded value: 26
[ERROR]   binary_Base16_decode_byte_____int_int_Context_Test.testDecodeWithValidData:17 » IllegalArgument Invalid octet in encoded value: 26
[ERROR]   digest_DigestUtils_updateDigest_MessageDigest_Path_OpenOption_____Test.testUpdateDigest_ValidInput:23 » NoSuchFile src/test/resources/testfile.txt
[ERROR]   digest_HmacUtils_hmac_File_Test.testHmac_ValidFile:13 » FileNotFound path/to/valid/file.txt (No such file or directory)
[ERROR]   digest_Md5Crypt_apr1Crypt_byte_____String_Test.testApr1CryptWithEmptySalt:30 » IllegalArgument Invalid salt value: $apr1$
[ERROR]   digest_MurmurHash3_hash32x86_byte_____int_int_int_Test.testHash32x86_ExceedingLength:55 » ArrayIndexOutOfBounds 5
[ERROR]   digest_MurmurHash3_hash32x86_byte_____int_int_int_Test.testHash32x86_NegativeOffset:40 » ArrayIndexOutOfBounds -1
[ERROR]   digest_MurmurHash3_hash64_byte_____int_int_int_Test.testHash64_NegativeLength:70 » ArrayIndexOutOfBounds -2
[ERROR]   digest_MurmurHash3_hash64_byte_____int_int_int_Test.testHash64_NegativeOffset:40 » ArrayIndexOutOfBounds -1
[ERROR]   digest_Sha2Crypt_sha256Crypt_byte_____String_Random_Test.testSha256CryptWithEmptyKey:32 » IllegalArgument Invalid salt value: validSalt
[ERROR]   digest_Sha2Crypt_sha256Crypt_byte_____String_Random_Test.testSha256CryptWithValidSalt:23 » IllegalArgument Invalid salt value: validSalt
[ERROR]   digest_Sha2Crypt_sha512Crypt_byte_____String_Random_Test.testSha512CryptWithEmptySalt:32 » IllegalArgument Invalid salt value: 
[ERROR]   digest_Sha2Crypt_sha512Crypt_byte_____String_Random_Test.testSha512CryptWithValidSalt:23 » IllegalArgument Invalid salt value: validSalt
[ERROR]   digest_Sha2Crypt_sha512Crypt_byte_____String_Test.testSha512CryptWithEmptySalt:31 » IllegalArgument Invalid salt value: 
[ERROR]   language_bm_BeiderMorseEncoder_encode_String_Test.testEncode_EmptyInput:30 » TestTimedOut test timed out after 4000 milliseconds
[ERROR]   language_bm_BeiderMorseEncoder_encode_String_Test.testEncode_ThrowsEncoderException:39 » TestTimedOut test timed out after 4000 milliseconds
[ERROR]   language_bm_BeiderMorseEncoder_encode_String_Test.testEncode_ValidInput:22 » TestTimedOut test timed out after 4000 milliseconds
[ERROR]   language_DoubleMetaphone_conditionCH0_String_int_Test.testConditionCH0_ExceptionHandling:37->testConditionCH0:52 Runtime java.lang.reflect.InvocationTargetException
[ERROR]   language_DoubleMetaphone_conditionM0_String_int_Test.testConditionM0_EmptyString:40 » IndexOutOfBounds
[ERROR]   language_MatchRatingApproachEncoder_removeVowels_String_Test.testRemoveVowels_WithEmptyString:31 » StringIndexOutOfBounds String index out of range: 1
[ERROR]   net_BCodec_decode_String_Test.testDecode_ValidInput:16 » Decoder RFC 1522 violation: malformed encoded content
[ERROR]   net_PercentCodec_doEncode_byte_____int_boolean_Test.testDoEncodeWithInvalidExpectedLength:53->invokeDoEncode:68 Runtime java.lang.reflect.InvocationTargetException
[ERROR]   net_PercentCodec_doEncode_byte_____int_boolean_Test.testDoEncodeWithNullInput:39->invokeDoEncode:68 Runtime java.lang.reflect.InvocationTargetException
[ERROR]   net_QCodec_decode_Object_Test.testDecodeWithString:20 » Decoder RFC 1522 violation: malformed encoded content
[ERROR]   net_QCodec_decode_String_Test.testDecode_ValidInput:15 » Decoder RFC 1522 violation: malformed encoded content
[ERROR]   net_RFC1522Codec_encodeText_String_String_Test.testEncodeText_InvalidCharset:46 » UnsupportedCharset InvalidCharset
[INFO] 
[ERROR] Tests run: 332, Failures: 60, Errors: 29, Skipped: 0
[INFO] 
[ERROR] There are test failures.

Please refer to /Users/dianshuliao/Documents/Research/Knowledge_Distillation_for_LLM_Test_Gen/UnitTestGeneration/saved_data/TenJavaProjects/commons-codec-master/target/surefire-reports for the individual test results.
Please refer to dump files (if any exist) [date].dump, [date]-jvmRun[N].dump and [date].dumpstream.
[INFO] ------------------------------------------------------------------------
[INFO] BUILD SUCCESS
[INFO] ------------------------------------------------------------------------
[INFO] Total time:  30.392 s
[INFO] Finished at: 2025-04-29T02:32:34+10:00
[INFO] ------------------------------------------------------------------------
